2022-09-17_09-40-37 [restartedMain] INFO  com.mfpe.plant.PlantApplication - Starting PlantApplication using Java 18.0.1.1 on DESKTOP-VT00VGQ with PID 2116 (C:\Users\HP\OneDrive\Documents\.cognizant\MFPE\testing mfpe\plant\target\classes started by HP in C:\Users\HP\OneDrive\Documents\.cognizant\MFPE\testing mfpe\plant)
2022-09-17_09-40-37 [restartedMain] INFO  com.mfpe.plant.PlantApplication - No active profile set, falling back to default profiles: default
2022-09-17_09-40-37 [restartedMain] INFO  o.s.b.d.e.DevToolsPropertyDefaultsPostProcessor - Devtools property defaults active! Set 'spring.devtools.add-properties' to 'false' to disable
2022-09-17_09-40-37 [restartedMain] INFO  o.s.b.d.e.DevToolsPropertyDefaultsPostProcessor - For additional web related logging consider setting the 'logging.level.web' property to 'DEBUG'
2022-09-17_09-40-37 [restartedMain] INFO  o.s.d.r.c.RepositoryConfigurationDelegate - Bootstrapping Spring Data JPA repositories in DEFAULT mode.
2022-09-17_09-40-37 [restartedMain] INFO  o.s.d.r.c.RepositoryConfigurationDelegate - Finished Spring Data repository scanning in 72 ms. Found 3 JPA repository interfaces.
2022-09-17_09-40-37 [restartedMain] INFO  o.s.cloud.context.scope.GenericScope - BeanFactory id=99b64d56-911e-39d6-977c-5b359db48d2c
2022-09-17_09-40-37 [restartedMain] INFO  o.s.b.w.e.tomcat.TomcatWebServer - Tomcat initialized with port(s): 8082 (http)
2022-09-17_09-40-37 [restartedMain] INFO  o.a.coyote.http11.Http11NioProtocol - Initializing ProtocolHandler ["http-nio-8082"]
2022-09-17_09-40-37 [restartedMain] INFO  o.a.catalina.core.StandardService - Starting service [Tomcat]
2022-09-17_09-40-37 [restartedMain] INFO  o.a.catalina.core.StandardEngine - Starting Servlet engine: [Apache Tomcat/9.0.41]
2022-09-17_09-40-37 [restartedMain] INFO  o.a.c.c.C.[.[localhost].[/plantapp] - Initializing Spring embedded WebApplicationContext
2022-09-17_09-40-37 [restartedMain] INFO  o.s.b.w.s.c.ServletWebServerApplicationContext - Root WebApplicationContext: initialization completed in 2853 ms
2022-09-17_09-40-37 [restartedMain] INFO  com.zaxxer.hikari.HikariDataSource - HikariPool-1 - Starting...
2022-09-17_09-40-37 [restartedMain] INFO  com.zaxxer.hikari.HikariDataSource - HikariPool-1 - Start completed.
2022-09-17_09-40-37 [restartedMain] INFO  o.s.b.a.h.H2ConsoleAutoConfiguration - H2 console available at '/h2-console'. Database available at 'jdbc:h2:mem:testdb'
2022-09-17_09-40-37 [restartedMain] INFO  o.h.jpa.internal.util.LogHelper - HHH000204: Processing PersistenceUnitInfo [name: default]
2022-09-17_09-40-37 [restartedMain] INFO  org.hibernate.Version - HHH000412: Hibernate ORM core version 5.4.27.Final
2022-09-17_09-40-37 [restartedMain] INFO  o.h.annotations.common.Version - HCANN000001: Hibernate Commons Annotations {5.1.2.Final}
2022-09-17_09-40-37 [restartedMain] INFO  org.hibernate.dialect.Dialect - HHH000400: Using dialect: org.hibernate.dialect.H2Dialect
2022-09-17_09-40-37 [restartedMain] INFO  o.h.e.t.j.p.i.JtaPlatformInitiator - HHH000490: Using JtaPlatform implementation: [org.hibernate.engine.transaction.jta.platform.internal.NoJtaPlatform]
2022-09-17_09-40-37 [restartedMain] INFO  o.s.o.j.LocalContainerEntityManagerFactoryBean - Initialized JPA EntityManagerFactory for persistence unit 'default'
2022-09-17_09-40-37 [restartedMain] INFO  o.s.b.d.a.OptionalLiveReloadServer - LiveReload server is running on port 35729
2022-09-17_09-40-37 [restartedMain] INFO  s.d.s.w.PropertySourcedRequestMappingHandlerMapping - Mapped URL path [/v2/api-docs] onto method [springfox.documentation.swagger2.web.Swagger2Controller#getDocumentation(String, HttpServletRequest)]
2022-09-17_09-40-37 [restartedMain] INFO  o.s.s.c.ThreadPoolTaskExecutor - Initializing ExecutorService 'applicationTaskExecutor'
2022-09-17_09-40-37 [restartedMain] INFO  o.a.coyote.http11.Http11NioProtocol - Starting ProtocolHandler ["http-nio-8082"]
2022-09-17_09-40-37 [restartedMain] INFO  o.s.b.w.e.tomcat.TomcatWebServer - Tomcat started on port(s): 8082 (http) with context path '/plantapp'
2022-09-17_09-40-37 [restartedMain] INFO  s.d.s.w.p.DocumentationPluginsBootstrapper - Context refreshed
2022-09-17_09-40-37 [restartedMain] INFO  s.d.s.w.p.DocumentationPluginsBootstrapper - Found 1 custom documentation plugin(s)
2022-09-17_09-40-37 [restartedMain] INFO  s.d.s.w.s.ApiListingReferenceScanner - Scanning for api listing references
2022-09-17_09-40-37 [restartedMain] INFO  com.mfpe.plant.PlantApplication - Started PlantApplication in 7.354 seconds (JVM running for 8.18)
2022-09-17_09-40-37 [http-nio-8082-exec-1] INFO  o.a.c.c.C.[.[localhost].[/plantapp] - Initializing Spring DispatcherServlet 'dispatcherServlet'
2022-09-17_09-40-37 [http-nio-8082-exec-1] INFO  o.s.web.servlet.DispatcherServlet - Initializing Servlet 'dispatcherServlet'
2022-09-17_09-40-37 [http-nio-8082-exec-1] INFO  o.s.web.servlet.DispatcherServlet - Completed initialization in 2 ms
2022-09-17_09-40-37 [http-nio-8082-exec-5] INFO  com.mfpe.plant.service.PlantService - Inside viewPartsReorderof service
2022-09-17_09-40-37 [http-nio-8082-exec-5] INFO  com.mfpe.plant.service.PlantService - [Part details:]
2022-09-17_09-40-37 [Thread-6] INFO  o.s.s.c.ThreadPoolTaskExecutor - Shutting down ExecutorService 'applicationTaskExecutor'
2022-09-17_09-40-37 [Thread-6] INFO  o.s.o.j.LocalContainerEntityManagerFactoryBean - Closing JPA EntityManagerFactory for persistence unit 'default'
2022-09-17_09-40-37 [Thread-6] INFO  o.h.t.s.i.SchemaDropperImpl$DelayedDropActionImpl - HHH000477: Starting delayed evictData of schema as part of SessionFactory shut-down'
2022-09-17_09-40-37 [Thread-6] INFO  com.zaxxer.hikari.HikariDataSource - HikariPool-1 - Shutdown initiated...
2022-09-17_09-40-37 [Thread-6] INFO  com.zaxxer.hikari.HikariDataSource - HikariPool-1 - Shutdown completed.
2022-09-17_10-20-05 [restartedMain] INFO  com.mfpe.plant.PlantApplication - Starting PlantApplication using Java 18.0.1.1 on DESKTOP-VT00VGQ with PID 2116 (C:\Users\HP\OneDrive\Documents\.cognizant\MFPE\testing mfpe\plant\target\classes started by HP in C:\Users\HP\OneDrive\Documents\.cognizant\MFPE\testing mfpe\plant)
2022-09-17_10-20-05 [restartedMain] INFO  com.mfpe.plant.PlantApplication - No active profile set, falling back to default profiles: default
2022-09-17_10-20-05 [restartedMain] INFO  o.s.d.r.c.RepositoryConfigurationDelegate - Bootstrapping Spring Data JPA repositories in DEFAULT mode.
2022-09-17_10-20-05 [restartedMain] INFO  o.s.d.r.c.RepositoryConfigurationDelegate - Finished Spring Data repository scanning in 50 ms. Found 3 JPA repository interfaces.
2022-09-17_10-20-05 [restartedMain] INFO  o.s.cloud.context.scope.GenericScope - BeanFactory id=99b64d56-911e-39d6-977c-5b359db48d2c
2022-09-17_10-20-05 [restartedMain] INFO  o.s.b.w.e.tomcat.TomcatWebServer - Tomcat initialized with port(s): 8082 (http)
2022-09-17_10-20-05 [restartedMain] INFO  o.a.coyote.http11.Http11NioProtocol - Initializing ProtocolHandler ["http-nio-8082"]
2022-09-17_10-20-05 [restartedMain] INFO  o.a.catalina.core.StandardService - Starting service [Tomcat]
2022-09-17_10-20-05 [restartedMain] INFO  o.a.catalina.core.StandardEngine - Starting Servlet engine: [Apache Tomcat/9.0.41]
2022-09-17_10-20-05 [restartedMain] INFO  o.a.c.c.C.[.[localhost].[/plantapp] - Initializing Spring embedded WebApplicationContext
2022-09-17_10-20-05 [restartedMain] INFO  o.s.b.w.s.c.ServletWebServerApplicationContext - Root WebApplicationContext: initialization completed in 1476 ms
2022-09-17_10-20-05 [restartedMain] INFO  com.zaxxer.hikari.HikariDataSource - HikariPool-2 - Starting...
2022-09-17_10-20-05 [restartedMain] INFO  com.zaxxer.hikari.HikariDataSource - HikariPool-2 - Start completed.
2022-09-17_10-20-05 [restartedMain] INFO  o.s.b.a.h.H2ConsoleAutoConfiguration - H2 console available at '/h2-console'. Database available at 'jdbc:h2:mem:testdb'
2022-09-17_10-20-05 [restartedMain] INFO  o.h.jpa.internal.util.LogHelper - HHH000204: Processing PersistenceUnitInfo [name: default]
2022-09-17_10-20-05 [restartedMain] INFO  org.hibernate.dialect.Dialect - HHH000400: Using dialect: org.hibernate.dialect.H2Dialect
2022-09-17_10-20-05 [restartedMain] INFO  o.h.e.t.j.p.i.JtaPlatformInitiator - HHH000490: Using JtaPlatform implementation: [org.hibernate.engine.transaction.jta.platform.internal.NoJtaPlatform]
2022-09-17_10-20-05 [restartedMain] INFO  o.s.o.j.LocalContainerEntityManagerFactoryBean - Initialized JPA EntityManagerFactory for persistence unit 'default'
2022-09-17_10-20-05 [restartedMain] INFO  o.s.b.d.a.OptionalLiveReloadServer - LiveReload server is running on port 35729
2022-09-17_10-20-05 [restartedMain] INFO  s.d.s.w.PropertySourcedRequestMappingHandlerMapping - Mapped URL path [/v2/api-docs] onto method [springfox.documentation.swagger2.web.Swagger2Controller#getDocumentation(String, HttpServletRequest)]
2022-09-17_10-20-05 [restartedMain] INFO  o.s.s.c.ThreadPoolTaskExecutor - Initializing ExecutorService 'applicationTaskExecutor'
2022-09-17_10-20-05 [restartedMain] INFO  o.a.coyote.http11.Http11NioProtocol - Starting ProtocolHandler ["http-nio-8082"]
2022-09-17_10-20-05 [restartedMain] INFO  o.s.b.w.e.tomcat.TomcatWebServer - Tomcat started on port(s): 8082 (http) with context path '/plantapp'
2022-09-17_10-20-05 [restartedMain] INFO  s.d.s.w.p.DocumentationPluginsBootstrapper - Context refreshed
2022-09-17_10-20-05 [restartedMain] INFO  s.d.s.w.p.DocumentationPluginsBootstrapper - Found 1 custom documentation plugin(s)
2022-09-17_10-20-05 [restartedMain] INFO  s.d.s.w.s.ApiListingReferenceScanner - Scanning for api listing references
2022-09-17_10-20-05 [restartedMain] INFO  com.mfpe.plant.PlantApplication - Started PlantApplication in 2.941 seconds (JVM running for 2371.851)
2022-09-17_10-20-05 [restartedMain] INFO  o.s.b.d.a.ConditionEvaluationDeltaLoggingListener - Condition evaluation unchanged
2022-09-17_10-20-05 [Thread-11] INFO  o.s.s.c.ThreadPoolTaskExecutor - Shutting down ExecutorService 'applicationTaskExecutor'
2022-09-17_10-20-05 [Thread-11] INFO  o.s.o.j.LocalContainerEntityManagerFactoryBean - Closing JPA EntityManagerFactory for persistence unit 'default'
2022-09-17_10-20-05 [Thread-11] INFO  o.h.t.s.i.SchemaDropperImpl$DelayedDropActionImpl - HHH000477: Starting delayed evictData of schema as part of SessionFactory shut-down'
2022-09-17_10-20-05 [Thread-11] INFO  com.zaxxer.hikari.HikariDataSource - HikariPool-2 - Shutdown initiated...
2022-09-17_10-20-05 [Thread-11] INFO  com.zaxxer.hikari.HikariDataSource - HikariPool-2 - Shutdown completed.
2022-09-17_10-20-17 [restartedMain] INFO  com.mfpe.plant.PlantApplication - Starting PlantApplication using Java 18.0.1.1 on DESKTOP-VT00VGQ with PID 2116 (C:\Users\HP\OneDrive\Documents\.cognizant\MFPE\testing mfpe\plant\target\classes started by HP in C:\Users\HP\OneDrive\Documents\.cognizant\MFPE\testing mfpe\plant)
2022-09-17_10-20-17 [restartedMain] INFO  com.mfpe.plant.PlantApplication - No active profile set, falling back to default profiles: default
2022-09-17_10-20-17 [restartedMain] INFO  o.s.d.r.c.RepositoryConfigurationDelegate - Bootstrapping Spring Data JPA repositories in DEFAULT mode.
2022-09-17_10-20-17 [restartedMain] INFO  o.s.d.r.c.RepositoryConfigurationDelegate - Finished Spring Data repository scanning in 17 ms. Found 3 JPA repository interfaces.
2022-09-17_10-20-17 [restartedMain] INFO  o.s.cloud.context.scope.GenericScope - BeanFactory id=99b64d56-911e-39d6-977c-5b359db48d2c
2022-09-17_10-20-17 [restartedMain] INFO  o.s.b.w.e.tomcat.TomcatWebServer - Tomcat initialized with port(s): 8082 (http)
2022-09-17_10-20-17 [restartedMain] INFO  o.a.coyote.http11.Http11NioProtocol - Initializing ProtocolHandler ["http-nio-8082"]
2022-09-17_10-20-17 [restartedMain] INFO  o.a.catalina.core.StandardService - Starting service [Tomcat]
2022-09-17_10-20-17 [restartedMain] INFO  o.a.catalina.core.StandardEngine - Starting Servlet engine: [Apache Tomcat/9.0.41]
2022-09-17_10-20-17 [restartedMain] INFO  o.a.c.c.C.[.[localhost].[/plantapp] - Initializing Spring embedded WebApplicationContext
2022-09-17_10-20-17 [restartedMain] INFO  o.s.b.w.s.c.ServletWebServerApplicationContext - Root WebApplicationContext: initialization completed in 539 ms
2022-09-17_10-20-17 [restartedMain] INFO  com.zaxxer.hikari.HikariDataSource - HikariPool-3 - Starting...
2022-09-17_10-20-17 [restartedMain] INFO  com.zaxxer.hikari.HikariDataSource - HikariPool-3 - Start completed.
2022-09-17_10-20-17 [restartedMain] INFO  o.s.b.a.h.H2ConsoleAutoConfiguration - H2 console available at '/h2-console'. Database available at 'jdbc:h2:mem:testdb'
2022-09-17_10-20-17 [restartedMain] INFO  o.h.jpa.internal.util.LogHelper - HHH000204: Processing PersistenceUnitInfo [name: default]
2022-09-17_10-20-17 [restartedMain] INFO  org.hibernate.dialect.Dialect - HHH000400: Using dialect: org.hibernate.dialect.H2Dialect
2022-09-17_10-20-17 [restartedMain] INFO  o.h.e.t.j.p.i.JtaPlatformInitiator - HHH000490: Using JtaPlatform implementation: [org.hibernate.engine.transaction.jta.platform.internal.NoJtaPlatform]
2022-09-17_10-20-17 [restartedMain] INFO  o.s.o.j.LocalContainerEntityManagerFactoryBean - Initialized JPA EntityManagerFactory for persistence unit 'default'
2022-09-17_10-20-17 [restartedMain] INFO  o.s.b.d.a.OptionalLiveReloadServer - LiveReload server is running on port 35729
2022-09-17_10-20-17 [restartedMain] INFO  s.d.s.w.PropertySourcedRequestMappingHandlerMapping - Mapped URL path [/v2/api-docs] onto method [springfox.documentation.swagger2.web.Swagger2Controller#getDocumentation(String, HttpServletRequest)]
2022-09-17_10-20-17 [restartedMain] INFO  o.s.s.c.ThreadPoolTaskExecutor - Initializing ExecutorService 'applicationTaskExecutor'
2022-09-17_10-20-17 [restartedMain] INFO  o.a.coyote.http11.Http11NioProtocol - Starting ProtocolHandler ["http-nio-8082"]
2022-09-17_10-20-17 [restartedMain] INFO  o.s.b.w.e.tomcat.TomcatWebServer - Tomcat started on port(s): 8082 (http) with context path '/plantapp'
2022-09-17_10-20-17 [restartedMain] INFO  s.d.s.w.p.DocumentationPluginsBootstrapper - Context refreshed
2022-09-17_10-20-17 [restartedMain] INFO  s.d.s.w.p.DocumentationPluginsBootstrapper - Found 1 custom documentation plugin(s)
2022-09-17_10-20-17 [restartedMain] INFO  s.d.s.w.s.ApiListingReferenceScanner - Scanning for api listing references
2022-09-17_10-20-17 [restartedMain] INFO  com.mfpe.plant.PlantApplication - Started PlantApplication in 1.7 seconds (JVM running for 2383.322)
2022-09-17_10-20-17 [restartedMain] INFO  o.s.b.d.a.ConditionEvaluationDeltaLoggingListener - Condition evaluation unchanged
2022-09-17_10-20-17 [Thread-18] INFO  o.s.s.c.ThreadPoolTaskExecutor - Shutting down ExecutorService 'applicationTaskExecutor'
2022-09-17_10-20-17 [Thread-18] INFO  o.s.o.j.LocalContainerEntityManagerFactoryBean - Closing JPA EntityManagerFactory for persistence unit 'default'
2022-09-17_10-20-17 [Thread-18] INFO  o.h.t.s.i.SchemaDropperImpl$DelayedDropActionImpl - HHH000477: Starting delayed evictData of schema as part of SessionFactory shut-down'
2022-09-17_10-20-17 [Thread-18] INFO  com.zaxxer.hikari.HikariDataSource - HikariPool-3 - Shutdown initiated...
2022-09-17_10-20-17 [Thread-18] INFO  com.zaxxer.hikari.HikariDataSource - HikariPool-3 - Shutdown completed.
2022-09-17_10-20-47 [restartedMain] INFO  com.mfpe.plant.PlantApplication - Starting PlantApplication using Java 18.0.1.1 on DESKTOP-VT00VGQ with PID 2116 (C:\Users\HP\OneDrive\Documents\.cognizant\MFPE\testing mfpe\plant\target\classes started by HP in C:\Users\HP\OneDrive\Documents\.cognizant\MFPE\testing mfpe\plant)
2022-09-17_10-20-47 [restartedMain] INFO  com.mfpe.plant.PlantApplication - No active profile set, falling back to default profiles: default
2022-09-17_10-20-47 [restartedMain] INFO  o.s.d.r.c.RepositoryConfigurationDelegate - Bootstrapping Spring Data JPA repositories in DEFAULT mode.
2022-09-17_10-20-47 [restartedMain] INFO  o.s.d.r.c.RepositoryConfigurationDelegate - Finished Spring Data repository scanning in 13 ms. Found 3 JPA repository interfaces.
2022-09-17_10-20-47 [restartedMain] INFO  o.s.cloud.context.scope.GenericScope - BeanFactory id=99b64d56-911e-39d6-977c-5b359db48d2c
2022-09-17_10-20-47 [restartedMain] INFO  o.s.b.w.e.tomcat.TomcatWebServer - Tomcat initialized with port(s): 8082 (http)
2022-09-17_10-20-47 [restartedMain] INFO  o.a.coyote.http11.Http11NioProtocol - Initializing ProtocolHandler ["http-nio-8082"]
2022-09-17_10-20-47 [restartedMain] INFO  o.a.catalina.core.StandardService - Starting service [Tomcat]
2022-09-17_10-20-47 [restartedMain] INFO  o.a.catalina.core.StandardEngine - Starting Servlet engine: [Apache Tomcat/9.0.41]
2022-09-17_10-20-47 [restartedMain] INFO  o.a.c.c.C.[.[localhost].[/plantapp] - Initializing Spring embedded WebApplicationContext
2022-09-17_10-20-47 [restartedMain] INFO  o.s.b.w.s.c.ServletWebServerApplicationContext - Root WebApplicationContext: initialization completed in 527 ms
2022-09-17_10-20-47 [restartedMain] INFO  com.zaxxer.hikari.HikariDataSource - HikariPool-4 - Starting...
2022-09-17_10-20-47 [restartedMain] INFO  com.zaxxer.hikari.HikariDataSource - HikariPool-4 - Start completed.
2022-09-17_10-20-47 [restartedMain] INFO  o.s.b.a.h.H2ConsoleAutoConfiguration - H2 console available at '/h2-console'. Database available at 'jdbc:h2:mem:testdb'
2022-09-17_10-20-47 [restartedMain] INFO  o.h.jpa.internal.util.LogHelper - HHH000204: Processing PersistenceUnitInfo [name: default]
2022-09-17_10-20-47 [restartedMain] INFO  org.hibernate.dialect.Dialect - HHH000400: Using dialect: org.hibernate.dialect.H2Dialect
2022-09-17_10-20-47 [restartedMain] INFO  o.h.e.t.j.p.i.JtaPlatformInitiator - HHH000490: Using JtaPlatform implementation: [org.hibernate.engine.transaction.jta.platform.internal.NoJtaPlatform]
2022-09-17_10-20-47 [restartedMain] INFO  o.s.o.j.LocalContainerEntityManagerFactoryBean - Initialized JPA EntityManagerFactory for persistence unit 'default'
2022-09-17_10-20-47 [restartedMain] INFO  o.s.b.d.a.OptionalLiveReloadServer - LiveReload server is running on port 35729
2022-09-17_10-20-47 [restartedMain] INFO  s.d.s.w.PropertySourcedRequestMappingHandlerMapping - Mapped URL path [/v2/api-docs] onto method [springfox.documentation.swagger2.web.Swagger2Controller#getDocumentation(String, HttpServletRequest)]
2022-09-17_10-20-47 [restartedMain] INFO  o.s.s.c.ThreadPoolTaskExecutor - Initializing ExecutorService 'applicationTaskExecutor'
2022-09-17_10-20-47 [restartedMain] INFO  o.a.coyote.http11.Http11NioProtocol - Starting ProtocolHandler ["http-nio-8082"]
2022-09-17_10-20-47 [restartedMain] INFO  o.s.b.w.e.tomcat.TomcatWebServer - Tomcat started on port(s): 8082 (http) with context path '/plantapp'
2022-09-17_10-20-47 [restartedMain] INFO  s.d.s.w.p.DocumentationPluginsBootstrapper - Context refreshed
2022-09-17_10-20-47 [restartedMain] INFO  s.d.s.w.p.DocumentationPluginsBootstrapper - Found 1 custom documentation plugin(s)
2022-09-17_10-20-47 [restartedMain] INFO  s.d.s.w.s.ApiListingReferenceScanner - Scanning for api listing references
2022-09-17_10-20-47 [restartedMain] INFO  com.mfpe.plant.PlantApplication - Started PlantApplication in 1.189 seconds (JVM running for 2412.61)
2022-09-17_10-20-47 [restartedMain] INFO  o.s.b.d.a.ConditionEvaluationDeltaLoggingListener - Condition evaluation unchanged
2022-09-17_10-20-47 [Thread-25] INFO  o.s.s.c.ThreadPoolTaskExecutor - Shutting down ExecutorService 'applicationTaskExecutor'
2022-09-17_10-20-47 [Thread-25] INFO  o.s.o.j.LocalContainerEntityManagerFactoryBean - Closing JPA EntityManagerFactory for persistence unit 'default'
2022-09-17_10-20-47 [Thread-25] INFO  o.h.t.s.i.SchemaDropperImpl$DelayedDropActionImpl - HHH000477: Starting delayed evictData of schema as part of SessionFactory shut-down'
2022-09-17_10-20-47 [Thread-25] INFO  com.zaxxer.hikari.HikariDataSource - HikariPool-4 - Shutdown initiated...
2022-09-17_10-20-47 [Thread-25] INFO  com.zaxxer.hikari.HikariDataSource - HikariPool-4 - Shutdown completed.
2022-09-17_10-21-13 [restartedMain] INFO  com.mfpe.plant.PlantApplication - Starting PlantApplication using Java 18.0.1.1 on DESKTOP-VT00VGQ with PID 2116 (C:\Users\HP\OneDrive\Documents\.cognizant\MFPE\testing mfpe\plant\target\classes started by HP in C:\Users\HP\OneDrive\Documents\.cognizant\MFPE\testing mfpe\plant)
2022-09-17_10-21-13 [restartedMain] INFO  com.mfpe.plant.PlantApplication - No active profile set, falling back to default profiles: default
2022-09-17_10-21-13 [restartedMain] INFO  o.s.d.r.c.RepositoryConfigurationDelegate - Bootstrapping Spring Data JPA repositories in DEFAULT mode.
2022-09-17_10-21-13 [restartedMain] INFO  o.s.d.r.c.RepositoryConfigurationDelegate - Finished Spring Data repository scanning in 13 ms. Found 3 JPA repository interfaces.
2022-09-17_10-21-13 [restartedMain] INFO  o.s.cloud.context.scope.GenericScope - BeanFactory id=99b64d56-911e-39d6-977c-5b359db48d2c
2022-09-17_10-21-13 [restartedMain] INFO  o.s.b.w.e.tomcat.TomcatWebServer - Tomcat initialized with port(s): 8082 (http)
2022-09-17_10-21-13 [restartedMain] INFO  o.a.coyote.http11.Http11NioProtocol - Initializing ProtocolHandler ["http-nio-8082"]
2022-09-17_10-21-13 [restartedMain] INFO  o.a.catalina.core.StandardService - Starting service [Tomcat]
2022-09-17_10-21-13 [restartedMain] INFO  o.a.catalina.core.StandardEngine - Starting Servlet engine: [Apache Tomcat/9.0.41]
2022-09-17_10-21-13 [restartedMain] INFO  o.a.c.c.C.[.[localhost].[/plantapp] - Initializing Spring embedded WebApplicationContext
2022-09-17_10-21-13 [restartedMain] INFO  o.s.b.w.s.c.ServletWebServerApplicationContext - Root WebApplicationContext: initialization completed in 405 ms
2022-09-17_10-21-13 [restartedMain] INFO  com.zaxxer.hikari.HikariDataSource - HikariPool-5 - Starting...
2022-09-17_10-21-13 [restartedMain] INFO  com.zaxxer.hikari.HikariDataSource - HikariPool-5 - Start completed.
2022-09-17_10-21-13 [restartedMain] INFO  o.s.b.a.h.H2ConsoleAutoConfiguration - H2 console available at '/h2-console'. Database available at 'jdbc:h2:mem:testdb'
2022-09-17_10-21-13 [restartedMain] INFO  o.h.jpa.internal.util.LogHelper - HHH000204: Processing PersistenceUnitInfo [name: default]
2022-09-17_10-21-13 [restartedMain] INFO  org.hibernate.dialect.Dialect - HHH000400: Using dialect: org.hibernate.dialect.H2Dialect
2022-09-17_10-21-13 [restartedMain] INFO  o.h.e.t.j.p.i.JtaPlatformInitiator - HHH000490: Using JtaPlatform implementation: [org.hibernate.engine.transaction.jta.platform.internal.NoJtaPlatform]
2022-09-17_10-21-13 [restartedMain] INFO  o.s.o.j.LocalContainerEntityManagerFactoryBean - Initialized JPA EntityManagerFactory for persistence unit 'default'
2022-09-17_10-21-13 [restartedMain] INFO  o.s.b.d.a.OptionalLiveReloadServer - LiveReload server is running on port 35729
2022-09-17_10-21-13 [restartedMain] INFO  s.d.s.w.PropertySourcedRequestMappingHandlerMapping - Mapped URL path [/v2/api-docs] onto method [springfox.documentation.swagger2.web.Swagger2Controller#getDocumentation(String, HttpServletRequest)]
2022-09-17_10-21-13 [restartedMain] INFO  o.s.s.c.ThreadPoolTaskExecutor - Initializing ExecutorService 'applicationTaskExecutor'
2022-09-17_10-21-13 [restartedMain] INFO  o.a.coyote.http11.Http11NioProtocol - Starting ProtocolHandler ["http-nio-8082"]
2022-09-17_10-21-13 [restartedMain] INFO  o.s.b.w.e.tomcat.TomcatWebServer - Tomcat started on port(s): 8082 (http) with context path '/plantapp'
2022-09-17_10-21-13 [restartedMain] INFO  s.d.s.w.p.DocumentationPluginsBootstrapper - Context refreshed
2022-09-17_10-21-13 [restartedMain] INFO  s.d.s.w.p.DocumentationPluginsBootstrapper - Found 1 custom documentation plugin(s)
2022-09-17_10-21-13 [restartedMain] INFO  s.d.s.w.s.ApiListingReferenceScanner - Scanning for api listing references
2022-09-17_10-21-13 [restartedMain] INFO  com.mfpe.plant.PlantApplication - Started PlantApplication in 1.107 seconds (JVM running for 2438.86)
2022-09-17_10-21-13 [restartedMain] INFO  o.s.b.d.a.ConditionEvaluationDeltaLoggingListener - Condition evaluation unchanged
2022-09-17_10-21-13 [Thread-32] INFO  o.s.s.c.ThreadPoolTaskExecutor - Shutting down ExecutorService 'applicationTaskExecutor'
2022-09-17_10-21-13 [Thread-32] INFO  o.s.o.j.LocalContainerEntityManagerFactoryBean - Closing JPA EntityManagerFactory for persistence unit 'default'
2022-09-17_10-21-13 [Thread-32] INFO  o.h.t.s.i.SchemaDropperImpl$DelayedDropActionImpl - HHH000477: Starting delayed evictData of schema as part of SessionFactory shut-down'
2022-09-17_10-21-13 [Thread-32] INFO  com.zaxxer.hikari.HikariDataSource - HikariPool-5 - Shutdown initiated...
2022-09-17_10-21-13 [Thread-32] INFO  com.zaxxer.hikari.HikariDataSource - HikariPool-5 - Shutdown completed.
2022-09-17_10-21-25 [restartedMain] INFO  com.mfpe.plant.PlantApplication - Starting PlantApplication using Java 18.0.1.1 on DESKTOP-VT00VGQ with PID 2116 (C:\Users\HP\OneDrive\Documents\.cognizant\MFPE\testing mfpe\plant\target\classes started by HP in C:\Users\HP\OneDrive\Documents\.cognizant\MFPE\testing mfpe\plant)
2022-09-17_10-21-25 [restartedMain] INFO  com.mfpe.plant.PlantApplication - No active profile set, falling back to default profiles: default
2022-09-17_10-21-25 [restartedMain] INFO  o.s.d.r.c.RepositoryConfigurationDelegate - Bootstrapping Spring Data JPA repositories in DEFAULT mode.
2022-09-17_10-21-25 [restartedMain] INFO  o.s.d.r.c.RepositoryConfigurationDelegate - Finished Spring Data repository scanning in 15 ms. Found 3 JPA repository interfaces.
2022-09-17_10-21-25 [restartedMain] INFO  o.s.cloud.context.scope.GenericScope - BeanFactory id=99b64d56-911e-39d6-977c-5b359db48d2c
2022-09-17_10-21-25 [restartedMain] INFO  o.s.b.w.e.tomcat.TomcatWebServer - Tomcat initialized with port(s): 8082 (http)
2022-09-17_10-21-25 [restartedMain] INFO  o.a.coyote.http11.Http11NioProtocol - Initializing ProtocolHandler ["http-nio-8082"]
2022-09-17_10-21-25 [restartedMain] INFO  o.a.catalina.core.StandardService - Starting service [Tomcat]
2022-09-17_10-21-25 [restartedMain] INFO  o.a.catalina.core.StandardEngine - Starting Servlet engine: [Apache Tomcat/9.0.41]
2022-09-17_10-21-25 [restartedMain] INFO  o.a.c.c.C.[.[localhost].[/plantapp] - Initializing Spring embedded WebApplicationContext
2022-09-17_10-21-25 [restartedMain] INFO  o.s.b.w.s.c.ServletWebServerApplicationContext - Root WebApplicationContext: initialization completed in 376 ms
2022-09-17_10-21-25 [restartedMain] INFO  com.zaxxer.hikari.HikariDataSource - HikariPool-6 - Starting...
2022-09-17_10-21-25 [restartedMain] INFO  com.zaxxer.hikari.HikariDataSource - HikariPool-6 - Start completed.
2022-09-17_10-21-25 [restartedMain] INFO  o.s.b.a.h.H2ConsoleAutoConfiguration - H2 console available at '/h2-console'. Database available at 'jdbc:h2:mem:testdb'
2022-09-17_10-21-25 [restartedMain] INFO  o.h.jpa.internal.util.LogHelper - HHH000204: Processing PersistenceUnitInfo [name: default]
2022-09-17_10-21-25 [restartedMain] INFO  org.hibernate.dialect.Dialect - HHH000400: Using dialect: org.hibernate.dialect.H2Dialect
2022-09-17_10-21-25 [restartedMain] INFO  o.h.e.t.j.p.i.JtaPlatformInitiator - HHH000490: Using JtaPlatform implementation: [org.hibernate.engine.transaction.jta.platform.internal.NoJtaPlatform]
2022-09-17_10-21-25 [restartedMain] INFO  o.s.o.j.LocalContainerEntityManagerFactoryBean - Initialized JPA EntityManagerFactory for persistence unit 'default'
2022-09-17_10-21-25 [restartedMain] INFO  o.s.b.d.a.OptionalLiveReloadServer - LiveReload server is running on port 35729
2022-09-17_10-21-25 [restartedMain] INFO  s.d.s.w.PropertySourcedRequestMappingHandlerMapping - Mapped URL path [/v2/api-docs] onto method [springfox.documentation.swagger2.web.Swagger2Controller#getDocumentation(String, HttpServletRequest)]
2022-09-17_10-21-25 [restartedMain] INFO  o.s.s.c.ThreadPoolTaskExecutor - Initializing ExecutorService 'applicationTaskExecutor'
2022-09-17_10-21-25 [restartedMain] INFO  o.a.coyote.http11.Http11NioProtocol - Starting ProtocolHandler ["http-nio-8082"]
2022-09-17_10-21-25 [restartedMain] INFO  o.s.b.w.e.tomcat.TomcatWebServer - Tomcat started on port(s): 8082 (http) with context path '/plantapp'
2022-09-17_10-21-25 [restartedMain] INFO  s.d.s.w.p.DocumentationPluginsBootstrapper - Context refreshed
2022-09-17_10-21-25 [restartedMain] INFO  s.d.s.w.p.DocumentationPluginsBootstrapper - Found 1 custom documentation plugin(s)
2022-09-17_10-21-25 [restartedMain] INFO  s.d.s.w.s.ApiListingReferenceScanner - Scanning for api listing references
2022-09-17_10-21-25 [restartedMain] INFO  com.mfpe.plant.PlantApplication - Started PlantApplication in 1.01 seconds (JVM running for 2450.749)
2022-09-17_10-21-25 [restartedMain] INFO  o.s.b.d.a.ConditionEvaluationDeltaLoggingListener - Condition evaluation unchanged
2022-09-17_10-21-25 [Thread-39] INFO  o.s.s.c.ThreadPoolTaskExecutor - Shutting down ExecutorService 'applicationTaskExecutor'
2022-09-17_10-21-25 [Thread-39] INFO  o.s.o.j.LocalContainerEntityManagerFactoryBean - Closing JPA EntityManagerFactory for persistence unit 'default'
2022-09-17_10-21-25 [Thread-39] INFO  o.h.t.s.i.SchemaDropperImpl$DelayedDropActionImpl - HHH000477: Starting delayed evictData of schema as part of SessionFactory shut-down'
2022-09-17_10-21-25 [Thread-39] INFO  com.zaxxer.hikari.HikariDataSource - HikariPool-6 - Shutdown initiated...
2022-09-17_10-21-25 [Thread-39] INFO  com.zaxxer.hikari.HikariDataSource - HikariPool-6 - Shutdown completed.
2022-09-17_10-22-26 [restartedMain] INFO  com.mfpe.plant.PlantApplication - Starting PlantApplication using Java 18.0.1.1 on DESKTOP-VT00VGQ with PID 2116 (C:\Users\HP\OneDrive\Documents\.cognizant\MFPE\testing mfpe\plant\target\classes started by HP in C:\Users\HP\OneDrive\Documents\.cognizant\MFPE\testing mfpe\plant)
2022-09-17_10-22-26 [restartedMain] INFO  com.mfpe.plant.PlantApplication - No active profile set, falling back to default profiles: default
2022-09-17_10-22-26 [restartedMain] INFO  o.s.d.r.c.RepositoryConfigurationDelegate - Bootstrapping Spring Data JPA repositories in DEFAULT mode.
2022-09-17_10-22-26 [restartedMain] INFO  o.s.d.r.c.RepositoryConfigurationDelegate - Finished Spring Data repository scanning in 11 ms. Found 3 JPA repository interfaces.
2022-09-17_10-22-26 [restartedMain] INFO  o.s.cloud.context.scope.GenericScope - BeanFactory id=99b64d56-911e-39d6-977c-5b359db48d2c
2022-09-17_10-22-26 [restartedMain] INFO  o.s.b.w.e.tomcat.TomcatWebServer - Tomcat initialized with port(s): 8082 (http)
2022-09-17_10-22-26 [restartedMain] INFO  o.a.coyote.http11.Http11NioProtocol - Initializing ProtocolHandler ["http-nio-8082"]
2022-09-17_10-22-26 [restartedMain] INFO  o.a.catalina.core.StandardService - Starting service [Tomcat]
2022-09-17_10-22-26 [restartedMain] INFO  o.a.catalina.core.StandardEngine - Starting Servlet engine: [Apache Tomcat/9.0.41]
2022-09-17_10-22-26 [restartedMain] INFO  o.a.c.c.C.[.[localhost].[/plantapp] - Initializing Spring embedded WebApplicationContext
2022-09-17_10-22-26 [restartedMain] INFO  o.s.b.w.s.c.ServletWebServerApplicationContext - Root WebApplicationContext: initialization completed in 622 ms
2022-09-17_10-22-26 [restartedMain] INFO  com.zaxxer.hikari.HikariDataSource - HikariPool-7 - Starting...
2022-09-17_10-22-26 [restartedMain] INFO  com.zaxxer.hikari.HikariDataSource - HikariPool-7 - Start completed.
2022-09-17_10-22-26 [restartedMain] INFO  o.s.b.a.h.H2ConsoleAutoConfiguration - H2 console available at '/h2-console'. Database available at 'jdbc:h2:mem:testdb'
2022-09-17_10-22-26 [restartedMain] INFO  o.h.jpa.internal.util.LogHelper - HHH000204: Processing PersistenceUnitInfo [name: default]
2022-09-17_10-22-26 [restartedMain] INFO  org.hibernate.dialect.Dialect - HHH000400: Using dialect: org.hibernate.dialect.H2Dialect
2022-09-17_10-22-26 [restartedMain] INFO  o.h.e.t.j.p.i.JtaPlatformInitiator - HHH000490: Using JtaPlatform implementation: [org.hibernate.engine.transaction.jta.platform.internal.NoJtaPlatform]
2022-09-17_10-22-26 [restartedMain] INFO  o.s.o.j.LocalContainerEntityManagerFactoryBean - Initialized JPA EntityManagerFactory for persistence unit 'default'
2022-09-17_10-22-26 [restartedMain] INFO  o.s.b.d.a.OptionalLiveReloadServer - LiveReload server is running on port 35729
2022-09-17_10-22-26 [restartedMain] INFO  s.d.s.w.PropertySourcedRequestMappingHandlerMapping - Mapped URL path [/v2/api-docs] onto method [springfox.documentation.swagger2.web.Swagger2Controller#getDocumentation(String, HttpServletRequest)]
2022-09-17_10-22-26 [restartedMain] INFO  o.s.s.c.ThreadPoolTaskExecutor - Initializing ExecutorService 'applicationTaskExecutor'
2022-09-17_10-22-26 [restartedMain] INFO  o.a.coyote.http11.Http11NioProtocol - Starting ProtocolHandler ["http-nio-8082"]
2022-09-17_10-22-26 [restartedMain] INFO  o.s.b.w.e.tomcat.TomcatWebServer - Tomcat started on port(s): 8082 (http) with context path '/plantapp'
2022-09-17_10-22-26 [restartedMain] INFO  s.d.s.w.p.DocumentationPluginsBootstrapper - Context refreshed
2022-09-17_10-22-26 [restartedMain] INFO  s.d.s.w.p.DocumentationPluginsBootstrapper - Found 1 custom documentation plugin(s)
2022-09-17_10-22-26 [restartedMain] INFO  s.d.s.w.s.ApiListingReferenceScanner - Scanning for api listing references
2022-09-17_10-22-26 [restartedMain] INFO  com.mfpe.plant.PlantApplication - Started PlantApplication in 1.524 seconds (JVM running for 2512.236)
2022-09-17_10-22-26 [restartedMain] INFO  o.s.b.d.a.ConditionEvaluationDeltaLoggingListener - Condition evaluation unchanged
2022-09-17_10-22-26 [http-nio-8082-exec-1] INFO  o.a.c.c.C.[.[localhost].[/plantapp] - Initializing Spring DispatcherServlet 'dispatcherServlet'
2022-09-17_10-22-26 [http-nio-8082-exec-1] INFO  o.s.web.servlet.DispatcherServlet - Initializing Servlet 'dispatcherServlet'
2022-09-17_10-22-26 [http-nio-8082-exec-1] INFO  o.s.web.servlet.DispatcherServlet - Completed initialization in 1 ms
2022-09-17_10-22-26 [http-nio-8082-exec-1] INFO  c.m.plant.controller.PlantController - Inside ViewPartsReorder of PartController
2022-09-17_10-22-26 [http-nio-8082-exec-1] INFO  com.mfpe.plant.service.PlantService - Inside viewPartsReorderof service
2022-09-17_10-22-26 [http-nio-8082-exec-1] INFO  com.mfpe.plant.service.PlantService - [Part details:]
2022-09-17_10-22-26 [http-nio-8082-exec-4] INFO  c.m.plant.controller.PlantController - Inside viewStockInHand of PartController
2022-09-17_10-22-26 [http-nio-8082-exec-4] INFO  com.mfpe.plant.service.PlantService - Inside viewStockInHand of service
2022-09-17_10-22-26 [http-nio-8082-exec-4] INFO  com.mfpe.plant.service.PlantService - [Stock details:]Part(partId=104, partDescription=Engine, partSpecification=1000cc, stockInHand=1100)
2022-09-17_10-22-26 [http-nio-8082-exec-6] INFO  c.m.plant.controller.PlantController - Inside viewStockInHand of PartController
2022-09-17_10-22-26 [http-nio-8082-exec-6] INFO  com.mfpe.plant.service.PlantService - Inside viewStockInHand of service
2022-09-17_10-22-26 [http-nio-8082-exec-6] INFO  com.mfpe.plant.service.PlantService - [Stock details:]Part(partId=103, partDescription=Tyres, partSpecification=Ceat, stockInHand=1100)
2022-09-17_10-22-26 [http-nio-8082-exec-8] INFO  com.mfpe.plant.service.PlantService - Inside updateMinMaxQuantities of service
2022-09-17_10-22-26 [http-nio-8082-exec-8] INFO  com.mfpe.plant.service.PlantService - Updated
2022-09-17_10-22-26 [http-nio-8082-exec-4] INFO  c.m.plant.controller.PlantController - Inside ViewPartsReorder of PartController
2022-09-17_10-22-26 [http-nio-8082-exec-4] INFO  com.mfpe.plant.service.PlantService - Inside viewPartsReorderof service
2022-09-17_10-22-26 [http-nio-8082-exec-4] INFO  com.mfpe.plant.service.PlantService - [Part details:]
2022-09-17_10-22-26 [http-nio-8082-exec-8] INFO  c.m.plant.controller.PlantController - Inside viewStockInHand of PartController
2022-09-17_10-22-26 [http-nio-8082-exec-7] INFO  c.m.plant.controller.PlantController - Inside ViewPartsReorder of PartController
2022-09-17_10-22-26 [http-nio-8082-exec-7] INFO  com.mfpe.plant.service.PlantService - Inside viewPartsReorderof service
2022-09-17_10-22-26 [http-nio-8082-exec-7] INFO  com.mfpe.plant.service.PlantService - [Part details:]
2022-09-17_10-22-26 [http-nio-8082-exec-7] INFO  c.m.plant.controller.PlantController - Inside viewStockInHand of PartController
2022-09-17_10-22-26 [http-nio-8082-exec-4] INFO  c.m.plant.controller.PlantController - Inside ViewPartsReorder of PartController
2022-09-17_10-22-26 [http-nio-8082-exec-4] INFO  com.mfpe.plant.service.PlantService - Inside viewPartsReorderof service
2022-09-17_10-22-26 [http-nio-8082-exec-4] INFO  com.mfpe.plant.service.PlantService - [Part details:]
2022-09-17_10-22-26 [http-nio-8082-exec-8] INFO  c.m.plant.controller.PlantController - Inside viewStockInHand of PartController
