2022-09-14_14-10-35 [main] INFO  o.s.t.c.s.DefaultTestContextBootstrapper - Loaded default TestExecutionListener class names from location [META-INF/spring.factories]: [org.springframework.boot.test.mock.mockito.MockitoTestExecutionListener, org.springframework.boot.test.mock.mockito.ResetMocksTestExecutionListener, org.springframework.boot.test.autoconfigure.restdocs.RestDocsTestExecutionListener, org.springframework.boot.test.autoconfigure.web.client.MockRestServiceServerResetTestExecutionListener, org.springframework.boot.test.autoconfigure.web.servlet.MockMvcPrintOnlyOnFailureTestExecutionListener, org.springframework.boot.test.autoconfigure.web.servlet.WebDriverTestExecutionListener, org.springframework.boot.test.autoconfigure.webservices.client.MockWebServiceServerTestExecutionListener, org.springframework.test.context.web.ServletTestExecutionListener, org.springframework.test.context.support.DirtiesContextBeforeModesTestExecutionListener, org.springframework.test.context.event.ApplicationEventsTestExecutionListener, org.springframework.test.context.support.DependencyInjectionTestExecutionListener, org.springframework.test.context.support.DirtiesContextTestExecutionListener, org.springframework.test.context.transaction.TransactionalTestExecutionListener, org.springframework.test.context.jdbc.SqlScriptsTestExecutionListener, org.springframework.test.context.event.EventPublishingTestExecutionListener]
2022-09-14_14-10-35 [main] INFO  o.s.t.c.s.DefaultTestContextBootstrapper - Using TestExecutionListeners: [org.springframework.test.context.web.ServletTestExecutionListener@77a7cf58, org.springframework.test.context.support.DirtiesContextBeforeModesTestExecutionListener@3d97a632, org.springframework.test.context.event.ApplicationEventsTestExecutionListener@616fe72b, org.springframework.boot.test.mock.mockito.MockitoTestExecutionListener@37efd131, org.springframework.test.context.support.DependencyInjectionTestExecutionListener@7e7b159b, org.springframework.test.context.support.DirtiesContextTestExecutionListener@7e5d9a50, org.springframework.test.context.transaction.TransactionalTestExecutionListener@60957c0f, org.springframework.test.context.jdbc.SqlScriptsTestExecutionListener@293a5f75, org.springframework.test.context.event.EventPublishingTestExecutionListener@fcb4004, org.springframework.boot.test.mock.mockito.ResetMocksTestExecutionListener@1dd6d4b7, org.springframework.boot.test.autoconfigure.restdocs.RestDocsTestExecutionListener@56e8b606, org.springframework.boot.test.autoconfigure.web.client.MockRestServiceServerResetTestExecutionListener@2dd29a59, org.springframework.boot.test.autoconfigure.web.servlet.MockMvcPrintOnlyOnFailureTestExecutionListener@784c3487, org.springframework.boot.test.autoconfigure.web.servlet.WebDriverTestExecutionListener@53142455, org.springframework.boot.test.autoconfigure.webservices.client.MockWebServiceServerTestExecutionListener@40dff0b7]
2022-09-14_14-10-35 [main] INFO  o.s.mock.web.MockServletContext - Initializing Spring TestDispatcherServlet ''
2022-09-14_14-10-35 [main] INFO  o.s.t.w.s.TestDispatcherServlet - Initializing Servlet ''
2022-09-14_14-10-35 [main] INFO  o.s.t.w.s.TestDispatcherServlet - Completed initialization in 4 ms
2022-09-14_14-10-35 [main] INFO  o.s.mock.web.MockServletContext - Initializing Spring TestDispatcherServlet ''
2022-09-14_14-10-35 [main] INFO  o.s.t.w.s.TestDispatcherServlet - Initializing Servlet ''
2022-09-14_14-10-35 [main] INFO  o.s.t.w.s.TestDispatcherServlet - Completed initialization in 0 ms
2022-09-14_14-10-35 [main] INFO  o.s.mock.web.MockServletContext - Initializing Spring TestDispatcherServlet ''
2022-09-14_14-10-35 [main] INFO  o.s.t.w.s.TestDispatcherServlet - Initializing Servlet ''
2022-09-14_14-10-35 [main] INFO  o.s.t.w.s.TestDispatcherServlet - Completed initialization in 0 ms
2022-09-14_14-10-35 [main] INFO  o.s.mock.web.MockServletContext - Initializing Spring TestDispatcherServlet ''
2022-09-14_14-10-35 [main] INFO  o.s.t.w.s.TestDispatcherServlet - Initializing Servlet ''
2022-09-14_14-10-35 [main] INFO  o.s.t.w.s.TestDispatcherServlet - Completed initialization in 0 ms
2022-09-14_14-10-35 [main] INFO  o.s.mock.web.MockServletContext - Initializing Spring TestDispatcherServlet ''
2022-09-14_14-10-35 [main] INFO  o.s.t.w.s.TestDispatcherServlet - Initializing Servlet ''
2022-09-14_14-10-35 [main] INFO  o.s.t.w.s.TestDispatcherServlet - Completed initialization in 0 ms
2022-09-14_14-10-35 [main] INFO  o.s.mock.web.MockServletContext - Initializing Spring TestDispatcherServlet ''
2022-09-14_14-10-35 [main] INFO  o.s.t.w.s.TestDispatcherServlet - Initializing Servlet ''
2022-09-14_14-10-35 [main] INFO  o.s.t.w.s.TestDispatcherServlet - Completed initialization in 1 ms
2022-09-14_14-10-35 [main] INFO  o.s.mock.web.MockServletContext - Initializing Spring TestDispatcherServlet ''
2022-09-14_14-10-35 [main] INFO  o.s.t.w.s.TestDispatcherServlet - Initializing Servlet ''
2022-09-14_14-10-35 [main] INFO  o.s.t.w.s.TestDispatcherServlet - Completed initialization in 0 ms
2022-09-14_14-12-28 [main] INFO  o.s.t.c.s.DefaultTestContextBootstrapper - Loaded default TestExecutionListener class names from location [META-INF/spring.factories]: [org.springframework.boot.test.mock.mockito.MockitoTestExecutionListener, org.springframework.boot.test.mock.mockito.ResetMocksTestExecutionListener, org.springframework.boot.test.autoconfigure.restdocs.RestDocsTestExecutionListener, org.springframework.boot.test.autoconfigure.web.client.MockRestServiceServerResetTestExecutionListener, org.springframework.boot.test.autoconfigure.web.servlet.MockMvcPrintOnlyOnFailureTestExecutionListener, org.springframework.boot.test.autoconfigure.web.servlet.WebDriverTestExecutionListener, org.springframework.boot.test.autoconfigure.webservices.client.MockWebServiceServerTestExecutionListener, org.springframework.test.context.web.ServletTestExecutionListener, org.springframework.test.context.support.DirtiesContextBeforeModesTestExecutionListener, org.springframework.test.context.event.ApplicationEventsTestExecutionListener, org.springframework.test.context.support.DependencyInjectionTestExecutionListener, org.springframework.test.context.support.DirtiesContextTestExecutionListener, org.springframework.test.context.transaction.TransactionalTestExecutionListener, org.springframework.test.context.jdbc.SqlScriptsTestExecutionListener, org.springframework.test.context.event.EventPublishingTestExecutionListener]
2022-09-14_14-12-28 [main] INFO  o.s.t.c.s.DefaultTestContextBootstrapper - Using TestExecutionListeners: [org.springframework.test.context.web.ServletTestExecutionListener@aa549e5, org.springframework.test.context.support.DirtiesContextBeforeModesTestExecutionListener@36f48b4, org.springframework.test.context.event.ApplicationEventsTestExecutionListener@5c00384f, org.springframework.boot.test.mock.mockito.MockitoTestExecutionListener@3b7ff809, org.springframework.test.context.support.DependencyInjectionTestExecutionListener@1bb564e2, org.springframework.test.context.support.DirtiesContextTestExecutionListener@62e6b5c8, org.springframework.test.context.transaction.TransactionalTestExecutionListener@3f792b9b, org.springframework.test.context.jdbc.SqlScriptsTestExecutionListener@7b8233cd, org.springframework.test.context.event.EventPublishingTestExecutionListener@4b20ca2b, org.springframework.boot.test.mock.mockito.ResetMocksTestExecutionListener@1cbf6e72, org.springframework.boot.test.autoconfigure.restdocs.RestDocsTestExecutionListener@6aecbb8d, org.springframework.boot.test.autoconfigure.web.client.MockRestServiceServerResetTestExecutionListener@1af146, org.springframework.boot.test.autoconfigure.web.servlet.MockMvcPrintOnlyOnFailureTestExecutionListener@4da602fc, org.springframework.boot.test.autoconfigure.web.servlet.WebDriverTestExecutionListener@2a8d39c4, org.springframework.boot.test.autoconfigure.webservices.client.MockWebServiceServerTestExecutionListener@25b2cfcb]
2022-09-14_14-12-28 [main] INFO  o.s.mock.web.MockServletContext - Initializing Spring TestDispatcherServlet ''
2022-09-14_14-12-28 [main] INFO  o.s.t.w.s.TestDispatcherServlet - Initializing Servlet ''
2022-09-14_14-12-28 [main] INFO  o.s.t.w.s.TestDispatcherServlet - Completed initialization in 3 ms
2022-09-14_14-12-28 [main] INFO  o.s.mock.web.MockServletContext - Initializing Spring TestDispatcherServlet ''
2022-09-14_14-12-28 [main] INFO  o.s.t.w.s.TestDispatcherServlet - Initializing Servlet ''
2022-09-14_14-12-28 [main] INFO  o.s.t.w.s.TestDispatcherServlet - Completed initialization in 0 ms
2022-09-14_14-12-28 [main] INFO  o.s.mock.web.MockServletContext - Initializing Spring TestDispatcherServlet ''
2022-09-14_14-12-28 [main] INFO  o.s.t.w.s.TestDispatcherServlet - Initializing Servlet ''
2022-09-14_14-12-28 [main] INFO  o.s.t.w.s.TestDispatcherServlet - Completed initialization in 0 ms
2022-09-14_14-12-28 [main] INFO  o.s.mock.web.MockServletContext - Initializing Spring TestDispatcherServlet ''
2022-09-14_14-12-28 [main] INFO  o.s.t.w.s.TestDispatcherServlet - Initializing Servlet ''
2022-09-14_14-12-28 [main] INFO  o.s.t.w.s.TestDispatcherServlet - Completed initialization in 0 ms
2022-09-14_14-12-28 [main] INFO  o.s.mock.web.MockServletContext - Initializing Spring TestDispatcherServlet ''
2022-09-14_14-12-28 [main] INFO  o.s.t.w.s.TestDispatcherServlet - Initializing Servlet ''
2022-09-14_14-12-28 [main] INFO  o.s.t.w.s.TestDispatcherServlet - Completed initialization in 0 ms
2022-09-14_14-12-28 [main] INFO  o.s.mock.web.MockServletContext - Initializing Spring TestDispatcherServlet ''
2022-09-14_14-12-28 [main] INFO  o.s.t.w.s.TestDispatcherServlet - Initializing Servlet ''
2022-09-14_14-12-28 [main] INFO  o.s.t.w.s.TestDispatcherServlet - Completed initialization in 0 ms
2022-09-14_14-12-28 [main] INFO  o.s.mock.web.MockServletContext - Initializing Spring TestDispatcherServlet ''
2022-09-14_14-12-28 [main] INFO  o.s.t.w.s.TestDispatcherServlet - Initializing Servlet ''
2022-09-14_14-12-28 [main] INFO  o.s.t.w.s.TestDispatcherServlet - Completed initialization in 0 ms
2022-09-14_14-12-28 [main] INFO  o.s.t.c.s.DefaultTestContextBootstrapper - Loaded default TestExecutionListener class names from location [META-INF/spring.factories]: [org.springframework.boot.test.mock.mockito.MockitoTestExecutionListener, org.springframework.boot.test.mock.mockito.ResetMocksTestExecutionListener, org.springframework.boot.test.autoconfigure.restdocs.RestDocsTestExecutionListener, org.springframework.boot.test.autoconfigure.web.client.MockRestServiceServerResetTestExecutionListener, org.springframework.boot.test.autoconfigure.web.servlet.MockMvcPrintOnlyOnFailureTestExecutionListener, org.springframework.boot.test.autoconfigure.web.servlet.WebDriverTestExecutionListener, org.springframework.boot.test.autoconfigure.webservices.client.MockWebServiceServerTestExecutionListener, org.springframework.test.context.web.ServletTestExecutionListener, org.springframework.test.context.support.DirtiesContextBeforeModesTestExecutionListener, org.springframework.test.context.event.ApplicationEventsTestExecutionListener, org.springframework.test.context.support.DependencyInjectionTestExecutionListener, org.springframework.test.context.support.DirtiesContextTestExecutionListener, org.springframework.test.context.transaction.TransactionalTestExecutionListener, org.springframework.test.context.jdbc.SqlScriptsTestExecutionListener, org.springframework.test.context.event.EventPublishingTestExecutionListener]
2022-09-14_14-12-28 [main] INFO  o.s.t.c.s.DefaultTestContextBootstrapper - Using TestExecutionListeners: [org.springframework.test.context.web.ServletTestExecutionListener@66e17eff, org.springframework.test.context.support.DirtiesContextBeforeModesTestExecutionListener@4bb1b96b, org.springframework.test.context.event.ApplicationEventsTestExecutionListener@1bbddada, org.springframework.boot.test.mock.mockito.MockitoTestExecutionListener@1f66d8e1, org.springframework.test.context.support.DependencyInjectionTestExecutionListener@721d5b74, org.springframework.test.context.support.DirtiesContextTestExecutionListener@3421debd, org.springframework.test.context.transaction.TransactionalTestExecutionListener@41bfa9e9, org.springframework.test.context.jdbc.SqlScriptsTestExecutionListener@68b7d0ef, org.springframework.test.context.event.EventPublishingTestExecutionListener@7069f076, org.springframework.boot.test.mock.mockito.ResetMocksTestExecutionListener@4a070cf0, org.springframework.boot.test.autoconfigure.restdocs.RestDocsTestExecutionListener@764b14b8, org.springframework.boot.test.autoconfigure.web.client.MockRestServiceServerResetTestExecutionListener@202d9236, org.springframework.boot.test.autoconfigure.web.servlet.MockMvcPrintOnlyOnFailureTestExecutionListener@1f782c05, org.springframework.boot.test.autoconfigure.web.servlet.WebDriverTestExecutionListener@6d6ac396, org.springframework.boot.test.autoconfigure.webservices.client.MockWebServiceServerTestExecutionListener@432af457]
2022-09-14_14-12-28 [main] INFO  com.mfpe.plant.service.PlantService - Inside viewPartsReorderof service
2022-09-14_14-12-28 [main] INFO  com.mfpe.plant.service.PlantService - [Part details:]
2022-09-14_14-12-28 [main] INFO  com.mfpe.plant.service.PlantService - Inside viewPartsReorderof service
2022-09-14_14-12-28 [main] INFO  com.mfpe.plant.service.PlantService - Inside viewPartsReorderof service
2022-09-14_14-12-28 [main] INFO  com.mfpe.plant.service.PlantService - [Part details:]
2022-09-14_14-12-28 [main] INFO  com.mfpe.plant.service.PlantService - Inside viewPartsReorderof service
2022-09-14_14-12-28 [main] INFO  com.mfpe.plant.service.PlantService - [Part details:]
2022-09-14_14-12-28 [main] INFO  com.mfpe.plant.service.PlantService - Inside viewStockInHand of service
2022-09-14_14-12-28 [main] INFO  com.mfpe.plant.service.PlantService - [Stock details:]Part(partId=123, partDescription=Part Description, partSpecification=Part Specification, stockInHand=1)
2022-09-14_14-12-28 [main] INFO  com.mfpe.plant.service.PlantService - Inside updateMinMaxQuantities of service
2022-09-14_14-12-28 [main] INFO  com.mfpe.plant.service.PlantService - Inside updateMinMaxQuantities of service
2022-09-14_14-12-28 [main] INFO  com.mfpe.plant.service.PlantService - Inside updateMinMaxQuantities of service
2022-09-14_14-12-28 [main] INFO  com.mfpe.plant.service.PlantService - Inside viewStockInHand of service
2022-09-14_14-12-28 [main] INFO  com.mfpe.plant.service.PlantService - Inside viewStockInHand of service
2022-09-14_14-12-28 [main] INFO  com.mfpe.plant.service.PlantService - Inside updateMinMaxQuantities of service
2022-09-14_14-12-28 [main] INFO  o.s.b.t.c.SpringBootTestContextBootstrapper - Neither @ContextConfiguration nor @ContextHierarchy found for test class [com.mfpe.plant.PlantApplicationTests], using SpringBootContextLoader
2022-09-14_14-12-28 [main] INFO  o.s.t.c.s.AbstractContextLoader - Could not detect default resource locations for test class [com.mfpe.plant.PlantApplicationTests]: no resource found for suffixes {-context.xml, Context.groovy}.
2022-09-14_14-12-28 [main] INFO  o.s.t.c.s.AnnotationConfigContextLoaderUtils - Could not detect default configuration classes for test class [com.mfpe.plant.PlantApplicationTests]: PlantApplicationTests does not declare any static, non-private, non-final, nested classes annotated with @Configuration.
2022-09-14_14-12-28 [main] INFO  o.s.b.t.c.SpringBootTestContextBootstrapper - Found @SpringBootConfiguration com.mfpe.plant.PlantApplication for test class com.mfpe.plant.PlantApplicationTests
2022-09-14_14-12-28 [main] INFO  o.s.b.t.c.SpringBootTestContextBootstrapper - Loaded default TestExecutionListener class names from location [META-INF/spring.factories]: [org.springframework.boot.test.mock.mockito.MockitoTestExecutionListener, org.springframework.boot.test.mock.mockito.ResetMocksTestExecutionListener, org.springframework.boot.test.autoconfigure.restdocs.RestDocsTestExecutionListener, org.springframework.boot.test.autoconfigure.web.client.MockRestServiceServerResetTestExecutionListener, org.springframework.boot.test.autoconfigure.web.servlet.MockMvcPrintOnlyOnFailureTestExecutionListener, org.springframework.boot.test.autoconfigure.web.servlet.WebDriverTestExecutionListener, org.springframework.boot.test.autoconfigure.webservices.client.MockWebServiceServerTestExecutionListener, org.springframework.test.context.web.ServletTestExecutionListener, org.springframework.test.context.support.DirtiesContextBeforeModesTestExecutionListener, org.springframework.test.context.event.ApplicationEventsTestExecutionListener, org.springframework.test.context.support.DependencyInjectionTestExecutionListener, org.springframework.test.context.support.DirtiesContextTestExecutionListener, org.springframework.test.context.transaction.TransactionalTestExecutionListener, org.springframework.test.context.jdbc.SqlScriptsTestExecutionListener, org.springframework.test.context.event.EventPublishingTestExecutionListener]
2022-09-14_14-12-28 [main] INFO  o.s.b.t.c.SpringBootTestContextBootstrapper - Using TestExecutionListeners: [org.springframework.test.context.web.ServletTestExecutionListener@50ec4bfc, org.springframework.test.context.support.DirtiesContextBeforeModesTestExecutionListener@8b13d91, org.springframework.test.context.event.ApplicationEventsTestExecutionListener@285a4fe3, org.springframework.boot.test.mock.mockito.MockitoTestExecutionListener@2589d787, org.springframework.boot.test.autoconfigure.SpringBootDependencyInjectionTestExecutionListener@1788cb61, org.springframework.test.context.support.DirtiesContextTestExecutionListener@16d431b4, org.springframework.test.context.transaction.TransactionalTestExecutionListener@6c0b51da, org.springframework.test.context.jdbc.SqlScriptsTestExecutionListener@7558633, org.springframework.test.context.event.EventPublishingTestExecutionListener@5657967b, org.springframework.boot.test.mock.mockito.ResetMocksTestExecutionListener@61394494, org.springframework.boot.test.autoconfigure.restdocs.RestDocsTestExecutionListener@578a5ce8, org.springframework.boot.test.autoconfigure.web.client.MockRestServiceServerResetTestExecutionListener@7c453c34, org.springframework.boot.test.autoconfigure.web.servlet.MockMvcPrintOnlyOnFailureTestExecutionListener@16cb9989, org.springframework.boot.test.autoconfigure.web.servlet.WebDriverTestExecutionListener@3dfd6220, org.springframework.boot.test.autoconfigure.webservices.client.MockWebServiceServerTestExecutionListener@3815146b]
2022-09-14_14-12-32 [main] INFO  com.mfpe.plant.PlantApplicationTests - Starting PlantApplicationTests using Java 11.0.15 on Shahbaz with PID 15964 (started by Shahbaz Khan in C:\Shahbaz\Fiverr\14 Sep 2022\testing mfpe\plant)
2022-09-14_14-12-32 [main] INFO  com.mfpe.plant.PlantApplicationTests - No active profile set, falling back to default profiles: default
2022-09-14_14-12-32 [main] INFO  o.s.d.r.c.RepositoryConfigurationDelegate - Bootstrapping Spring Data JPA repositories in DEFAULT mode.
2022-09-14_14-12-32 [main] INFO  o.s.d.r.c.RepositoryConfigurationDelegate - Finished Spring Data repository scanning in 67 ms. Found 3 JPA repository interfaces.
2022-09-14_14-12-32 [main] INFO  o.s.cloud.context.scope.GenericScope - BeanFactory id=2f9f13d2-a3e3-3ab8-976e-69b91b3cb464
2022-09-14_14-12-32 [main] INFO  com.zaxxer.hikari.HikariDataSource - HikariPool-1 - Starting...
2022-09-14_14-12-32 [main] INFO  com.zaxxer.hikari.HikariDataSource - HikariPool-1 - Start completed.
2022-09-14_14-12-32 [main] INFO  o.h.jpa.internal.util.LogHelper - HHH000204: Processing PersistenceUnitInfo [name: default]
2022-09-14_14-12-32 [main] INFO  org.hibernate.Version - HHH000412: Hibernate ORM core version 5.4.27.Final
2022-09-14_14-12-32 [main] INFO  o.h.annotations.common.Version - HCANN000001: Hibernate Commons Annotations {5.1.2.Final}
2022-09-14_14-12-32 [main] INFO  org.hibernate.dialect.Dialect - HHH000400: Using dialect: org.hibernate.dialect.H2Dialect
2022-09-14_14-12-32 [main] INFO  o.h.e.t.j.p.i.JtaPlatformInitiator - HHH000490: Using JtaPlatform implementation: [org.hibernate.engine.transaction.jta.platform.internal.NoJtaPlatform]
2022-09-14_14-12-32 [main] INFO  o.s.o.j.LocalContainerEntityManagerFactoryBean - Initialized JPA EntityManagerFactory for persistence unit 'default'
2022-09-14_14-12-32 [main] INFO  o.s.b.a.h.H2ConsoleAutoConfiguration - H2 console available at '/h2-console'. Database available at 'jdbc:h2:mem:testdb'
2022-09-14_14-12-32 [main] INFO  s.d.s.w.PropertySourcedRequestMappingHandlerMapping - Mapped URL path [/v2/api-docs] onto method [springfox.documentation.swagger2.web.Swagger2Controller#getDocumentation(String, HttpServletRequest)]
2022-09-14_14-12-32 [main] INFO  o.s.s.c.ThreadPoolTaskExecutor - Initializing ExecutorService 'applicationTaskExecutor'
2022-09-14_14-12-32 [main] INFO  s.d.s.w.p.DocumentationPluginsBootstrapper - Context refreshed
2022-09-14_14-12-32 [main] INFO  s.d.s.w.p.DocumentationPluginsBootstrapper - Found 1 custom documentation plugin(s)
2022-09-14_14-12-32 [main] INFO  s.d.s.w.s.ApiListingReferenceScanner - Scanning for api listing references
2022-09-14_14-12-32 [main] INFO  com.mfpe.plant.PlantApplicationTests - Started PlantApplicationTests in 8.183 seconds (JVM running for 13.411)
2022-09-14_14-12-40 [main] INFO  com.mfpe.plant.PlantApplication - Starting PlantApplication using Java 11.0.15 on Shahbaz with PID 15964 (started by Shahbaz Khan in C:\Shahbaz\Fiverr\14 Sep 2022\testing mfpe\plant)
2022-09-14_14-12-40 [main] INFO  com.mfpe.plant.PlantApplication - No active profile set, falling back to default profiles: default
2022-09-14_14-12-40 [main] INFO  o.s.d.r.c.RepositoryConfigurationDelegate - Bootstrapping Spring Data JPA repositories in DEFAULT mode.
2022-09-14_14-12-40 [main] INFO  o.s.d.r.c.RepositoryConfigurationDelegate - Finished Spring Data repository scanning in 15 ms. Found 3 JPA repository interfaces.
2022-09-14_14-12-40 [main] INFO  o.s.cloud.context.scope.GenericScope - BeanFactory id=0c0f8489-8ce4-3f2e-9fcf-051befee756c
2022-09-14_14-12-40 [main] INFO  o.s.b.w.e.tomcat.TomcatWebServer - Tomcat initialized with port(s): 8082 (http)
2022-09-14_14-12-40 [main] INFO  o.a.coyote.http11.Http11NioProtocol - Initializing ProtocolHandler ["http-nio-8082"]
2022-09-14_14-12-40 [main] INFO  o.a.catalina.core.StandardService - Starting service [Tomcat]
2022-09-14_14-12-40 [main] INFO  o.a.catalina.core.StandardEngine - Starting Servlet engine: [Apache Tomcat/9.0.41]
2022-09-14_14-12-40 [main] INFO  o.a.c.c.C.[.[localhost].[/plantapp] - Initializing Spring embedded WebApplicationContext
2022-09-14_14-12-40 [main] INFO  o.s.b.w.s.c.ServletWebServerApplicationContext - Root WebApplicationContext: initialization completed in 969 ms
2022-09-14_14-12-40 [main] INFO  com.zaxxer.hikari.HikariDataSource - HikariPool-2 - Starting...
2022-09-14_14-12-40 [main] INFO  com.zaxxer.hikari.HikariDataSource - HikariPool-2 - Start completed.
2022-09-14_14-12-40 [main] INFO  o.s.b.a.h.H2ConsoleAutoConfiguration - H2 console available at '/h2-console'. Database available at 'jdbc:h2:mem:testdb'
2022-09-14_14-12-40 [main] INFO  o.h.jpa.internal.util.LogHelper - HHH000204: Processing PersistenceUnitInfo [name: default]
2022-09-14_14-12-40 [main] INFO  org.hibernate.dialect.Dialect - HHH000400: Using dialect: org.hibernate.dialect.H2Dialect
2022-09-14_14-12-40 [main] INFO  o.h.e.t.j.p.i.JtaPlatformInitiator - HHH000490: Using JtaPlatform implementation: [org.hibernate.engine.transaction.jta.platform.internal.NoJtaPlatform]
2022-09-14_14-12-40 [main] INFO  o.s.o.j.LocalContainerEntityManagerFactoryBean - Initialized JPA EntityManagerFactory for persistence unit 'default'
2022-09-14_14-12-40 [main] INFO  s.d.s.w.PropertySourcedRequestMappingHandlerMapping - Mapped URL path [/v2/api-docs] onto method [springfox.documentation.swagger2.web.Swagger2Controller#getDocumentation(String, HttpServletRequest)]
2022-09-14_14-12-40 [main] INFO  o.s.s.c.ThreadPoolTaskExecutor - Initializing ExecutorService 'applicationTaskExecutor'
2022-09-14_14-12-40 [main] INFO  o.a.coyote.http11.Http11NioProtocol - Starting ProtocolHandler ["http-nio-8082"]
2022-09-14_14-12-40 [main] INFO  o.s.b.w.e.tomcat.TomcatWebServer - Tomcat started on port(s): 8082 (http) with context path '/plantapp'
2022-09-14_14-12-40 [main] INFO  s.d.s.w.p.DocumentationPluginsBootstrapper - Context refreshed
2022-09-14_14-12-40 [main] INFO  s.d.s.w.p.DocumentationPluginsBootstrapper - Found 1 custom documentation plugin(s)
2022-09-14_14-12-40 [main] INFO  s.d.s.w.s.ApiListingReferenceScanner - Scanning for api listing references
2022-09-14_14-12-40 [main] INFO  com.mfpe.plant.PlantApplication - Started PlantApplication in 2.144 seconds (JVM running for 15.569)
2022-09-14_14-12-40 [SpringContextShutdownHook] INFO  o.s.s.c.ThreadPoolTaskExecutor - Shutting down ExecutorService 'applicationTaskExecutor'
2022-09-14_14-12-40 [SpringContextShutdownHook] INFO  o.s.o.j.LocalContainerEntityManagerFactoryBean - Closing JPA EntityManagerFactory for persistence unit 'default'
2022-09-14_14-12-40 [SpringContextShutdownHook] INFO  o.h.t.s.i.SchemaDropperImpl$DelayedDropActionImpl - HHH000477: Starting delayed evictData of schema as part of SessionFactory shut-down'
2022-09-14_14-12-40 [SpringContextShutdownHook] INFO  com.zaxxer.hikari.HikariDataSource - HikariPool-1 - Shutdown initiated...
2022-09-14_14-12-40 [SpringContextShutdownHook] INFO  com.zaxxer.hikari.HikariDataSource - HikariPool-1 - Shutdown completed.
2022-09-14_14-12-40 [SpringContextShutdownHook] INFO  o.s.s.c.ThreadPoolTaskExecutor - Shutting down ExecutorService 'applicationTaskExecutor'
2022-09-14_14-12-40 [SpringContextShutdownHook] INFO  o.s.o.j.LocalContainerEntityManagerFactoryBean - Closing JPA EntityManagerFactory for persistence unit 'default'
2022-09-14_14-12-40 [SpringContextShutdownHook] INFO  o.h.t.s.i.SchemaDropperImpl$DelayedDropActionImpl - HHH000477: Starting delayed evictData of schema as part of SessionFactory shut-down'
2022-09-14_14-12-40 [SpringContextShutdownHook] INFO  com.zaxxer.hikari.HikariDataSource - HikariPool-2 - Shutdown initiated...
2022-09-14_14-12-40 [SpringContextShutdownHook] INFO  com.zaxxer.hikari.HikariDataSource - HikariPool-2 - Shutdown completed.
2022-09-14_14-34-23 [main] INFO  o.s.b.t.c.SpringBootTestContextBootstrapper - Neither @ContextConfiguration nor @ContextHierarchy found for test class [com.mfpe.plant.controller.PlantControllerTest], using SpringBootContextLoader
2022-09-14_14-34-23 [main] INFO  o.s.t.c.s.AbstractContextLoader - Could not detect default resource locations for test class [com.mfpe.plant.controller.PlantControllerTest]: no resource found for suffixes {-context.xml, Context.groovy}.
2022-09-14_14-34-23 [main] INFO  o.s.t.c.s.AnnotationConfigContextLoaderUtils - Could not detect default configuration classes for test class [com.mfpe.plant.controller.PlantControllerTest]: PlantControllerTest does not declare any static, non-private, non-final, nested classes annotated with @Configuration.
2022-09-14_14-34-23 [main] INFO  o.s.b.t.c.SpringBootTestContextBootstrapper - Found @SpringBootConfiguration com.mfpe.plant.PlantApplication for test class com.mfpe.plant.controller.PlantControllerTest
2022-09-14_14-34-23 [main] INFO  o.s.b.t.c.SpringBootTestContextBootstrapper - Loaded default TestExecutionListener class names from location [META-INF/spring.factories]: [org.springframework.boot.test.mock.mockito.MockitoTestExecutionListener, org.springframework.boot.test.mock.mockito.ResetMocksTestExecutionListener, org.springframework.boot.test.autoconfigure.restdocs.RestDocsTestExecutionListener, org.springframework.boot.test.autoconfigure.web.client.MockRestServiceServerResetTestExecutionListener, org.springframework.boot.test.autoconfigure.web.servlet.MockMvcPrintOnlyOnFailureTestExecutionListener, org.springframework.boot.test.autoconfigure.web.servlet.WebDriverTestExecutionListener, org.springframework.boot.test.autoconfigure.webservices.client.MockWebServiceServerTestExecutionListener, org.springframework.test.context.web.ServletTestExecutionListener, org.springframework.test.context.support.DirtiesContextBeforeModesTestExecutionListener, org.springframework.test.context.event.ApplicationEventsTestExecutionListener, org.springframework.test.context.support.DependencyInjectionTestExecutionListener, org.springframework.test.context.support.DirtiesContextTestExecutionListener, org.springframework.test.context.transaction.TransactionalTestExecutionListener, org.springframework.test.context.jdbc.SqlScriptsTestExecutionListener, org.springframework.test.context.event.EventPublishingTestExecutionListener]
2022-09-14_14-34-23 [main] INFO  o.s.b.t.c.SpringBootTestContextBootstrapper - Using TestExecutionListeners: [org.springframework.test.context.web.ServletTestExecutionListener@6ea1bcdc, org.springframework.test.context.support.DirtiesContextBeforeModesTestExecutionListener@759fad4, org.springframework.test.context.event.ApplicationEventsTestExecutionListener@64712be, org.springframework.boot.test.mock.mockito.MockitoTestExecutionListener@53499d85, org.springframework.boot.test.autoconfigure.SpringBootDependencyInjectionTestExecutionListener@30ed9c6c, org.springframework.test.context.support.DirtiesContextTestExecutionListener@782a4fff, org.springframework.test.context.transaction.TransactionalTestExecutionListener@46c670a6, org.springframework.test.context.jdbc.SqlScriptsTestExecutionListener@59fc684e, org.springframework.test.context.event.EventPublishingTestExecutionListener@5ae81e1, org.springframework.boot.test.mock.mockito.ResetMocksTestExecutionListener@2fd1731c, org.springframework.boot.test.autoconfigure.restdocs.RestDocsTestExecutionListener@5ae76500, org.springframework.boot.test.autoconfigure.web.client.MockRestServiceServerResetTestExecutionListener@6063d80a, org.springframework.boot.test.autoconfigure.web.servlet.MockMvcPrintOnlyOnFailureTestExecutionListener@1133ec6e, org.springframework.boot.test.autoconfigure.web.servlet.WebDriverTestExecutionListener@355e34c7, org.springframework.boot.test.autoconfigure.webservices.client.MockWebServiceServerTestExecutionListener@54709809]
2022-09-14_14-34-24 [main] INFO  c.m.p.controller.PlantControllerTest - Starting PlantControllerTest using Java 11.0.15 on Shahbaz with PID 8752 (started by Shahbaz Khan in C:\Shahbaz\Fiverr\14 Sep 2022\testing mfpe\plant)
2022-09-14_14-34-24 [main] INFO  c.m.p.controller.PlantControllerTest - No active profile set, falling back to default profiles: default
2022-09-14_14-34-24 [main] INFO  o.s.d.r.c.RepositoryConfigurationDelegate - Bootstrapping Spring Data JPA repositories in DEFAULT mode.
2022-09-14_14-34-24 [main] INFO  o.s.d.r.c.RepositoryConfigurationDelegate - Finished Spring Data repository scanning in 91 ms. Found 3 JPA repository interfaces.
2022-09-14_14-34-24 [main] INFO  o.s.cloud.context.scope.GenericScope - BeanFactory id=8684626e-5f73-3579-8a24-8674973eeb7f
2022-09-14_14-34-24 [main] INFO  com.zaxxer.hikari.HikariDataSource - HikariPool-1 - Starting...
2022-09-14_14-34-24 [main] INFO  com.zaxxer.hikari.HikariDataSource - HikariPool-1 - Start completed.
2022-09-14_14-34-24 [main] INFO  o.h.jpa.internal.util.LogHelper - HHH000204: Processing PersistenceUnitInfo [name: default]
2022-09-14_14-34-24 [main] INFO  org.hibernate.Version - HHH000412: Hibernate ORM core version 5.4.27.Final
2022-09-14_14-34-24 [main] INFO  o.h.annotations.common.Version - HCANN000001: Hibernate Commons Annotations {5.1.2.Final}
2022-09-14_14-34-24 [main] INFO  org.hibernate.dialect.Dialect - HHH000400: Using dialect: org.hibernate.dialect.H2Dialect
2022-09-14_14-34-24 [main] INFO  o.h.e.t.j.p.i.JtaPlatformInitiator - HHH000490: Using JtaPlatform implementation: [org.hibernate.engine.transaction.jta.platform.internal.NoJtaPlatform]
2022-09-14_14-34-24 [main] INFO  o.s.o.j.LocalContainerEntityManagerFactoryBean - Initialized JPA EntityManagerFactory for persistence unit 'default'
2022-09-14_14-34-24 [main] INFO  o.s.b.a.h.H2ConsoleAutoConfiguration - H2 console available at '/h2-console'. Database available at 'jdbc:h2:mem:testdb'
2022-09-14_14-34-24 [main] INFO  s.d.s.w.PropertySourcedRequestMappingHandlerMapping - Mapped URL path [/v2/api-docs] onto method [springfox.documentation.swagger2.web.Swagger2Controller#getDocumentation(String, HttpServletRequest)]
2022-09-14_14-34-24 [main] INFO  o.s.s.c.ThreadPoolTaskExecutor - Initializing ExecutorService 'applicationTaskExecutor'
2022-09-14_14-34-24 [main] INFO  o.s.b.t.m.w.SpringBootMockServletContext - Initializing Spring TestDispatcherServlet ''
2022-09-14_14-34-24 [main] INFO  o.s.t.w.s.TestDispatcherServlet - Initializing Servlet ''
2022-09-14_14-34-24 [main] INFO  o.s.t.w.s.TestDispatcherServlet - Completed initialization in 1 ms
2022-09-14_14-34-24 [main] INFO  s.d.s.w.p.DocumentationPluginsBootstrapper - Context refreshed
2022-09-14_14-34-24 [main] INFO  s.d.s.w.p.DocumentationPluginsBootstrapper - Found 1 custom documentation plugin(s)
2022-09-14_14-34-24 [main] INFO  s.d.s.w.s.ApiListingReferenceScanner - Scanning for api listing references
2022-09-14_14-34-24 [main] INFO  c.m.p.controller.PlantControllerTest - Started PlantControllerTest in 6.478 seconds (JVM running for 8.125)
2022-09-14_14-34-24 [main] INFO  o.s.mock.web.MockServletContext - Initializing Spring TestDispatcherServlet ''
2022-09-14_14-34-24 [main] INFO  o.s.t.w.s.TestDispatcherServlet - Initializing Servlet ''
2022-09-14_14-34-24 [main] INFO  o.s.t.w.s.TestDispatcherServlet - Completed initialization in 0 ms
2022-09-14_14-34-24 [main] INFO  o.s.mock.web.MockServletContext - Initializing Spring TestDispatcherServlet ''
2022-09-14_14-34-24 [main] INFO  o.s.t.w.s.TestDispatcherServlet - Initializing Servlet ''
2022-09-14_14-34-24 [main] INFO  o.s.t.w.s.TestDispatcherServlet - Completed initialization in 0 ms
2022-09-14_14-34-24 [main] INFO  o.s.mock.web.MockServletContext - Initializing Spring TestDispatcherServlet ''
2022-09-14_14-34-24 [main] INFO  o.s.t.w.s.TestDispatcherServlet - Initializing Servlet ''
2022-09-14_14-34-24 [main] INFO  o.s.t.w.s.TestDispatcherServlet - Completed initialization in 0 ms
2022-09-14_14-34-24 [main] INFO  o.s.mock.web.MockServletContext - Initializing Spring TestDispatcherServlet ''
2022-09-14_14-34-24 [main] INFO  o.s.t.w.s.TestDispatcherServlet - Initializing Servlet ''
2022-09-14_14-34-24 [main] INFO  o.s.t.w.s.TestDispatcherServlet - Completed initialization in 0 ms
2022-09-14_14-34-24 [main] INFO  o.s.mock.web.MockServletContext - Initializing Spring TestDispatcherServlet ''
2022-09-14_14-34-24 [main] INFO  o.s.t.w.s.TestDispatcherServlet - Initializing Servlet ''
2022-09-14_14-34-24 [main] INFO  o.s.t.w.s.TestDispatcherServlet - Completed initialization in 0 ms
2022-09-14_14-34-24 [SpringContextShutdownHook] INFO  o.s.s.c.ThreadPoolTaskExecutor - Shutting down ExecutorService 'applicationTaskExecutor'
2022-09-14_14-34-24 [SpringContextShutdownHook] INFO  o.s.o.j.LocalContainerEntityManagerFactoryBean - Closing JPA EntityManagerFactory for persistence unit 'default'
2022-09-14_14-34-24 [SpringContextShutdownHook] INFO  o.h.t.s.i.SchemaDropperImpl$DelayedDropActionImpl - HHH000477: Starting delayed evictData of schema as part of SessionFactory shut-down'
2022-09-14_14-34-24 [SpringContextShutdownHook] INFO  com.zaxxer.hikari.HikariDataSource - HikariPool-1 - Shutdown initiated...
2022-09-14_14-34-24 [SpringContextShutdownHook] INFO  com.zaxxer.hikari.HikariDataSource - HikariPool-1 - Shutdown completed.
2022-09-14_14-39-44 [main] INFO  o.s.b.t.c.SpringBootTestContextBootstrapper - Neither @ContextConfiguration nor @ContextHierarchy found for test class [com.mfpe.plant.controller.PlantControllerTest], using SpringBootContextLoader
2022-09-14_14-39-44 [main] INFO  o.s.t.c.s.AbstractContextLoader - Could not detect default resource locations for test class [com.mfpe.plant.controller.PlantControllerTest]: no resource found for suffixes {-context.xml, Context.groovy}.
2022-09-14_14-39-44 [main] INFO  o.s.t.c.s.AnnotationConfigContextLoaderUtils - Could not detect default configuration classes for test class [com.mfpe.plant.controller.PlantControllerTest]: PlantControllerTest does not declare any static, non-private, non-final, nested classes annotated with @Configuration.
2022-09-14_14-39-44 [main] INFO  o.s.b.t.c.SpringBootTestContextBootstrapper - Found @SpringBootConfiguration com.mfpe.plant.PlantApplication for test class com.mfpe.plant.controller.PlantControllerTest
2022-09-14_14-39-44 [main] INFO  o.s.b.t.c.SpringBootTestContextBootstrapper - Loaded default TestExecutionListener class names from location [META-INF/spring.factories]: [org.springframework.boot.test.mock.mockito.MockitoTestExecutionListener, org.springframework.boot.test.mock.mockito.ResetMocksTestExecutionListener, org.springframework.boot.test.autoconfigure.restdocs.RestDocsTestExecutionListener, org.springframework.boot.test.autoconfigure.web.client.MockRestServiceServerResetTestExecutionListener, org.springframework.boot.test.autoconfigure.web.servlet.MockMvcPrintOnlyOnFailureTestExecutionListener, org.springframework.boot.test.autoconfigure.web.servlet.WebDriverTestExecutionListener, org.springframework.boot.test.autoconfigure.webservices.client.MockWebServiceServerTestExecutionListener, org.springframework.test.context.web.ServletTestExecutionListener, org.springframework.test.context.support.DirtiesContextBeforeModesTestExecutionListener, org.springframework.test.context.event.ApplicationEventsTestExecutionListener, org.springframework.test.context.support.DependencyInjectionTestExecutionListener, org.springframework.test.context.support.DirtiesContextTestExecutionListener, org.springframework.test.context.transaction.TransactionalTestExecutionListener, org.springframework.test.context.jdbc.SqlScriptsTestExecutionListener, org.springframework.test.context.event.EventPublishingTestExecutionListener]
2022-09-14_14-39-44 [main] INFO  o.s.b.t.c.SpringBootTestContextBootstrapper - Using TestExecutionListeners: [org.springframework.test.context.web.ServletTestExecutionListener@5707c1cb, org.springframework.test.context.support.DirtiesContextBeforeModesTestExecutionListener@2b5cb9b2, org.springframework.test.context.event.ApplicationEventsTestExecutionListener@35038141, org.springframework.boot.test.mock.mockito.MockitoTestExecutionListener@ecf9049, org.springframework.boot.test.autoconfigure.SpringBootDependencyInjectionTestExecutionListener@672f11c2, org.springframework.test.context.support.DirtiesContextTestExecutionListener@2970a5bc, org.springframework.test.context.transaction.TransactionalTestExecutionListener@50305a, org.springframework.test.context.jdbc.SqlScriptsTestExecutionListener@72efb5c1, org.springframework.test.context.event.EventPublishingTestExecutionListener@6d511b5f, org.springframework.boot.test.mock.mockito.ResetMocksTestExecutionListener@41200e0c, org.springframework.boot.test.autoconfigure.restdocs.RestDocsTestExecutionListener@40f33492, org.springframework.boot.test.autoconfigure.web.client.MockRestServiceServerResetTestExecutionListener@4fbdc0f0, org.springframework.boot.test.autoconfigure.web.servlet.MockMvcPrintOnlyOnFailureTestExecutionListener@2ad3a1bb, org.springframework.boot.test.autoconfigure.web.servlet.WebDriverTestExecutionListener@6bc28a83, org.springframework.boot.test.autoconfigure.webservices.client.MockWebServiceServerTestExecutionListener@324c64cd]
2022-09-14_14-39-46 [main] INFO  c.m.p.controller.PlantControllerTest - Starting PlantControllerTest using Java 11.0.15 on Shahbaz with PID 17764 (started by Shahbaz Khan in C:\Shahbaz\Fiverr\14 Sep 2022\testing mfpe\plant)
2022-09-14_14-39-46 [main] INFO  c.m.p.controller.PlantControllerTest - No active profile set, falling back to default profiles: default
2022-09-14_14-39-46 [main] INFO  o.s.d.r.c.RepositoryConfigurationDelegate - Bootstrapping Spring Data JPA repositories in DEFAULT mode.
2022-09-14_14-39-46 [main] INFO  o.s.d.r.c.RepositoryConfigurationDelegate - Finished Spring Data repository scanning in 67 ms. Found 3 JPA repository interfaces.
2022-09-14_14-39-46 [main] INFO  o.s.cloud.context.scope.GenericScope - BeanFactory id=8684626e-5f73-3579-8a24-8674973eeb7f
2022-09-14_14-39-46 [main] INFO  com.zaxxer.hikari.HikariDataSource - HikariPool-1 - Starting...
2022-09-14_14-39-46 [main] INFO  com.zaxxer.hikari.HikariDataSource - HikariPool-1 - Start completed.
2022-09-14_14-39-46 [main] INFO  o.h.jpa.internal.util.LogHelper - HHH000204: Processing PersistenceUnitInfo [name: default]
2022-09-14_14-39-46 [main] INFO  org.hibernate.Version - HHH000412: Hibernate ORM core version 5.4.27.Final
2022-09-14_14-39-46 [main] INFO  o.h.annotations.common.Version - HCANN000001: Hibernate Commons Annotations {5.1.2.Final}
2022-09-14_14-39-46 [main] INFO  org.hibernate.dialect.Dialect - HHH000400: Using dialect: org.hibernate.dialect.H2Dialect
2022-09-14_14-39-46 [main] INFO  o.h.e.t.j.p.i.JtaPlatformInitiator - HHH000490: Using JtaPlatform implementation: [org.hibernate.engine.transaction.jta.platform.internal.NoJtaPlatform]
2022-09-14_14-39-46 [main] INFO  o.s.o.j.LocalContainerEntityManagerFactoryBean - Initialized JPA EntityManagerFactory for persistence unit 'default'
2022-09-14_14-39-46 [main] INFO  o.s.b.a.h.H2ConsoleAutoConfiguration - H2 console available at '/h2-console'. Database available at 'jdbc:h2:mem:testdb'
2022-09-14_14-39-46 [main] INFO  s.d.s.w.PropertySourcedRequestMappingHandlerMapping - Mapped URL path [/v2/api-docs] onto method [springfox.documentation.swagger2.web.Swagger2Controller#getDocumentation(String, HttpServletRequest)]
2022-09-14_14-39-46 [main] INFO  o.s.s.c.ThreadPoolTaskExecutor - Initializing ExecutorService 'applicationTaskExecutor'
2022-09-14_14-39-46 [main] INFO  o.s.b.t.m.w.SpringBootMockServletContext - Initializing Spring TestDispatcherServlet ''
2022-09-14_14-39-46 [main] INFO  o.s.t.w.s.TestDispatcherServlet - Initializing Servlet ''
2022-09-14_14-39-46 [main] INFO  o.s.t.w.s.TestDispatcherServlet - Completed initialization in 2 ms
2022-09-14_14-39-46 [main] INFO  s.d.s.w.p.DocumentationPluginsBootstrapper - Context refreshed
2022-09-14_14-39-46 [main] INFO  s.d.s.w.p.DocumentationPluginsBootstrapper - Found 1 custom documentation plugin(s)
2022-09-14_14-39-46 [main] INFO  s.d.s.w.s.ApiListingReferenceScanner - Scanning for api listing references
2022-09-14_14-39-46 [main] INFO  c.m.p.controller.PlantControllerTest - Started PlantControllerTest in 12.224 seconds (JVM running for 15.807)
2022-09-14_14-39-46 [main] INFO  o.s.mock.web.MockServletContext - Initializing Spring TestDispatcherServlet ''
2022-09-14_14-39-46 [main] INFO  o.s.t.w.s.TestDispatcherServlet - Initializing Servlet ''
2022-09-14_14-39-46 [main] INFO  o.s.t.w.s.TestDispatcherServlet - Completed initialization in 0 ms
2022-09-14_14-39-46 [main] INFO  o.s.mock.web.MockServletContext - Initializing Spring TestDispatcherServlet ''
2022-09-14_14-39-46 [main] INFO  o.s.t.w.s.TestDispatcherServlet - Initializing Servlet ''
2022-09-14_14-39-46 [main] INFO  o.s.t.w.s.TestDispatcherServlet - Completed initialization in 0 ms
2022-09-14_14-39-46 [main] INFO  o.s.mock.web.MockServletContext - Initializing Spring TestDispatcherServlet ''
2022-09-14_14-39-46 [main] INFO  o.s.t.w.s.TestDispatcherServlet - Initializing Servlet ''
2022-09-14_14-39-46 [main] INFO  o.s.t.w.s.TestDispatcherServlet - Completed initialization in 0 ms
2022-09-14_14-39-46 [main] INFO  o.s.mock.web.MockServletContext - Initializing Spring TestDispatcherServlet ''
2022-09-14_14-39-46 [main] INFO  o.s.t.w.s.TestDispatcherServlet - Initializing Servlet ''
2022-09-14_14-39-46 [main] INFO  o.s.t.w.s.TestDispatcherServlet - Completed initialization in 0 ms
2022-09-14_14-39-46 [main] INFO  o.s.mock.web.MockServletContext - Initializing Spring TestDispatcherServlet ''
2022-09-14_14-39-46 [main] INFO  o.s.t.w.s.TestDispatcherServlet - Initializing Servlet ''
2022-09-14_14-39-46 [main] INFO  o.s.t.w.s.TestDispatcherServlet - Completed initialization in 0 ms
2022-09-14_14-39-46 [main] INFO  o.s.b.t.c.SpringBootTestContextBootstrapper - Neither @ContextConfiguration nor @ContextHierarchy found for test class [com.mfpe.plant.service.PlantServiceTest], using SpringBootContextLoader
2022-09-14_14-39-46 [main] INFO  o.s.t.c.s.AbstractContextLoader - Could not detect default resource locations for test class [com.mfpe.plant.service.PlantServiceTest]: no resource found for suffixes {-context.xml, Context.groovy}.
2022-09-14_14-39-46 [main] INFO  o.s.t.c.s.AnnotationConfigContextLoaderUtils - Could not detect default configuration classes for test class [com.mfpe.plant.service.PlantServiceTest]: PlantServiceTest does not declare any static, non-private, non-final, nested classes annotated with @Configuration.
2022-09-14_14-39-46 [main] INFO  o.s.b.t.c.SpringBootTestContextBootstrapper - Found @SpringBootConfiguration com.mfpe.plant.PlantApplication for test class com.mfpe.plant.service.PlantServiceTest
2022-09-14_14-39-46 [main] INFO  o.s.b.t.c.SpringBootTestContextBootstrapper - Loaded default TestExecutionListener class names from location [META-INF/spring.factories]: [org.springframework.boot.test.mock.mockito.MockitoTestExecutionListener, org.springframework.boot.test.mock.mockito.ResetMocksTestExecutionListener, org.springframework.boot.test.autoconfigure.restdocs.RestDocsTestExecutionListener, org.springframework.boot.test.autoconfigure.web.client.MockRestServiceServerResetTestExecutionListener, org.springframework.boot.test.autoconfigure.web.servlet.MockMvcPrintOnlyOnFailureTestExecutionListener, org.springframework.boot.test.autoconfigure.web.servlet.WebDriverTestExecutionListener, org.springframework.boot.test.autoconfigure.webservices.client.MockWebServiceServerTestExecutionListener, org.springframework.test.context.web.ServletTestExecutionListener, org.springframework.test.context.support.DirtiesContextBeforeModesTestExecutionListener, org.springframework.test.context.event.ApplicationEventsTestExecutionListener, org.springframework.test.context.support.DependencyInjectionTestExecutionListener, org.springframework.test.context.support.DirtiesContextTestExecutionListener, org.springframework.test.context.transaction.TransactionalTestExecutionListener, org.springframework.test.context.jdbc.SqlScriptsTestExecutionListener, org.springframework.test.context.event.EventPublishingTestExecutionListener]
2022-09-14_14-39-46 [main] INFO  o.s.b.t.c.SpringBootTestContextBootstrapper - Using TestExecutionListeners: [org.springframework.test.context.web.ServletTestExecutionListener@3b30409, org.springframework.test.context.support.DirtiesContextBeforeModesTestExecutionListener@79c9f619, org.springframework.test.context.event.ApplicationEventsTestExecutionListener@11885841, org.springframework.boot.test.mock.mockito.MockitoTestExecutionListener@24d998ba, org.springframework.boot.test.autoconfigure.SpringBootDependencyInjectionTestExecutionListener@3f514364, org.springframework.test.context.support.DirtiesContextTestExecutionListener@99e03a9, org.springframework.test.context.transaction.TransactionalTestExecutionListener@5a07088b, org.springframework.test.context.jdbc.SqlScriptsTestExecutionListener@32f35739, org.springframework.test.context.event.EventPublishingTestExecutionListener@70c6860, org.springframework.boot.test.mock.mockito.ResetMocksTestExecutionListener@7ef6a063, org.springframework.boot.test.autoconfigure.restdocs.RestDocsTestExecutionListener@1cd7bc66, org.springframework.boot.test.autoconfigure.web.client.MockRestServiceServerResetTestExecutionListener@34b56a5a, org.springframework.boot.test.autoconfigure.web.servlet.MockMvcPrintOnlyOnFailureTestExecutionListener@509e4bc4, org.springframework.boot.test.autoconfigure.web.servlet.WebDriverTestExecutionListener@1ba00c0c, org.springframework.boot.test.autoconfigure.webservices.client.MockWebServiceServerTestExecutionListener@3a35a792]
2022-09-14_14-39-46 [main] INFO  com.mfpe.plant.service.PlantService - Inside viewPartsReorderof service
2022-09-14_14-39-46 [main] INFO  com.mfpe.plant.service.PlantService - [Part details:]
2022-09-14_14-39-46 [main] INFO  com.mfpe.plant.service.PlantService - Inside viewPartsReorderof service
2022-09-14_14-39-46 [main] INFO  com.mfpe.plant.service.PlantService - Inside viewPartsReorderof service
2022-09-14_14-39-46 [main] INFO  com.mfpe.plant.service.PlantService - [Part details:]
2022-09-14_14-39-46 [main] INFO  com.mfpe.plant.service.PlantService - Inside viewPartsReorderof service
2022-09-14_14-39-46 [main] INFO  com.mfpe.plant.service.PlantService - [Part details:]
2022-09-14_14-39-46 [main] INFO  com.mfpe.plant.service.PlantService - Inside viewStockInHand of service
2022-09-14_14-39-46 [main] INFO  com.mfpe.plant.service.PlantService - [Stock details:]Part(partId=123, partDescription=Part Description, partSpecification=Part Specification, stockInHand=1)
2022-09-14_14-39-46 [main] INFO  com.mfpe.plant.service.PlantService - Inside updateMinMaxQuantities of service
2022-09-14_14-39-46 [main] INFO  com.mfpe.plant.service.PlantService - Inside updateMinMaxQuantities of service
2022-09-14_14-39-46 [main] INFO  com.mfpe.plant.service.PlantService - Inside updateMinMaxQuantities of service
2022-09-14_14-39-46 [main] INFO  com.mfpe.plant.service.PlantService - Inside viewStockInHand of service
2022-09-14_14-39-46 [main] INFO  com.mfpe.plant.service.PlantService - Inside viewStockInHand of service
2022-09-14_14-39-46 [main] INFO  com.mfpe.plant.service.PlantService - Inside updateMinMaxQuantities of service
2022-09-14_14-39-46 [main] INFO  o.s.b.t.c.SpringBootTestContextBootstrapper - Neither @ContextConfiguration nor @ContextHierarchy found for test class [com.mfpe.plant.PlantApplicationTests], using SpringBootContextLoader
2022-09-14_14-39-46 [main] INFO  o.s.t.c.s.AbstractContextLoader - Could not detect default resource locations for test class [com.mfpe.plant.PlantApplicationTests]: no resource found for suffixes {-context.xml, Context.groovy}.
2022-09-14_14-39-46 [main] INFO  o.s.t.c.s.AnnotationConfigContextLoaderUtils - Could not detect default configuration classes for test class [com.mfpe.plant.PlantApplicationTests]: PlantApplicationTests does not declare any static, non-private, non-final, nested classes annotated with @Configuration.
2022-09-14_14-39-46 [main] INFO  o.s.b.t.c.SpringBootTestContextBootstrapper - Found @SpringBootConfiguration com.mfpe.plant.PlantApplication for test class com.mfpe.plant.PlantApplicationTests
2022-09-14_14-39-46 [main] INFO  o.s.b.t.c.SpringBootTestContextBootstrapper - Loaded default TestExecutionListener class names from location [META-INF/spring.factories]: [org.springframework.boot.test.mock.mockito.MockitoTestExecutionListener, org.springframework.boot.test.mock.mockito.ResetMocksTestExecutionListener, org.springframework.boot.test.autoconfigure.restdocs.RestDocsTestExecutionListener, org.springframework.boot.test.autoconfigure.web.client.MockRestServiceServerResetTestExecutionListener, org.springframework.boot.test.autoconfigure.web.servlet.MockMvcPrintOnlyOnFailureTestExecutionListener, org.springframework.boot.test.autoconfigure.web.servlet.WebDriverTestExecutionListener, org.springframework.boot.test.autoconfigure.webservices.client.MockWebServiceServerTestExecutionListener, org.springframework.test.context.web.ServletTestExecutionListener, org.springframework.test.context.support.DirtiesContextBeforeModesTestExecutionListener, org.springframework.test.context.event.ApplicationEventsTestExecutionListener, org.springframework.test.context.support.DependencyInjectionTestExecutionListener, org.springframework.test.context.support.DirtiesContextTestExecutionListener, org.springframework.test.context.transaction.TransactionalTestExecutionListener, org.springframework.test.context.jdbc.SqlScriptsTestExecutionListener, org.springframework.test.context.event.EventPublishingTestExecutionListener]
2022-09-14_14-39-46 [main] INFO  o.s.b.t.c.SpringBootTestContextBootstrapper - Using TestExecutionListeners: [org.springframework.test.context.web.ServletTestExecutionListener@4104b585, org.springframework.test.context.support.DirtiesContextBeforeModesTestExecutionListener@ac3739d, org.springframework.test.context.event.ApplicationEventsTestExecutionListener@6dad684f, org.springframework.boot.test.mock.mockito.MockitoTestExecutionListener@572c50b6, org.springframework.boot.test.autoconfigure.SpringBootDependencyInjectionTestExecutionListener@33606f4b, org.springframework.test.context.support.DirtiesContextTestExecutionListener@222ebd21, org.springframework.test.context.transaction.TransactionalTestExecutionListener@24c7563b, org.springframework.test.context.jdbc.SqlScriptsTestExecutionListener@115b0bf5, org.springframework.test.context.event.EventPublishingTestExecutionListener@21f134a2, org.springframework.boot.test.mock.mockito.ResetMocksTestExecutionListener@76e14208, org.springframework.boot.test.autoconfigure.restdocs.RestDocsTestExecutionListener@6809a461, org.springframework.boot.test.autoconfigure.web.client.MockRestServiceServerResetTestExecutionListener@21440e36, org.springframework.boot.test.autoconfigure.web.servlet.MockMvcPrintOnlyOnFailureTestExecutionListener@9b87a98, org.springframework.boot.test.autoconfigure.web.servlet.WebDriverTestExecutionListener@75b598a5, org.springframework.boot.test.autoconfigure.webservices.client.MockWebServiceServerTestExecutionListener@50ba10de]
2022-09-14_14-39-59 [main] INFO  com.mfpe.plant.PlantApplicationTests - Starting PlantApplicationTests using Java 11.0.15 on Shahbaz with PID 17764 (started by Shahbaz Khan in C:\Shahbaz\Fiverr\14 Sep 2022\testing mfpe\plant)
2022-09-14_14-39-59 [main] INFO  com.mfpe.plant.PlantApplicationTests - No active profile set, falling back to default profiles: default
2022-09-14_14-39-59 [main] INFO  o.s.d.r.c.RepositoryConfigurationDelegate - Bootstrapping Spring Data JPA repositories in DEFAULT mode.
2022-09-14_14-39-59 [main] INFO  o.s.d.r.c.RepositoryConfigurationDelegate - Finished Spring Data repository scanning in 14 ms. Found 3 JPA repository interfaces.
2022-09-14_14-39-59 [main] INFO  o.s.cloud.context.scope.GenericScope - BeanFactory id=2f9f13d2-a3e3-3ab8-976e-69b91b3cb464
2022-09-14_14-39-59 [main] INFO  com.zaxxer.hikari.HikariDataSource - HikariPool-2 - Starting...
2022-09-14_14-39-59 [main] INFO  com.zaxxer.hikari.HikariDataSource - HikariPool-2 - Start completed.
2022-09-14_14-39-59 [main] INFO  o.h.jpa.internal.util.LogHelper - HHH000204: Processing PersistenceUnitInfo [name: default]
2022-09-14_14-39-59 [main] INFO  org.hibernate.dialect.Dialect - HHH000400: Using dialect: org.hibernate.dialect.H2Dialect
2022-09-14_14-39-59 [main] INFO  o.h.e.t.j.p.i.JtaPlatformInitiator - HHH000490: Using JtaPlatform implementation: [org.hibernate.engine.transaction.jta.platform.internal.NoJtaPlatform]
2022-09-14_14-39-59 [main] INFO  o.s.o.j.LocalContainerEntityManagerFactoryBean - Initialized JPA EntityManagerFactory for persistence unit 'default'
2022-09-14_14-39-59 [main] INFO  o.s.b.a.h.H2ConsoleAutoConfiguration - H2 console available at '/h2-console'. Database available at 'jdbc:h2:mem:testdb'
2022-09-14_14-39-59 [main] INFO  s.d.s.w.PropertySourcedRequestMappingHandlerMapping - Mapped URL path [/v2/api-docs] onto method [springfox.documentation.swagger2.web.Swagger2Controller#getDocumentation(String, HttpServletRequest)]
2022-09-14_14-39-59 [main] INFO  o.s.s.c.ThreadPoolTaskExecutor - Initializing ExecutorService 'applicationTaskExecutor'
2022-09-14_14-39-59 [main] INFO  s.d.s.w.p.DocumentationPluginsBootstrapper - Context refreshed
2022-09-14_14-39-59 [main] INFO  s.d.s.w.p.DocumentationPluginsBootstrapper - Found 1 custom documentation plugin(s)
2022-09-14_14-39-59 [main] INFO  s.d.s.w.s.ApiListingReferenceScanner - Scanning for api listing references
2022-09-14_14-39-59 [main] INFO  com.mfpe.plant.PlantApplicationTests - Started PlantApplicationTests in 1.951 seconds (JVM running for 18.905)
2022-09-14_14-40-01 [main] INFO  com.mfpe.plant.PlantApplication - Starting PlantApplication using Java 11.0.15 on Shahbaz with PID 17764 (started by Shahbaz Khan in C:\Shahbaz\Fiverr\14 Sep 2022\testing mfpe\plant)
2022-09-14_14-40-01 [main] INFO  com.mfpe.plant.PlantApplication - No active profile set, falling back to default profiles: default
2022-09-14_14-40-01 [main] INFO  o.s.d.r.c.RepositoryConfigurationDelegate - Bootstrapping Spring Data JPA repositories in DEFAULT mode.
2022-09-14_14-40-01 [main] INFO  o.s.d.r.c.RepositoryConfigurationDelegate - Finished Spring Data repository scanning in 13 ms. Found 3 JPA repository interfaces.
2022-09-14_14-40-01 [main] INFO  o.s.cloud.context.scope.GenericScope - BeanFactory id=0c0f8489-8ce4-3f2e-9fcf-051befee756c
2022-09-14_14-40-01 [main] INFO  o.s.b.w.e.tomcat.TomcatWebServer - Tomcat initialized with port(s): 8082 (http)
2022-09-14_14-40-01 [main] INFO  o.a.coyote.http11.Http11NioProtocol - Initializing ProtocolHandler ["http-nio-8082"]
2022-09-14_14-40-01 [main] INFO  o.a.catalina.core.StandardService - Starting service [Tomcat]
2022-09-14_14-40-01 [main] INFO  o.a.catalina.core.StandardEngine - Starting Servlet engine: [Apache Tomcat/9.0.41]
2022-09-14_14-40-01 [main] INFO  o.a.c.c.C.[.[localhost].[/plantapp] - Initializing Spring embedded WebApplicationContext
2022-09-14_14-40-01 [main] INFO  o.s.b.w.s.c.ServletWebServerApplicationContext - Root WebApplicationContext: initialization completed in 851 ms
2022-09-14_14-40-01 [main] INFO  com.zaxxer.hikari.HikariDataSource - HikariPool-3 - Starting...
2022-09-14_14-40-01 [main] INFO  com.zaxxer.hikari.HikariDataSource - HikariPool-3 - Start completed.
2022-09-14_14-40-01 [main] INFO  o.s.b.a.h.H2ConsoleAutoConfiguration - H2 console available at '/h2-console'. Database available at 'jdbc:h2:mem:testdb'
2022-09-14_14-40-01 [main] INFO  o.h.jpa.internal.util.LogHelper - HHH000204: Processing PersistenceUnitInfo [name: default]
2022-09-14_14-40-01 [main] INFO  org.hibernate.dialect.Dialect - HHH000400: Using dialect: org.hibernate.dialect.H2Dialect
2022-09-14_14-40-01 [main] INFO  o.h.e.t.j.p.i.JtaPlatformInitiator - HHH000490: Using JtaPlatform implementation: [org.hibernate.engine.transaction.jta.platform.internal.NoJtaPlatform]
2022-09-14_14-40-01 [main] INFO  o.s.o.j.LocalContainerEntityManagerFactoryBean - Initialized JPA EntityManagerFactory for persistence unit 'default'
2022-09-14_14-40-01 [main] INFO  s.d.s.w.PropertySourcedRequestMappingHandlerMapping - Mapped URL path [/v2/api-docs] onto method [springfox.documentation.swagger2.web.Swagger2Controller#getDocumentation(String, HttpServletRequest)]
2022-09-14_14-40-01 [main] INFO  o.s.s.c.ThreadPoolTaskExecutor - Initializing ExecutorService 'applicationTaskExecutor'
2022-09-14_14-40-01 [main] INFO  o.a.coyote.http11.Http11NioProtocol - Starting ProtocolHandler ["http-nio-8082"]
2022-09-14_14-40-01 [main] INFO  o.s.b.w.e.tomcat.TomcatWebServer - Tomcat started on port(s): 8082 (http) with context path '/plantapp'
2022-09-14_14-40-01 [main] INFO  s.d.s.w.p.DocumentationPluginsBootstrapper - Context refreshed
2022-09-14_14-40-01 [main] INFO  s.d.s.w.p.DocumentationPluginsBootstrapper - Found 1 custom documentation plugin(s)
2022-09-14_14-40-01 [main] INFO  s.d.s.w.s.ApiListingReferenceScanner - Scanning for api listing references
2022-09-14_14-40-01 [main] INFO  com.mfpe.plant.PlantApplication - Started PlantApplication in 1.93 seconds (JVM running for 20.843)
2022-09-14_14-40-01 [SpringContextShutdownHook] INFO  o.s.s.c.ThreadPoolTaskExecutor - Shutting down ExecutorService 'applicationTaskExecutor'
2022-09-14_14-40-01 [SpringContextShutdownHook] INFO  o.s.s.c.ThreadPoolTaskExecutor - Shutting down ExecutorService 'applicationTaskExecutor'
2022-09-14_14-40-01 [SpringContextShutdownHook] INFO  o.s.o.j.LocalContainerEntityManagerFactoryBean - Closing JPA EntityManagerFactory for persistence unit 'default'
2022-09-14_14-40-01 [SpringContextShutdownHook] INFO  o.s.o.j.LocalContainerEntityManagerFactoryBean - Closing JPA EntityManagerFactory for persistence unit 'default'
2022-09-14_14-40-01 [SpringContextShutdownHook] INFO  o.h.t.s.i.SchemaDropperImpl$DelayedDropActionImpl - HHH000477: Starting delayed evictData of schema as part of SessionFactory shut-down'
2022-09-14_14-40-01 [SpringContextShutdownHook] INFO  o.h.t.s.i.SchemaDropperImpl$DelayedDropActionImpl - HHH000477: Starting delayed evictData of schema as part of SessionFactory shut-down'
2022-09-14_14-40-01 [SpringContextShutdownHook] INFO  com.zaxxer.hikari.HikariDataSource - HikariPool-2 - Shutdown initiated...
2022-09-14_14-40-01 [SpringContextShutdownHook] INFO  com.zaxxer.hikari.HikariDataSource - HikariPool-1 - Shutdown initiated...
2022-09-14_14-40-01 [SpringContextShutdownHook] INFO  com.zaxxer.hikari.HikariDataSource - HikariPool-2 - Shutdown completed.
2022-09-14_14-40-01 [SpringContextShutdownHook] INFO  com.zaxxer.hikari.HikariDataSource - HikariPool-1 - Shutdown completed.
2022-09-14_14-40-01 [SpringContextShutdownHook] INFO  o.s.s.c.ThreadPoolTaskExecutor - Shutting down ExecutorService 'applicationTaskExecutor'
2022-09-14_14-40-01 [SpringContextShutdownHook] INFO  o.s.o.j.LocalContainerEntityManagerFactoryBean - Closing JPA EntityManagerFactory for persistence unit 'default'
2022-09-14_14-40-01 [SpringContextShutdownHook] INFO  o.h.t.s.i.SchemaDropperImpl$DelayedDropActionImpl - HHH000477: Starting delayed evictData of schema as part of SessionFactory shut-down'
2022-09-14_14-40-01 [SpringContextShutdownHook] INFO  com.zaxxer.hikari.HikariDataSource - HikariPool-3 - Shutdown initiated...
2022-09-14_14-40-01 [SpringContextShutdownHook] INFO  com.zaxxer.hikari.HikariDataSource - HikariPool-3 - Shutdown completed.
2022-09-14_16-24-25 [main] INFO  o.s.b.t.c.SpringBootTestContextBootstrapper - Neither @ContextConfiguration nor @ContextHierarchy found for test class [com.mfpe.plant.controller.PlantControllerTest], using SpringBootContextLoader
2022-09-14_16-24-25 [main] INFO  o.s.t.c.s.AbstractContextLoader - Could not detect default resource locations for test class [com.mfpe.plant.controller.PlantControllerTest]: no resource found for suffixes {-context.xml, Context.groovy}.
2022-09-14_16-24-25 [main] INFO  o.s.t.c.s.AnnotationConfigContextLoaderUtils - Could not detect default configuration classes for test class [com.mfpe.plant.controller.PlantControllerTest]: PlantControllerTest does not declare any static, non-private, non-final, nested classes annotated with @Configuration.
2022-09-14_16-24-25 [main] INFO  o.s.b.t.c.SpringBootTestContextBootstrapper - Found @SpringBootConfiguration com.mfpe.plant.PlantApplication for test class com.mfpe.plant.controller.PlantControllerTest
2022-09-14_16-24-25 [main] INFO  o.s.b.t.c.SpringBootTestContextBootstrapper - Loaded default TestExecutionListener class names from location [META-INF/spring.factories]: [org.springframework.boot.test.mock.mockito.MockitoTestExecutionListener, org.springframework.boot.test.mock.mockito.ResetMocksTestExecutionListener, org.springframework.boot.test.autoconfigure.restdocs.RestDocsTestExecutionListener, org.springframework.boot.test.autoconfigure.web.client.MockRestServiceServerResetTestExecutionListener, org.springframework.boot.test.autoconfigure.web.servlet.MockMvcPrintOnlyOnFailureTestExecutionListener, org.springframework.boot.test.autoconfigure.web.servlet.WebDriverTestExecutionListener, org.springframework.boot.test.autoconfigure.webservices.client.MockWebServiceServerTestExecutionListener, org.springframework.test.context.web.ServletTestExecutionListener, org.springframework.test.context.support.DirtiesContextBeforeModesTestExecutionListener, org.springframework.test.context.event.ApplicationEventsTestExecutionListener, org.springframework.test.context.support.DependencyInjectionTestExecutionListener, org.springframework.test.context.support.DirtiesContextTestExecutionListener, org.springframework.test.context.transaction.TransactionalTestExecutionListener, org.springframework.test.context.jdbc.SqlScriptsTestExecutionListener, org.springframework.test.context.event.EventPublishingTestExecutionListener]
2022-09-14_16-24-25 [main] INFO  o.s.b.t.c.SpringBootTestContextBootstrapper - Using TestExecutionListeners: [org.springframework.test.context.web.ServletTestExecutionListener@6ea1bcdc, org.springframework.test.context.support.DirtiesContextBeforeModesTestExecutionListener@759fad4, org.springframework.test.context.event.ApplicationEventsTestExecutionListener@64712be, org.springframework.boot.test.mock.mockito.MockitoTestExecutionListener@53499d85, org.springframework.boot.test.autoconfigure.SpringBootDependencyInjectionTestExecutionListener@30ed9c6c, org.springframework.test.context.support.DirtiesContextTestExecutionListener@782a4fff, org.springframework.test.context.transaction.TransactionalTestExecutionListener@46c670a6, org.springframework.test.context.jdbc.SqlScriptsTestExecutionListener@59fc684e, org.springframework.test.context.event.EventPublishingTestExecutionListener@5ae81e1, org.springframework.boot.test.mock.mockito.ResetMocksTestExecutionListener@2fd1731c, org.springframework.boot.test.autoconfigure.restdocs.RestDocsTestExecutionListener@5ae76500, org.springframework.boot.test.autoconfigure.web.client.MockRestServiceServerResetTestExecutionListener@6063d80a, org.springframework.boot.test.autoconfigure.web.servlet.MockMvcPrintOnlyOnFailureTestExecutionListener@1133ec6e, org.springframework.boot.test.autoconfigure.web.servlet.WebDriverTestExecutionListener@355e34c7, org.springframework.boot.test.autoconfigure.webservices.client.MockWebServiceServerTestExecutionListener@54709809]
2022-09-14_16-24-26 [main] INFO  c.m.p.controller.PlantControllerTest - Starting PlantControllerTest using Java 11.0.15 on Shahbaz with PID 14480 (started by Shahbaz Khan in C:\Shahbaz\Fiverr\14 Sep 2022\testing mfpe\plant)
2022-09-14_16-24-26 [main] INFO  c.m.p.controller.PlantControllerTest - No active profile set, falling back to default profiles: default
2022-09-14_16-24-26 [main] INFO  o.s.d.r.c.RepositoryConfigurationDelegate - Bootstrapping Spring Data JPA repositories in DEFAULT mode.
2022-09-14_16-24-26 [main] INFO  o.s.d.r.c.RepositoryConfigurationDelegate - Finished Spring Data repository scanning in 78 ms. Found 3 JPA repository interfaces.
2022-09-14_16-24-26 [main] INFO  o.s.cloud.context.scope.GenericScope - BeanFactory id=8684626e-5f73-3579-8a24-8674973eeb7f
2022-09-14_16-24-26 [main] INFO  com.zaxxer.hikari.HikariDataSource - HikariPool-1 - Starting...
2022-09-14_16-24-26 [main] INFO  com.zaxxer.hikari.HikariDataSource - HikariPool-1 - Start completed.
2022-09-14_16-24-26 [main] INFO  o.h.jpa.internal.util.LogHelper - HHH000204: Processing PersistenceUnitInfo [name: default]
2022-09-14_16-24-26 [main] INFO  org.hibernate.Version - HHH000412: Hibernate ORM core version 5.4.27.Final
2022-09-14_16-24-26 [main] INFO  o.h.annotations.common.Version - HCANN000001: Hibernate Commons Annotations {5.1.2.Final}
2022-09-14_16-24-26 [main] INFO  org.hibernate.dialect.Dialect - HHH000400: Using dialect: org.hibernate.dialect.H2Dialect
2022-09-14_16-24-26 [main] INFO  o.h.e.t.j.p.i.JtaPlatformInitiator - HHH000490: Using JtaPlatform implementation: [org.hibernate.engine.transaction.jta.platform.internal.NoJtaPlatform]
2022-09-14_16-24-26 [main] INFO  o.s.o.j.LocalContainerEntityManagerFactoryBean - Initialized JPA EntityManagerFactory for persistence unit 'default'
2022-09-14_16-24-26 [main] INFO  o.s.b.a.h.H2ConsoleAutoConfiguration - H2 console available at '/h2-console'. Database available at 'jdbc:h2:mem:testdb'
2022-09-14_16-24-26 [main] INFO  s.d.s.w.PropertySourcedRequestMappingHandlerMapping - Mapped URL path [/v2/api-docs] onto method [springfox.documentation.swagger2.web.Swagger2Controller#getDocumentation(String, HttpServletRequest)]
2022-09-14_16-24-26 [main] INFO  o.s.s.c.ThreadPoolTaskExecutor - Initializing ExecutorService 'applicationTaskExecutor'
2022-09-14_16-24-26 [main] INFO  o.s.b.t.m.w.SpringBootMockServletContext - Initializing Spring TestDispatcherServlet ''
2022-09-14_16-24-26 [main] INFO  o.s.t.w.s.TestDispatcherServlet - Initializing Servlet ''
2022-09-14_16-24-26 [main] INFO  o.s.t.w.s.TestDispatcherServlet - Completed initialization in 0 ms
2022-09-14_16-24-26 [main] INFO  s.d.s.w.p.DocumentationPluginsBootstrapper - Context refreshed
2022-09-14_16-24-26 [main] INFO  s.d.s.w.p.DocumentationPluginsBootstrapper - Found 1 custom documentation plugin(s)
2022-09-14_16-24-26 [main] INFO  s.d.s.w.s.ApiListingReferenceScanner - Scanning for api listing references
2022-09-14_16-24-26 [main] INFO  c.m.p.controller.PlantControllerTest - Started PlantControllerTest in 6.633 seconds (JVM running for 8.206)
2022-09-14_16-24-26 [main] INFO  o.s.mock.web.MockServletContext - Initializing Spring TestDispatcherServlet ''
2022-09-14_16-24-26 [main] INFO  o.s.t.w.s.TestDispatcherServlet - Initializing Servlet ''
2022-09-14_16-24-26 [main] INFO  o.s.t.w.s.TestDispatcherServlet - Completed initialization in 0 ms
2022-09-14_16-24-26 [main] INFO  o.s.mock.web.MockServletContext - Initializing Spring TestDispatcherServlet ''
2022-09-14_16-24-26 [main] INFO  o.s.t.w.s.TestDispatcherServlet - Initializing Servlet ''
2022-09-14_16-24-26 [main] INFO  o.s.t.w.s.TestDispatcherServlet - Completed initialization in 0 ms
2022-09-14_16-24-26 [main] INFO  o.s.mock.web.MockServletContext - Initializing Spring TestDispatcherServlet ''
2022-09-14_16-24-26 [main] INFO  o.s.t.w.s.TestDispatcherServlet - Initializing Servlet ''
2022-09-14_16-24-26 [main] INFO  o.s.t.w.s.TestDispatcherServlet - Completed initialization in 0 ms
2022-09-14_16-24-26 [main] INFO  o.s.mock.web.MockServletContext - Initializing Spring TestDispatcherServlet ''
2022-09-14_16-24-26 [main] INFO  o.s.t.w.s.TestDispatcherServlet - Initializing Servlet ''
2022-09-14_16-24-26 [main] INFO  o.s.t.w.s.TestDispatcherServlet - Completed initialization in 0 ms
2022-09-14_16-24-26 [main] INFO  o.s.mock.web.MockServletContext - Initializing Spring TestDispatcherServlet ''
2022-09-14_16-24-26 [main] INFO  o.s.t.w.s.TestDispatcherServlet - Initializing Servlet ''
2022-09-14_16-24-26 [main] INFO  o.s.t.w.s.TestDispatcherServlet - Completed initialization in 0 ms
2022-09-14_16-24-26 [SpringContextShutdownHook] INFO  o.s.s.c.ThreadPoolTaskExecutor - Shutting down ExecutorService 'applicationTaskExecutor'
2022-09-14_16-24-26 [SpringContextShutdownHook] INFO  o.s.o.j.LocalContainerEntityManagerFactoryBean - Closing JPA EntityManagerFactory for persistence unit 'default'
2022-09-14_16-24-26 [SpringContextShutdownHook] INFO  o.h.t.s.i.SchemaDropperImpl$DelayedDropActionImpl - HHH000477: Starting delayed evictData of schema as part of SessionFactory shut-down'
2022-09-14_16-24-26 [SpringContextShutdownHook] INFO  com.zaxxer.hikari.HikariDataSource - HikariPool-1 - Shutdown initiated...
2022-09-14_16-24-26 [SpringContextShutdownHook] INFO  com.zaxxer.hikari.HikariDataSource - HikariPool-1 - Shutdown completed.
2022-09-14_16-25-24 [main] INFO  o.s.b.t.c.SpringBootTestContextBootstrapper - Neither @ContextConfiguration nor @ContextHierarchy found for test class [com.mfpe.plant.service.PlantServiceTest], using SpringBootContextLoader
2022-09-14_16-25-24 [main] INFO  o.s.t.c.s.AbstractContextLoader - Could not detect default resource locations for test class [com.mfpe.plant.service.PlantServiceTest]: no resource found for suffixes {-context.xml, Context.groovy}.
2022-09-14_16-25-24 [main] INFO  o.s.t.c.s.AnnotationConfigContextLoaderUtils - Could not detect default configuration classes for test class [com.mfpe.plant.service.PlantServiceTest]: PlantServiceTest does not declare any static, non-private, non-final, nested classes annotated with @Configuration.
2022-09-14_16-25-24 [main] INFO  o.s.b.t.c.SpringBootTestContextBootstrapper - Found @SpringBootConfiguration com.mfpe.plant.PlantApplication for test class com.mfpe.plant.service.PlantServiceTest
2022-09-14_16-25-24 [main] INFO  o.s.b.t.c.SpringBootTestContextBootstrapper - Loaded default TestExecutionListener class names from location [META-INF/spring.factories]: [org.springframework.boot.test.mock.mockito.MockitoTestExecutionListener, org.springframework.boot.test.mock.mockito.ResetMocksTestExecutionListener, org.springframework.boot.test.autoconfigure.restdocs.RestDocsTestExecutionListener, org.springframework.boot.test.autoconfigure.web.client.MockRestServiceServerResetTestExecutionListener, org.springframework.boot.test.autoconfigure.web.servlet.MockMvcPrintOnlyOnFailureTestExecutionListener, org.springframework.boot.test.autoconfigure.web.servlet.WebDriverTestExecutionListener, org.springframework.boot.test.autoconfigure.webservices.client.MockWebServiceServerTestExecutionListener, org.springframework.test.context.web.ServletTestExecutionListener, org.springframework.test.context.support.DirtiesContextBeforeModesTestExecutionListener, org.springframework.test.context.event.ApplicationEventsTestExecutionListener, org.springframework.test.context.support.DependencyInjectionTestExecutionListener, org.springframework.test.context.support.DirtiesContextTestExecutionListener, org.springframework.test.context.transaction.TransactionalTestExecutionListener, org.springframework.test.context.jdbc.SqlScriptsTestExecutionListener, org.springframework.test.context.event.EventPublishingTestExecutionListener]
2022-09-14_16-25-24 [main] INFO  o.s.b.t.c.SpringBootTestContextBootstrapper - Using TestExecutionListeners: [org.springframework.test.context.web.ServletTestExecutionListener@6ea1bcdc, org.springframework.test.context.support.DirtiesContextBeforeModesTestExecutionListener@759fad4, org.springframework.test.context.event.ApplicationEventsTestExecutionListener@64712be, org.springframework.boot.test.mock.mockito.MockitoTestExecutionListener@53499d85, org.springframework.boot.test.autoconfigure.SpringBootDependencyInjectionTestExecutionListener@30ed9c6c, org.springframework.test.context.support.DirtiesContextTestExecutionListener@782a4fff, org.springframework.test.context.transaction.TransactionalTestExecutionListener@46c670a6, org.springframework.test.context.jdbc.SqlScriptsTestExecutionListener@59fc684e, org.springframework.test.context.event.EventPublishingTestExecutionListener@5ae81e1, org.springframework.boot.test.mock.mockito.ResetMocksTestExecutionListener@2fd1731c, org.springframework.boot.test.autoconfigure.restdocs.RestDocsTestExecutionListener@5ae76500, org.springframework.boot.test.autoconfigure.web.client.MockRestServiceServerResetTestExecutionListener@6063d80a, org.springframework.boot.test.autoconfigure.web.servlet.MockMvcPrintOnlyOnFailureTestExecutionListener@1133ec6e, org.springframework.boot.test.autoconfigure.web.servlet.WebDriverTestExecutionListener@355e34c7, org.springframework.boot.test.autoconfigure.webservices.client.MockWebServiceServerTestExecutionListener@54709809]
2022-09-14_16-25-25 [main] INFO  c.m.plant.service.PlantServiceTest - Starting PlantServiceTest using Java 11.0.15 on Shahbaz with PID 16544 (started by Shahbaz Khan in C:\Shahbaz\Fiverr\14 Sep 2022\testing mfpe\plant)
2022-09-14_16-25-25 [main] INFO  c.m.plant.service.PlantServiceTest - No active profile set, falling back to default profiles: default
2022-09-14_16-25-25 [main] INFO  o.s.d.r.c.RepositoryConfigurationDelegate - Bootstrapping Spring Data JPA repositories in DEFAULT mode.
2022-09-14_16-25-25 [main] INFO  o.s.d.r.c.RepositoryConfigurationDelegate - Finished Spring Data repository scanning in 69 ms. Found 3 JPA repository interfaces.
2022-09-14_16-25-25 [main] INFO  o.s.cloud.context.scope.GenericScope - BeanFactory id=8684626e-5f73-3579-8a24-8674973eeb7f
2022-09-14_16-25-25 [main] INFO  com.zaxxer.hikari.HikariDataSource - HikariPool-1 - Starting...
2022-09-14_16-25-25 [main] INFO  com.zaxxer.hikari.HikariDataSource - HikariPool-1 - Start completed.
2022-09-14_16-25-25 [main] INFO  o.h.jpa.internal.util.LogHelper - HHH000204: Processing PersistenceUnitInfo [name: default]
2022-09-14_16-25-25 [main] INFO  org.hibernate.Version - HHH000412: Hibernate ORM core version 5.4.27.Final
2022-09-14_16-25-25 [main] INFO  o.h.annotations.common.Version - HCANN000001: Hibernate Commons Annotations {5.1.2.Final}
2022-09-14_16-25-25 [main] INFO  org.hibernate.dialect.Dialect - HHH000400: Using dialect: org.hibernate.dialect.H2Dialect
2022-09-14_16-25-25 [main] INFO  o.h.e.t.j.p.i.JtaPlatformInitiator - HHH000490: Using JtaPlatform implementation: [org.hibernate.engine.transaction.jta.platform.internal.NoJtaPlatform]
2022-09-14_16-25-25 [main] INFO  o.s.o.j.LocalContainerEntityManagerFactoryBean - Initialized JPA EntityManagerFactory for persistence unit 'default'
2022-09-14_16-25-25 [main] INFO  o.s.b.a.h.H2ConsoleAutoConfiguration - H2 console available at '/h2-console'. Database available at 'jdbc:h2:mem:testdb'
2022-09-14_16-25-25 [main] INFO  s.d.s.w.PropertySourcedRequestMappingHandlerMapping - Mapped URL path [/v2/api-docs] onto method [springfox.documentation.swagger2.web.Swagger2Controller#getDocumentation(String, HttpServletRequest)]
2022-09-14_16-25-25 [main] INFO  o.s.s.c.ThreadPoolTaskExecutor - Initializing ExecutorService 'applicationTaskExecutor'
2022-09-14_16-25-25 [main] INFO  o.s.b.t.m.w.SpringBootMockServletContext - Initializing Spring TestDispatcherServlet ''
2022-09-14_16-25-25 [main] INFO  o.s.t.w.s.TestDispatcherServlet - Initializing Servlet ''
2022-09-14_16-25-25 [main] INFO  o.s.t.w.s.TestDispatcherServlet - Completed initialization in 1 ms
2022-09-14_16-25-25 [main] INFO  s.d.s.w.p.DocumentationPluginsBootstrapper - Context refreshed
2022-09-14_16-25-25 [main] INFO  s.d.s.w.p.DocumentationPluginsBootstrapper - Found 1 custom documentation plugin(s)
2022-09-14_16-25-25 [main] INFO  s.d.s.w.s.ApiListingReferenceScanner - Scanning for api listing references
2022-09-14_16-25-25 [main] INFO  c.m.plant.service.PlantServiceTest - Started PlantServiceTest in 5.777 seconds (JVM running for 7.281)
2022-09-14_16-25-25 [main] INFO  com.mfpe.plant.service.PlantService - Inside viewPartsReorderof service
2022-09-14_16-25-25 [main] INFO  com.mfpe.plant.service.PlantService - [Part details:]
2022-09-14_16-25-25 [main] INFO  com.mfpe.plant.service.PlantService - Inside viewPartsReorderof service
2022-09-14_16-25-25 [main] INFO  com.mfpe.plant.service.PlantService - Inside viewPartsReorderof service
2022-09-14_16-25-25 [main] INFO  com.mfpe.plant.service.PlantService - [Part details:]
2022-09-14_16-25-25 [main] INFO  com.mfpe.plant.service.PlantService - Inside viewPartsReorderof service
2022-09-14_16-25-25 [main] INFO  com.mfpe.plant.service.PlantService - [Part details:]
2022-09-14_16-25-25 [main] INFO  com.mfpe.plant.service.PlantService - Inside viewStockInHand of service
2022-09-14_16-25-25 [main] INFO  com.mfpe.plant.service.PlantService - [Stock details:]Part(partId=123, partDescription=Part Description, partSpecification=Part Specification, stockInHand=1)
2022-09-14_16-25-25 [main] INFO  com.mfpe.plant.service.PlantService - Inside updateMinMaxQuantities of service
2022-09-14_16-25-25 [main] INFO  com.mfpe.plant.service.PlantService - Inside updateMinMaxQuantities of service
2022-09-14_16-25-25 [main] INFO  com.mfpe.plant.service.PlantService - Inside updateMinMaxQuantities of service
2022-09-14_16-25-25 [main] INFO  com.mfpe.plant.service.PlantService - Inside viewStockInHand of service
2022-09-14_16-25-25 [main] INFO  com.mfpe.plant.service.PlantService - Inside viewStockInHand of service
2022-09-14_16-25-25 [main] INFO  com.mfpe.plant.service.PlantService - Inside updateMinMaxQuantities of service
2022-09-14_16-25-25 [SpringContextShutdownHook] INFO  o.s.s.c.ThreadPoolTaskExecutor - Shutting down ExecutorService 'applicationTaskExecutor'
2022-09-14_16-25-25 [SpringContextShutdownHook] INFO  o.s.o.j.LocalContainerEntityManagerFactoryBean - Closing JPA EntityManagerFactory for persistence unit 'default'
2022-09-14_16-25-25 [SpringContextShutdownHook] INFO  o.h.t.s.i.SchemaDropperImpl$DelayedDropActionImpl - HHH000477: Starting delayed evictData of schema as part of SessionFactory shut-down'
2022-09-14_16-25-25 [SpringContextShutdownHook] INFO  com.zaxxer.hikari.HikariDataSource - HikariPool-1 - Shutdown initiated...
2022-09-14_16-25-25 [SpringContextShutdownHook] INFO  com.zaxxer.hikari.HikariDataSource - HikariPool-1 - Shutdown completed.
