2022-09-14_14-27-12 [main] INFO  o.s.b.t.c.SpringBootTestContextBootstrapper - Neither @ContextConfiguration nor @ContextHierarchy found for test class [com.mfpe.rfq.service.RfqServiceTest], using SpringBootContextLoader
2022-09-14_14-27-12 [main] INFO  o.s.t.c.s.AbstractContextLoader - Could not detect default resource locations for test class [com.mfpe.rfq.service.RfqServiceTest]: no resource found for suffixes {-context.xml, Context.groovy}.
2022-09-14_14-27-12 [main] INFO  o.s.t.c.s.AnnotationConfigContextLoaderUtils - Could not detect default configuration classes for test class [com.mfpe.rfq.service.RfqServiceTest]: RfqServiceTest does not declare any static, non-private, non-final, nested classes annotated with @Configuration.
2022-09-14_14-27-12 [main] INFO  o.s.b.t.c.SpringBootTestContextBootstrapper - Found @SpringBootConfiguration com.mfpe.rfq.RfqApplication for test class com.mfpe.rfq.service.RfqServiceTest
2022-09-14_14-27-12 [main] INFO  o.s.b.t.c.SpringBootTestContextBootstrapper - Loaded default TestExecutionListener class names from location [META-INF/spring.factories]: [org.springframework.boot.test.mock.mockito.MockitoTestExecutionListener, org.springframework.boot.test.mock.mockito.ResetMocksTestExecutionListener, org.springframework.boot.test.autoconfigure.restdocs.RestDocsTestExecutionListener, org.springframework.boot.test.autoconfigure.web.client.MockRestServiceServerResetTestExecutionListener, org.springframework.boot.test.autoconfigure.web.servlet.MockMvcPrintOnlyOnFailureTestExecutionListener, org.springframework.boot.test.autoconfigure.web.servlet.WebDriverTestExecutionListener, org.springframework.boot.test.autoconfigure.webservices.client.MockWebServiceServerTestExecutionListener, org.springframework.test.context.web.ServletTestExecutionListener, org.springframework.test.context.support.DirtiesContextBeforeModesTestExecutionListener, org.springframework.test.context.event.ApplicationEventsTestExecutionListener, org.springframework.test.context.support.DependencyInjectionTestExecutionListener, org.springframework.test.context.support.DirtiesContextTestExecutionListener, org.springframework.test.context.transaction.TransactionalTestExecutionListener, org.springframework.test.context.jdbc.SqlScriptsTestExecutionListener, org.springframework.test.context.event.EventPublishingTestExecutionListener]
2022-09-14_14-27-12 [main] INFO  o.s.b.t.c.SpringBootTestContextBootstrapper - Using TestExecutionListeners: [org.springframework.test.context.web.ServletTestExecutionListener@3aee3976, org.springframework.test.context.support.DirtiesContextBeforeModesTestExecutionListener@5ef8df1e, org.springframework.test.context.event.ApplicationEventsTestExecutionListener@27cf3151, org.springframework.boot.test.mock.mockito.MockitoTestExecutionListener@127e70c5, org.springframework.boot.test.autoconfigure.SpringBootDependencyInjectionTestExecutionListener@5910de75, org.springframework.test.context.support.DirtiesContextTestExecutionListener@4108fa66, org.springframework.test.context.transaction.TransactionalTestExecutionListener@1f130eaf, org.springframework.test.context.jdbc.SqlScriptsTestExecutionListener@7e0aadd0, org.springframework.test.context.event.EventPublishingTestExecutionListener@21362712, org.springframework.boot.test.mock.mockito.ResetMocksTestExecutionListener@27eb3298, org.springframework.boot.test.autoconfigure.restdocs.RestDocsTestExecutionListener@200a26bc, org.springframework.boot.test.autoconfigure.web.client.MockRestServiceServerResetTestExecutionListener@bc57b40, org.springframework.boot.test.autoconfigure.web.servlet.MockMvcPrintOnlyOnFailureTestExecutionListener@1b5bc39d, org.springframework.boot.test.autoconfigure.web.servlet.WebDriverTestExecutionListener@655a5d9c, org.springframework.boot.test.autoconfigure.webservices.client.MockWebServiceServerTestExecutionListener@1494b84d]
2022-09-14_14-27-14 [main] INFO  com.mfpe.rfq.service.RfqServiceTest - Starting RfqServiceTest using Java 11.0.15 on Shahbaz with PID 1840 (started by Shahbaz Khan in C:\Shahbaz\Fiverr\14 Sep 2022\testing mfpe\rfq)
2022-09-14_14-27-14 [main] INFO  com.mfpe.rfq.service.RfqServiceTest - No active profile set, falling back to default profiles: default
2022-09-14_14-27-14 [main] INFO  o.s.d.r.c.RepositoryConfigurationDelegate - Bootstrapping Spring Data JPA repositories in DEFAULT mode.
2022-09-14_14-27-14 [main] INFO  o.s.d.r.c.RepositoryConfigurationDelegate - Finished Spring Data repository scanning in 103 ms. Found 1 JPA repository interfaces.
2022-09-14_14-27-14 [main] INFO  o.s.cloud.context.scope.GenericScope - BeanFactory id=86931259-4810-3e9a-9ace-9c1fec7d3485
2022-09-14_14-27-14 [main] INFO  com.zaxxer.hikari.HikariDataSource - HikariPool-1 - Starting...
2022-09-14_14-27-14 [main] INFO  com.zaxxer.hikari.HikariDataSource - HikariPool-1 - Start completed.
2022-09-14_14-27-14 [main] INFO  o.h.jpa.internal.util.LogHelper - HHH000204: Processing PersistenceUnitInfo [name: default]
2022-09-14_14-27-14 [main] INFO  org.hibernate.Version - HHH000412: Hibernate ORM core version 5.4.32.Final
2022-09-14_14-27-14 [main] INFO  o.h.annotations.common.Version - HCANN000001: Hibernate Commons Annotations {5.1.2.Final}
2022-09-14_14-27-14 [main] INFO  org.hibernate.dialect.Dialect - HHH000400: Using dialect: org.hibernate.dialect.H2Dialect
2022-09-14_14-27-14 [main] INFO  o.h.e.t.j.p.i.JtaPlatformInitiator - HHH000490: Using JtaPlatform implementation: [org.hibernate.engine.transaction.jta.platform.internal.NoJtaPlatform]
2022-09-14_14-27-14 [main] INFO  o.s.o.j.LocalContainerEntityManagerFactoryBean - Initialized JPA EntityManagerFactory for persistence unit 'default'
2022-09-14_14-27-14 [main] INFO  o.s.b.a.h.H2ConsoleAutoConfiguration - H2 console available at '/h2-console'. Database available at 'jdbc:h2:mem:testdb'
2022-09-14_14-27-14 [main] INFO  s.d.s.w.PropertySourcedRequestMappingHandlerMapping - Mapped URL path [/v2/api-docs] onto method [springfox.documentation.swagger2.web.Swagger2Controller#getDocumentation(String, HttpServletRequest)]
2022-09-14_14-27-14 [main] INFO  s.d.s.w.p.DocumentationPluginsBootstrapper - Context refreshed
2022-09-14_14-27-14 [main] INFO  s.d.s.w.p.DocumentationPluginsBootstrapper - Found 1 custom documentation plugin(s)
2022-09-14_14-27-14 [main] INFO  s.d.s.w.s.ApiListingReferenceScanner - Scanning for api listing references
2022-09-14_14-27-14 [main] INFO  com.mfpe.rfq.service.RfqServiceTest - Started RfqServiceTest in 11.956 seconds (JVM running for 18.859)
2022-09-14_14-27-14 [main] INFO  com.mfpe.rfq.service.RfqService - Inside PotentailVendorsOfRfq of RfqController
2022-09-14_14-27-14 [main] INFO  com.mfpe.rfq.service.RfqService - Inside PotentailVendorsOfRfq of RfqController
2022-09-14_14-27-14 [main] INFO  com.mfpe.rfq.service.RfqService - Inside PotentailVendorsOfRfq of RfqController
2022-09-14_14-27-14 [main] INFO  com.mfpe.rfq.service.RfqService - Inside PotentailVendorsOfRfq of RfqController
2022-09-14_14-27-14 [main] INFO  com.mfpe.rfq.service.RfqService - [supplierlist:]
2022-09-14_14-27-14 [main] INFO  com.mfpe.rfq.service.RfqService - Inside GetRfqDeatilsoPlant of RfqService
2022-09-14_14-27-14 [main] INFO  com.mfpe.rfq.service.RfqService - Inside GetRfqDeatilsoPlant of RfqService
2022-09-14_14-27-14 [main] INFO  com.mfpe.rfq.service.RfqService - [rfqDetail:]
2022-09-14_14-27-14 [SpringApplicationShutdownHook] INFO  o.s.o.j.LocalContainerEntityManagerFactoryBean - Closing JPA EntityManagerFactory for persistence unit 'default'
2022-09-14_14-27-14 [SpringApplicationShutdownHook] INFO  o.h.t.s.i.SchemaDropperImpl$DelayedDropActionImpl - HHH000477: Starting delayed evictData of schema as part of SessionFactory shut-down'
2022-09-14_14-27-14 [SpringApplicationShutdownHook] INFO  com.zaxxer.hikari.HikariDataSource - HikariPool-1 - Shutdown initiated...
2022-09-14_14-27-14 [SpringApplicationShutdownHook] INFO  com.zaxxer.hikari.HikariDataSource - HikariPool-1 - Shutdown completed.
2022-09-14_14-27-59 [main] INFO  o.s.t.c.s.AbstractContextLoader - Could not detect default resource locations for test class [com.mfpe.rfq.service.RfqServiceTest]: no resource found for suffixes {-context.xml, Context.groovy}.
2022-09-14_14-27-59 [main] INFO  o.s.b.t.c.SpringBootTestContextBootstrapper - Loaded default TestExecutionListener class names from location [META-INF/spring.factories]: [org.springframework.boot.test.mock.mockito.MockitoTestExecutionListener, org.springframework.boot.test.mock.mockito.ResetMocksTestExecutionListener, org.springframework.boot.test.autoconfigure.restdocs.RestDocsTestExecutionListener, org.springframework.boot.test.autoconfigure.web.client.MockRestServiceServerResetTestExecutionListener, org.springframework.boot.test.autoconfigure.web.servlet.MockMvcPrintOnlyOnFailureTestExecutionListener, org.springframework.boot.test.autoconfigure.web.servlet.WebDriverTestExecutionListener, org.springframework.boot.test.autoconfigure.webservices.client.MockWebServiceServerTestExecutionListener, org.springframework.test.context.web.ServletTestExecutionListener, org.springframework.test.context.support.DirtiesContextBeforeModesTestExecutionListener, org.springframework.test.context.event.ApplicationEventsTestExecutionListener, org.springframework.test.context.support.DependencyInjectionTestExecutionListener, org.springframework.test.context.support.DirtiesContextTestExecutionListener, org.springframework.test.context.transaction.TransactionalTestExecutionListener, org.springframework.test.context.jdbc.SqlScriptsTestExecutionListener, org.springframework.test.context.event.EventPublishingTestExecutionListener]
2022-09-14_14-27-59 [main] INFO  o.s.b.t.c.SpringBootTestContextBootstrapper - Using TestExecutionListeners: [org.springframework.test.context.web.ServletTestExecutionListener@8a589a2, org.springframework.test.context.support.DirtiesContextBeforeModesTestExecutionListener@c65a5ef, org.springframework.test.context.event.ApplicationEventsTestExecutionListener@6b5176f2, org.springframework.boot.test.mock.mockito.MockitoTestExecutionListener@b672aa8, org.springframework.boot.test.autoconfigure.SpringBootDependencyInjectionTestExecutionListener@2fab4aff, org.springframework.test.context.support.DirtiesContextTestExecutionListener@ec0c838, org.springframework.test.context.transaction.TransactionalTestExecutionListener@6e46d9f4, org.springframework.test.context.jdbc.SqlScriptsTestExecutionListener@5cc69cfe, org.springframework.test.context.event.EventPublishingTestExecutionListener@29cfd92b, org.springframework.boot.test.mock.mockito.ResetMocksTestExecutionListener@21c64522, org.springframework.boot.test.autoconfigure.restdocs.RestDocsTestExecutionListener@7997b197, org.springframework.boot.test.autoconfigure.web.client.MockRestServiceServerResetTestExecutionListener@11dee337, org.springframework.boot.test.autoconfigure.web.servlet.MockMvcPrintOnlyOnFailureTestExecutionListener@460f76a6, org.springframework.boot.test.autoconfigure.web.servlet.WebDriverTestExecutionListener@55f3c410, org.springframework.boot.test.autoconfigure.webservices.client.MockWebServiceServerTestExecutionListener@11acdc30]
2022-09-14_14-28-01 [main] INFO  com.mfpe.rfq.service.RfqServiceTest - Starting RfqServiceTest using Java 11.0.15 on Shahbaz with PID 3432 (started by Shahbaz Khan in C:\Shahbaz\Fiverr\14 Sep 2022\testing mfpe\rfq)
2022-09-14_14-28-01 [main] INFO  com.mfpe.rfq.service.RfqServiceTest - No active profile set, falling back to default profiles: default
2022-09-14_14-28-02 [main] INFO  com.mfpe.rfq.service.RfqServiceTest - Starting RfqServiceTest using Java 11.0.15 on Shahbaz with PID 3432 (started by Shahbaz Khan in C:\Shahbaz\Fiverr\14 Sep 2022\testing mfpe\rfq)
2022-09-14_14-28-02 [main] INFO  com.mfpe.rfq.service.RfqServiceTest - No active profile set, falling back to default profiles: default
2022-09-14_14-28-02 [main] INFO  com.mfpe.rfq.service.RfqServiceTest - Starting RfqServiceTest using Java 11.0.15 on Shahbaz with PID 3432 (started by Shahbaz Khan in C:\Shahbaz\Fiverr\14 Sep 2022\testing mfpe\rfq)
2022-09-14_14-28-02 [main] INFO  com.mfpe.rfq.service.RfqServiceTest - No active profile set, falling back to default profiles: default
2022-09-14_14-28-03 [main] INFO  com.mfpe.rfq.service.RfqServiceTest - Starting RfqServiceTest using Java 11.0.15 on Shahbaz with PID 3432 (started by Shahbaz Khan in C:\Shahbaz\Fiverr\14 Sep 2022\testing mfpe\rfq)
2022-09-14_14-28-03 [main] INFO  com.mfpe.rfq.service.RfqServiceTest - No active profile set, falling back to default profiles: default
2022-09-14_14-28-03 [main] INFO  com.mfpe.rfq.service.RfqServiceTest - Starting RfqServiceTest using Java 11.0.15 on Shahbaz with PID 3432 (started by Shahbaz Khan in C:\Shahbaz\Fiverr\14 Sep 2022\testing mfpe\rfq)
2022-09-14_14-28-03 [main] INFO  com.mfpe.rfq.service.RfqServiceTest - No active profile set, falling back to default profiles: default
2022-09-14_14-28-03 [main] INFO  com.mfpe.rfq.service.RfqServiceTest - Starting RfqServiceTest using Java 11.0.15 on Shahbaz with PID 3432 (started by Shahbaz Khan in C:\Shahbaz\Fiverr\14 Sep 2022\testing mfpe\rfq)
2022-09-14_14-28-03 [main] INFO  com.mfpe.rfq.service.RfqServiceTest - No active profile set, falling back to default profiles: default
2022-09-14_14-28-25 [main] INFO  o.s.t.c.s.DefaultTestContextBootstrapper - Loaded default TestExecutionListener class names from location [META-INF/spring.factories]: [org.springframework.boot.test.mock.mockito.MockitoTestExecutionListener, org.springframework.boot.test.mock.mockito.ResetMocksTestExecutionListener, org.springframework.boot.test.autoconfigure.restdocs.RestDocsTestExecutionListener, org.springframework.boot.test.autoconfigure.web.client.MockRestServiceServerResetTestExecutionListener, org.springframework.boot.test.autoconfigure.web.servlet.MockMvcPrintOnlyOnFailureTestExecutionListener, org.springframework.boot.test.autoconfigure.web.servlet.WebDriverTestExecutionListener, org.springframework.boot.test.autoconfigure.webservices.client.MockWebServiceServerTestExecutionListener, org.springframework.test.context.web.ServletTestExecutionListener, org.springframework.test.context.support.DirtiesContextBeforeModesTestExecutionListener, org.springframework.test.context.event.ApplicationEventsTestExecutionListener, org.springframework.test.context.support.DependencyInjectionTestExecutionListener, org.springframework.test.context.support.DirtiesContextTestExecutionListener, org.springframework.test.context.transaction.TransactionalTestExecutionListener, org.springframework.test.context.jdbc.SqlScriptsTestExecutionListener, org.springframework.test.context.event.EventPublishingTestExecutionListener]
2022-09-14_14-28-25 [main] INFO  o.s.t.c.s.DefaultTestContextBootstrapper - Using TestExecutionListeners: [org.springframework.test.context.web.ServletTestExecutionListener@3e7634b9, org.springframework.test.context.support.DirtiesContextBeforeModesTestExecutionListener@6f0b0a5e, org.springframework.test.context.event.ApplicationEventsTestExecutionListener@6035b93b, org.springframework.boot.test.mock.mockito.MockitoTestExecutionListener@320de594, org.springframework.test.context.support.DependencyInjectionTestExecutionListener@3dd1dc90, org.springframework.test.context.support.DirtiesContextTestExecutionListener@abf688e, org.springframework.test.context.transaction.TransactionalTestExecutionListener@478ee483, org.springframework.test.context.jdbc.SqlScriptsTestExecutionListener@1a7288a3, org.springframework.test.context.event.EventPublishingTestExecutionListener@2974f221, org.springframework.boot.test.mock.mockito.ResetMocksTestExecutionListener@58fe0499, org.springframework.boot.test.autoconfigure.restdocs.RestDocsTestExecutionListener@686449f9, org.springframework.boot.test.autoconfigure.web.client.MockRestServiceServerResetTestExecutionListener@665df3c6, org.springframework.boot.test.autoconfigure.web.servlet.MockMvcPrintOnlyOnFailureTestExecutionListener@68b6f0d6, org.springframework.boot.test.autoconfigure.web.servlet.WebDriverTestExecutionListener@4044fb95, org.springframework.boot.test.autoconfigure.webservices.client.MockWebServiceServerTestExecutionListener@aa549e5]
2022-09-14_14-29-18 [main] INFO  o.s.b.t.c.SpringBootTestContextBootstrapper - Neither @ContextConfiguration nor @ContextHierarchy found for test class [com.mfpe.rfq.service.RfqServiceTest], using SpringBootContextLoader
2022-09-14_14-29-18 [main] INFO  o.s.t.c.s.AbstractContextLoader - Could not detect default resource locations for test class [com.mfpe.rfq.service.RfqServiceTest]: no resource found for suffixes {-context.xml, Context.groovy}.
2022-09-14_14-29-18 [main] INFO  o.s.t.c.s.AnnotationConfigContextLoaderUtils - Could not detect default configuration classes for test class [com.mfpe.rfq.service.RfqServiceTest]: RfqServiceTest does not declare any static, non-private, non-final, nested classes annotated with @Configuration.
2022-09-14_14-29-18 [main] INFO  o.s.b.t.c.SpringBootTestContextBootstrapper - Found @SpringBootConfiguration com.mfpe.rfq.RfqApplication for test class com.mfpe.rfq.service.RfqServiceTest
2022-09-14_14-29-18 [main] INFO  o.s.b.t.c.SpringBootTestContextBootstrapper - Loaded default TestExecutionListener class names from location [META-INF/spring.factories]: [org.springframework.boot.test.mock.mockito.MockitoTestExecutionListener, org.springframework.boot.test.mock.mockito.ResetMocksTestExecutionListener, org.springframework.boot.test.autoconfigure.restdocs.RestDocsTestExecutionListener, org.springframework.boot.test.autoconfigure.web.client.MockRestServiceServerResetTestExecutionListener, org.springframework.boot.test.autoconfigure.web.servlet.MockMvcPrintOnlyOnFailureTestExecutionListener, org.springframework.boot.test.autoconfigure.web.servlet.WebDriverTestExecutionListener, org.springframework.boot.test.autoconfigure.webservices.client.MockWebServiceServerTestExecutionListener, org.springframework.test.context.web.ServletTestExecutionListener, org.springframework.test.context.support.DirtiesContextBeforeModesTestExecutionListener, org.springframework.test.context.event.ApplicationEventsTestExecutionListener, org.springframework.test.context.support.DependencyInjectionTestExecutionListener, org.springframework.test.context.support.DirtiesContextTestExecutionListener, org.springframework.test.context.transaction.TransactionalTestExecutionListener, org.springframework.test.context.jdbc.SqlScriptsTestExecutionListener, org.springframework.test.context.event.EventPublishingTestExecutionListener]
2022-09-14_14-29-18 [main] INFO  o.s.b.t.c.SpringBootTestContextBootstrapper - Using TestExecutionListeners: [org.springframework.test.context.web.ServletTestExecutionListener@62f87c44, org.springframework.test.context.support.DirtiesContextBeforeModesTestExecutionListener@48f5bde6, org.springframework.test.context.event.ApplicationEventsTestExecutionListener@525d79f0, org.springframework.boot.test.mock.mockito.MockitoTestExecutionListener@5149f008, org.springframework.boot.test.autoconfigure.SpringBootDependencyInjectionTestExecutionListener@7072bc39, org.springframework.test.context.support.DirtiesContextTestExecutionListener@158d255c, org.springframework.test.context.transaction.TransactionalTestExecutionListener@2ca65ce4, org.springframework.test.context.jdbc.SqlScriptsTestExecutionListener@327120c8, org.springframework.test.context.event.EventPublishingTestExecutionListener@5707c1cb, org.springframework.boot.test.mock.mockito.ResetMocksTestExecutionListener@2b5cb9b2, org.springframework.boot.test.autoconfigure.restdocs.RestDocsTestExecutionListener@35038141, org.springframework.boot.test.autoconfigure.web.client.MockRestServiceServerResetTestExecutionListener@ecf9049, org.springframework.boot.test.autoconfigure.web.servlet.MockMvcPrintOnlyOnFailureTestExecutionListener@672f11c2, org.springframework.boot.test.autoconfigure.web.servlet.WebDriverTestExecutionListener@2970a5bc, org.springframework.boot.test.autoconfigure.webservices.client.MockWebServiceServerTestExecutionListener@50305a]
2022-09-14_14-29-19 [main] INFO  com.mfpe.rfq.service.RfqServiceTest - Starting RfqServiceTest using Java 11.0.15 on Shahbaz with PID 13484 (started by Shahbaz Khan in C:\Shahbaz\Fiverr\14 Sep 2022\testing mfpe\rfq)
2022-09-14_14-29-19 [main] INFO  com.mfpe.rfq.service.RfqServiceTest - No active profile set, falling back to default profiles: default
2022-09-14_14-29-19 [main] INFO  o.s.d.r.c.RepositoryConfigurationDelegate - Bootstrapping Spring Data JPA repositories in DEFAULT mode.
2022-09-14_14-29-19 [main] INFO  o.s.d.r.c.RepositoryConfigurationDelegate - Finished Spring Data repository scanning in 60 ms. Found 1 JPA repository interfaces.
2022-09-14_14-29-19 [main] INFO  o.s.cloud.context.scope.GenericScope - BeanFactory id=ef960460-7119-39ad-b344-5eaf025d75d6
2022-09-14_14-29-19 [main] INFO  com.zaxxer.hikari.HikariDataSource - HikariPool-1 - Starting...
2022-09-14_14-29-19 [main] INFO  com.zaxxer.hikari.HikariDataSource - HikariPool-1 - Start completed.
2022-09-14_14-29-19 [main] INFO  o.h.jpa.internal.util.LogHelper - HHH000204: Processing PersistenceUnitInfo [name: default]
2022-09-14_14-29-19 [main] INFO  org.hibernate.Version - HHH000412: Hibernate ORM core version 5.4.32.Final
2022-09-14_14-29-19 [main] INFO  o.h.annotations.common.Version - HCANN000001: Hibernate Commons Annotations {5.1.2.Final}
2022-09-14_14-29-19 [main] INFO  org.hibernate.dialect.Dialect - HHH000400: Using dialect: org.hibernate.dialect.H2Dialect
2022-09-14_14-29-19 [main] INFO  o.h.e.t.j.p.i.JtaPlatformInitiator - HHH000490: Using JtaPlatform implementation: [org.hibernate.engine.transaction.jta.platform.internal.NoJtaPlatform]
2022-09-14_14-29-19 [main] INFO  o.s.o.j.LocalContainerEntityManagerFactoryBean - Initialized JPA EntityManagerFactory for persistence unit 'default'
2022-09-14_14-29-19 [main] INFO  o.s.b.a.h.H2ConsoleAutoConfiguration - H2 console available at '/h2-console'. Database available at 'jdbc:h2:mem:testdb'
2022-09-14_14-29-19 [main] INFO  s.d.s.w.PropertySourcedRequestMappingHandlerMapping - Mapped URL path [/v2/api-docs] onto method [springfox.documentation.swagger2.web.Swagger2Controller#getDocumentation(String, HttpServletRequest)]
2022-09-14_14-29-19 [main] INFO  o.s.b.t.m.w.SpringBootMockServletContext - Initializing Spring TestDispatcherServlet ''
2022-09-14_14-29-19 [main] INFO  o.s.t.w.s.TestDispatcherServlet - Initializing Servlet ''
2022-09-14_14-29-19 [main] INFO  o.s.t.w.s.TestDispatcherServlet - Completed initialization in 2 ms
2022-09-14_14-29-19 [main] INFO  s.d.s.w.p.DocumentationPluginsBootstrapper - Context refreshed
2022-09-14_14-29-19 [main] INFO  s.d.s.w.p.DocumentationPluginsBootstrapper - Found 1 custom documentation plugin(s)
2022-09-14_14-29-19 [main] INFO  s.d.s.w.s.ApiListingReferenceScanner - Scanning for api listing references
2022-09-14_14-29-19 [main] INFO  com.mfpe.rfq.service.RfqServiceTest - Started RfqServiceTest in 6.719 seconds (JVM running for 8.429)
2022-09-14_14-29-19 [main] INFO  com.mfpe.rfq.service.RfqService - Inside PotentailVendorsOfRfq of RfqController
2022-09-14_14-29-19 [main] INFO  com.mfpe.rfq.service.RfqService - Inside PotentailVendorsOfRfq of RfqController
2022-09-14_14-29-19 [main] INFO  com.mfpe.rfq.service.RfqService - Inside PotentailVendorsOfRfq of RfqController
2022-09-14_14-29-19 [main] INFO  com.mfpe.rfq.service.RfqService - Inside PotentailVendorsOfRfq of RfqController
2022-09-14_14-29-19 [main] INFO  com.mfpe.rfq.service.RfqService - [supplierlist:]
2022-09-14_14-29-19 [main] INFO  com.mfpe.rfq.service.RfqService - Inside GetRfqDeatilsoPlant of RfqService
2022-09-14_14-29-19 [main] INFO  com.mfpe.rfq.service.RfqService - Inside GetRfqDeatilsoPlant of RfqService
2022-09-14_14-29-19 [main] INFO  com.mfpe.rfq.service.RfqService - [rfqDetail:]
2022-09-14_14-29-19 [SpringApplicationShutdownHook] INFO  o.s.o.j.LocalContainerEntityManagerFactoryBean - Closing JPA EntityManagerFactory for persistence unit 'default'
2022-09-14_14-29-19 [SpringApplicationShutdownHook] INFO  o.h.t.s.i.SchemaDropperImpl$DelayedDropActionImpl - HHH000477: Starting delayed evictData of schema as part of SessionFactory shut-down'
2022-09-14_14-29-19 [SpringApplicationShutdownHook] INFO  com.zaxxer.hikari.HikariDataSource - HikariPool-1 - Shutdown initiated...
2022-09-14_14-29-19 [SpringApplicationShutdownHook] INFO  com.zaxxer.hikari.HikariDataSource - HikariPool-1 - Shutdown completed.
2022-09-14_14-32-52 [main] INFO  o.s.b.t.c.SpringBootTestContextBootstrapper - Neither @ContextConfiguration nor @ContextHierarchy found for test class [com.mfpe.rfq.RfqApplicationTests], using SpringBootContextLoader
2022-09-14_14-32-52 [main] INFO  o.s.t.c.s.AbstractContextLoader - Could not detect default resource locations for test class [com.mfpe.rfq.RfqApplicationTests]: no resource found for suffixes {-context.xml, Context.groovy}.
2022-09-14_14-32-52 [main] INFO  o.s.t.c.s.AnnotationConfigContextLoaderUtils - Could not detect default configuration classes for test class [com.mfpe.rfq.RfqApplicationTests]: RfqApplicationTests does not declare any static, non-private, non-final, nested classes annotated with @Configuration.
2022-09-14_14-32-52 [main] INFO  o.s.b.t.c.SpringBootTestContextBootstrapper - Found @SpringBootConfiguration com.mfpe.rfq.RfqApplication for test class com.mfpe.rfq.RfqApplicationTests
2022-09-14_14-32-52 [main] INFO  o.s.b.t.c.SpringBootTestContextBootstrapper - Loaded default TestExecutionListener class names from location [META-INF/spring.factories]: [org.springframework.boot.test.mock.mockito.MockitoTestExecutionListener, org.springframework.boot.test.mock.mockito.ResetMocksTestExecutionListener, org.springframework.boot.test.autoconfigure.restdocs.RestDocsTestExecutionListener, org.springframework.boot.test.autoconfigure.web.client.MockRestServiceServerResetTestExecutionListener, org.springframework.boot.test.autoconfigure.web.servlet.MockMvcPrintOnlyOnFailureTestExecutionListener, org.springframework.boot.test.autoconfigure.web.servlet.WebDriverTestExecutionListener, org.springframework.boot.test.autoconfigure.webservices.client.MockWebServiceServerTestExecutionListener, org.springframework.test.context.web.ServletTestExecutionListener, org.springframework.test.context.support.DirtiesContextBeforeModesTestExecutionListener, org.springframework.test.context.event.ApplicationEventsTestExecutionListener, org.springframework.test.context.support.DependencyInjectionTestExecutionListener, org.springframework.test.context.support.DirtiesContextTestExecutionListener, org.springframework.test.context.transaction.TransactionalTestExecutionListener, org.springframework.test.context.jdbc.SqlScriptsTestExecutionListener, org.springframework.test.context.event.EventPublishingTestExecutionListener]
2022-09-14_14-32-52 [main] INFO  o.s.b.t.c.SpringBootTestContextBootstrapper - Using TestExecutionListeners: [org.springframework.test.context.web.ServletTestExecutionListener@47d93e0d, org.springframework.test.context.support.DirtiesContextBeforeModesTestExecutionListener@475b7792, org.springframework.test.context.event.ApplicationEventsTestExecutionListener@751e664e, org.springframework.boot.test.mock.mockito.MockitoTestExecutionListener@160c3ec1, org.springframework.boot.test.autoconfigure.SpringBootDependencyInjectionTestExecutionListener@182b435b, org.springframework.test.context.support.DirtiesContextTestExecutionListener@4d0402b, org.springframework.test.context.transaction.TransactionalTestExecutionListener@2fa7ae9, org.springframework.test.context.jdbc.SqlScriptsTestExecutionListener@7577b641, org.springframework.test.context.event.EventPublishingTestExecutionListener@3704122f, org.springframework.boot.test.mock.mockito.ResetMocksTestExecutionListener@3153ddfc, org.springframework.boot.test.autoconfigure.restdocs.RestDocsTestExecutionListener@60afd40d, org.springframework.boot.test.autoconfigure.web.client.MockRestServiceServerResetTestExecutionListener@28a2a3e7, org.springframework.boot.test.autoconfigure.web.servlet.MockMvcPrintOnlyOnFailureTestExecutionListener@3f2049b6, org.springframework.boot.test.autoconfigure.web.servlet.WebDriverTestExecutionListener@10b3df93, org.springframework.boot.test.autoconfigure.webservices.client.MockWebServiceServerTestExecutionListener@ea27e34]
2022-09-14_14-32-54 [main] INFO  com.mfpe.rfq.RfqApplicationTests - Starting RfqApplicationTests using Java 11.0.15 on Shahbaz with PID 13520 (started by Shahbaz Khan in C:\Shahbaz\Fiverr\14 Sep 2022\testing mfpe\rfq)
2022-09-14_14-32-54 [main] INFO  com.mfpe.rfq.RfqApplicationTests - No active profile set, falling back to default profiles: default
2022-09-14_14-32-54 [main] INFO  o.s.d.r.c.RepositoryConfigurationDelegate - Bootstrapping Spring Data JPA repositories in DEFAULT mode.
2022-09-14_14-32-54 [main] INFO  o.s.d.r.c.RepositoryConfigurationDelegate - Finished Spring Data repository scanning in 71 ms. Found 1 JPA repository interfaces.
2022-09-14_14-32-54 [main] INFO  o.s.cloud.context.scope.GenericScope - BeanFactory id=86931259-4810-3e9a-9ace-9c1fec7d3485
2022-09-14_14-32-54 [main] INFO  com.zaxxer.hikari.HikariDataSource - HikariPool-1 - Starting...
2022-09-14_14-32-54 [main] INFO  com.zaxxer.hikari.HikariDataSource - HikariPool-1 - Start completed.
2022-09-14_14-32-54 [main] INFO  o.h.jpa.internal.util.LogHelper - HHH000204: Processing PersistenceUnitInfo [name: default]
2022-09-14_14-32-54 [main] INFO  org.hibernate.Version - HHH000412: Hibernate ORM core version 5.4.32.Final
2022-09-14_14-32-54 [main] INFO  o.h.annotations.common.Version - HCANN000001: Hibernate Commons Annotations {5.1.2.Final}
2022-09-14_14-32-54 [main] INFO  org.hibernate.dialect.Dialect - HHH000400: Using dialect: org.hibernate.dialect.H2Dialect
2022-09-14_14-32-54 [main] INFO  o.h.e.t.j.p.i.JtaPlatformInitiator - HHH000490: Using JtaPlatform implementation: [org.hibernate.engine.transaction.jta.platform.internal.NoJtaPlatform]
2022-09-14_14-32-54 [main] INFO  o.s.o.j.LocalContainerEntityManagerFactoryBean - Initialized JPA EntityManagerFactory for persistence unit 'default'
2022-09-14_14-32-54 [main] INFO  o.s.b.a.h.H2ConsoleAutoConfiguration - H2 console available at '/h2-console'. Database available at 'jdbc:h2:mem:testdb'
2022-09-14_14-32-54 [main] INFO  s.d.s.w.PropertySourcedRequestMappingHandlerMapping - Mapped URL path [/v2/api-docs] onto method [springfox.documentation.swagger2.web.Swagger2Controller#getDocumentation(String, HttpServletRequest)]
2022-09-14_14-32-54 [main] INFO  s.d.s.w.p.DocumentationPluginsBootstrapper - Context refreshed
2022-09-14_14-32-54 [main] INFO  s.d.s.w.p.DocumentationPluginsBootstrapper - Found 1 custom documentation plugin(s)
2022-09-14_14-32-54 [main] INFO  s.d.s.w.s.ApiListingReferenceScanner - Scanning for api listing references
2022-09-14_14-32-54 [main] INFO  com.mfpe.rfq.RfqApplicationTests - Started RfqApplicationTests in 12.166 seconds (JVM running for 16.003)
2022-09-14_14-32-54 [main] INFO  o.s.b.t.c.SpringBootTestContextBootstrapper - Neither @ContextConfiguration nor @ContextHierarchy found for test class [com.mfpe.rfq.service.RfqServiceTest], using SpringBootContextLoader
2022-09-14_14-32-54 [main] INFO  o.s.t.c.s.AbstractContextLoader - Could not detect default resource locations for test class [com.mfpe.rfq.service.RfqServiceTest]: no resource found for suffixes {-context.xml, Context.groovy}.
2022-09-14_14-32-54 [main] INFO  o.s.t.c.s.AnnotationConfigContextLoaderUtils - Could not detect default configuration classes for test class [com.mfpe.rfq.service.RfqServiceTest]: RfqServiceTest does not declare any static, non-private, non-final, nested classes annotated with @Configuration.
2022-09-14_14-32-54 [main] INFO  o.s.b.t.c.SpringBootTestContextBootstrapper - Found @SpringBootConfiguration com.mfpe.rfq.RfqApplication for test class com.mfpe.rfq.service.RfqServiceTest
2022-09-14_14-32-54 [main] INFO  o.s.b.t.c.SpringBootTestContextBootstrapper - Loaded default TestExecutionListener class names from location [META-INF/spring.factories]: [org.springframework.boot.test.mock.mockito.MockitoTestExecutionListener, org.springframework.boot.test.mock.mockito.ResetMocksTestExecutionListener, org.springframework.boot.test.autoconfigure.restdocs.RestDocsTestExecutionListener, org.springframework.boot.test.autoconfigure.web.client.MockRestServiceServerResetTestExecutionListener, org.springframework.boot.test.autoconfigure.web.servlet.MockMvcPrintOnlyOnFailureTestExecutionListener, org.springframework.boot.test.autoconfigure.web.servlet.WebDriverTestExecutionListener, org.springframework.boot.test.autoconfigure.webservices.client.MockWebServiceServerTestExecutionListener, org.springframework.test.context.web.ServletTestExecutionListener, org.springframework.test.context.support.DirtiesContextBeforeModesTestExecutionListener, org.springframework.test.context.event.ApplicationEventsTestExecutionListener, org.springframework.test.context.support.DependencyInjectionTestExecutionListener, org.springframework.test.context.support.DirtiesContextTestExecutionListener, org.springframework.test.context.transaction.TransactionalTestExecutionListener, org.springframework.test.context.jdbc.SqlScriptsTestExecutionListener, org.springframework.test.context.event.EventPublishingTestExecutionListener]
2022-09-14_14-32-54 [main] INFO  o.s.b.t.c.SpringBootTestContextBootstrapper - Using TestExecutionListeners: [org.springframework.test.context.web.ServletTestExecutionListener@6efd83ac, org.springframework.test.context.support.DirtiesContextBeforeModesTestExecutionListener@117e9a56, org.springframework.test.context.event.ApplicationEventsTestExecutionListener@21acc86a, org.springframework.boot.test.mock.mockito.MockitoTestExecutionListener@443819d5, org.springframework.boot.test.autoconfigure.SpringBootDependencyInjectionTestExecutionListener@465a121d, org.springframework.test.context.support.DirtiesContextTestExecutionListener@23938caa, org.springframework.test.context.transaction.TransactionalTestExecutionListener@643bef2a, org.springframework.test.context.jdbc.SqlScriptsTestExecutionListener@6049b4c9, org.springframework.test.context.event.EventPublishingTestExecutionListener@76958827, org.springframework.boot.test.mock.mockito.ResetMocksTestExecutionListener@495cac83, org.springframework.boot.test.autoconfigure.restdocs.RestDocsTestExecutionListener@7225583d, org.springframework.boot.test.autoconfigure.web.client.MockRestServiceServerResetTestExecutionListener@5fe7454c, org.springframework.boot.test.autoconfigure.web.servlet.MockMvcPrintOnlyOnFailureTestExecutionListener@5e92a27, org.springframework.boot.test.autoconfigure.web.servlet.WebDriverTestExecutionListener@297db6ad, org.springframework.boot.test.autoconfigure.webservices.client.MockWebServiceServerTestExecutionListener@71c1e70f]
2022-09-14_14-33-06 [main] INFO  com.mfpe.rfq.service.RfqServiceTest - Starting RfqServiceTest using Java 11.0.15 on Shahbaz with PID 13520 (started by Shahbaz Khan in C:\Shahbaz\Fiverr\14 Sep 2022\testing mfpe\rfq)
2022-09-14_14-33-06 [main] INFO  com.mfpe.rfq.service.RfqServiceTest - No active profile set, falling back to default profiles: default
2022-09-14_14-33-06 [main] INFO  o.s.d.r.c.RepositoryConfigurationDelegate - Bootstrapping Spring Data JPA repositories in DEFAULT mode.
2022-09-14_14-33-06 [main] INFO  o.s.d.r.c.RepositoryConfigurationDelegate - Finished Spring Data repository scanning in 21 ms. Found 1 JPA repository interfaces.
2022-09-14_14-33-06 [main] INFO  o.s.cloud.context.scope.GenericScope - BeanFactory id=ef960460-7119-39ad-b344-5eaf025d75d6
2022-09-14_14-33-06 [main] INFO  com.zaxxer.hikari.HikariDataSource - HikariPool-2 - Starting...
2022-09-14_14-33-06 [main] INFO  com.zaxxer.hikari.HikariDataSource - HikariPool-2 - Start completed.
2022-09-14_14-33-06 [main] INFO  o.h.jpa.internal.util.LogHelper - HHH000204: Processing PersistenceUnitInfo [name: default]
2022-09-14_14-33-06 [main] INFO  org.hibernate.dialect.Dialect - HHH000400: Using dialect: org.hibernate.dialect.H2Dialect
2022-09-14_14-33-06 [main] INFO  o.h.e.t.j.p.i.JtaPlatformInitiator - HHH000490: Using JtaPlatform implementation: [org.hibernate.engine.transaction.jta.platform.internal.NoJtaPlatform]
2022-09-14_14-33-06 [main] INFO  o.s.o.j.LocalContainerEntityManagerFactoryBean - Initialized JPA EntityManagerFactory for persistence unit 'default'
2022-09-14_14-33-06 [main] INFO  o.s.b.a.h.H2ConsoleAutoConfiguration - H2 console available at '/h2-console'. Database available at 'jdbc:h2:mem:testdb'
2022-09-14_14-33-06 [main] INFO  s.d.s.w.PropertySourcedRequestMappingHandlerMapping - Mapped URL path [/v2/api-docs] onto method [springfox.documentation.swagger2.web.Swagger2Controller#getDocumentation(String, HttpServletRequest)]
2022-09-14_14-33-06 [main] INFO  o.s.b.t.m.w.SpringBootMockServletContext - Initializing Spring TestDispatcherServlet ''
2022-09-14_14-33-06 [main] INFO  o.s.t.w.s.TestDispatcherServlet - Initializing Servlet ''
2022-09-14_14-33-06 [main] INFO  o.s.t.w.s.TestDispatcherServlet - Completed initialization in 1 ms
2022-09-14_14-33-06 [main] INFO  s.d.s.w.p.DocumentationPluginsBootstrapper - Context refreshed
2022-09-14_14-33-06 [main] INFO  s.d.s.w.p.DocumentationPluginsBootstrapper - Found 1 custom documentation plugin(s)
2022-09-14_14-33-06 [main] INFO  s.d.s.w.s.ApiListingReferenceScanner - Scanning for api listing references
2022-09-14_14-33-06 [main] INFO  com.mfpe.rfq.service.RfqServiceTest - Started RfqServiceTest in 4.152 seconds (JVM running for 20.484)
2022-09-14_14-33-06 [main] INFO  com.mfpe.rfq.service.RfqService - Inside PotentailVendorsOfRfq of RfqController
2022-09-14_14-33-06 [main] INFO  com.mfpe.rfq.service.RfqService - Inside PotentailVendorsOfRfq of RfqController
2022-09-14_14-33-06 [main] INFO  com.mfpe.rfq.service.RfqService - Inside PotentailVendorsOfRfq of RfqController
2022-09-14_14-33-06 [main] INFO  com.mfpe.rfq.service.RfqService - Inside GetRfqDeatilsoPlant of RfqService
2022-09-14_14-33-06 [main] INFO  com.mfpe.rfq.service.RfqService - Inside PotentailVendorsOfRfq of RfqController
2022-09-14_14-33-06 [main] INFO  com.mfpe.rfq.service.RfqService - [supplierlist:]
2022-09-14_14-33-06 [main] INFO  com.mfpe.rfq.service.RfqService - Inside GetRfqDeatilsoPlant of RfqService
2022-09-14_14-33-06 [main] INFO  com.mfpe.rfq.service.RfqService - [rfqDetail:]
2022-09-14_14-33-06 [main] INFO  o.s.b.t.c.SpringBootTestContextBootstrapper - Neither @ContextConfiguration nor @ContextHierarchy found for test class [com.mfpe.rfq.controller.RfqControllerTest], using SpringBootContextLoader
2022-09-14_14-33-06 [main] INFO  o.s.t.c.s.AbstractContextLoader - Could not detect default resource locations for test class [com.mfpe.rfq.controller.RfqControllerTest]: no resource found for suffixes {-context.xml, Context.groovy}.
2022-09-14_14-33-06 [main] INFO  o.s.t.c.s.AnnotationConfigContextLoaderUtils - Could not detect default configuration classes for test class [com.mfpe.rfq.controller.RfqControllerTest]: RfqControllerTest does not declare any static, non-private, non-final, nested classes annotated with @Configuration.
2022-09-14_14-33-06 [main] INFO  o.s.b.t.c.SpringBootTestContextBootstrapper - Found @SpringBootConfiguration com.mfpe.rfq.RfqApplication for test class com.mfpe.rfq.controller.RfqControllerTest
2022-09-14_14-33-06 [main] INFO  o.s.b.t.c.SpringBootTestContextBootstrapper - Loaded default TestExecutionListener class names from location [META-INF/spring.factories]: [org.springframework.boot.test.mock.mockito.MockitoTestExecutionListener, org.springframework.boot.test.mock.mockito.ResetMocksTestExecutionListener, org.springframework.boot.test.autoconfigure.restdocs.RestDocsTestExecutionListener, org.springframework.boot.test.autoconfigure.web.client.MockRestServiceServerResetTestExecutionListener, org.springframework.boot.test.autoconfigure.web.servlet.MockMvcPrintOnlyOnFailureTestExecutionListener, org.springframework.boot.test.autoconfigure.web.servlet.WebDriverTestExecutionListener, org.springframework.boot.test.autoconfigure.webservices.client.MockWebServiceServerTestExecutionListener, org.springframework.test.context.web.ServletTestExecutionListener, org.springframework.test.context.support.DirtiesContextBeforeModesTestExecutionListener, org.springframework.test.context.event.ApplicationEventsTestExecutionListener, org.springframework.test.context.support.DependencyInjectionTestExecutionListener, org.springframework.test.context.support.DirtiesContextTestExecutionListener, org.springframework.test.context.transaction.TransactionalTestExecutionListener, org.springframework.test.context.jdbc.SqlScriptsTestExecutionListener, org.springframework.test.context.event.EventPublishingTestExecutionListener]
2022-09-14_14-33-06 [main] INFO  o.s.b.t.c.SpringBootTestContextBootstrapper - Using TestExecutionListeners: [org.springframework.test.context.web.ServletTestExecutionListener@2d4df467, org.springframework.test.context.support.DirtiesContextBeforeModesTestExecutionListener@65c2610f, org.springframework.test.context.event.ApplicationEventsTestExecutionListener@73e4ecb, org.springframework.boot.test.mock.mockito.MockitoTestExecutionListener@1942a960, org.springframework.boot.test.autoconfigure.SpringBootDependencyInjectionTestExecutionListener@5bee88e3, org.springframework.test.context.support.DirtiesContextTestExecutionListener@2dd25088, org.springframework.test.context.transaction.TransactionalTestExecutionListener@586f1bef, org.springframework.test.context.jdbc.SqlScriptsTestExecutionListener@546ab02b, org.springframework.test.context.event.EventPublishingTestExecutionListener@7bec83d5, org.springframework.boot.test.mock.mockito.ResetMocksTestExecutionListener@4485ca30, org.springframework.boot.test.autoconfigure.restdocs.RestDocsTestExecutionListener@6415112c, org.springframework.boot.test.autoconfigure.web.client.MockRestServiceServerResetTestExecutionListener@65ff1e6d, org.springframework.boot.test.autoconfigure.web.servlet.MockMvcPrintOnlyOnFailureTestExecutionListener@7a12cb2c, org.springframework.boot.test.autoconfigure.web.servlet.WebDriverTestExecutionListener@10ac5a14, org.springframework.boot.test.autoconfigure.webservices.client.MockWebServiceServerTestExecutionListener@5cfcb55c]
2022-09-14_14-33-06 [main] INFO  o.s.mock.web.MockServletContext - Initializing Spring TestDispatcherServlet ''
2022-09-14_14-33-06 [main] INFO  o.s.t.w.s.TestDispatcherServlet - Initializing Servlet ''
2022-09-14_14-33-06 [main] INFO  o.s.t.w.s.TestDispatcherServlet - Completed initialization in 0 ms
2022-09-14_14-33-06 [main] INFO  c.mfpe.rfq.controller.RfqController - Inside PotentailVendorsOfRfq of RfqController
2022-09-14_14-33-06 [main] INFO  o.s.mock.web.MockServletContext - Initializing Spring TestDispatcherServlet ''
2022-09-14_14-33-06 [main] INFO  o.s.t.w.s.TestDispatcherServlet - Initializing Servlet ''
2022-09-14_14-33-06 [main] INFO  o.s.t.w.s.TestDispatcherServlet - Completed initialization in 0 ms
2022-09-14_14-33-06 [main] INFO  c.mfpe.rfq.controller.RfqController - Inside GetRfqDeatilOfPlant of RfqController
2022-09-14_14-33-06 [main] INFO  o.s.mock.web.MockServletContext - Initializing Spring TestDispatcherServlet ''
2022-09-14_14-33-06 [main] INFO  o.s.t.w.s.TestDispatcherServlet - Initializing Servlet ''
2022-09-14_14-33-06 [main] INFO  o.s.t.w.s.TestDispatcherServlet - Completed initialization in 1 ms
2022-09-14_14-33-06 [main] INFO  c.mfpe.rfq.controller.RfqController - Inside PotentailVendorsOfRfq of RfqController
2022-09-14_14-33-06 [SpringApplicationShutdownHook] INFO  o.s.o.j.LocalContainerEntityManagerFactoryBean - Closing JPA EntityManagerFactory for persistence unit 'default'
2022-09-14_14-33-06 [SpringApplicationShutdownHook] INFO  o.h.t.s.i.SchemaDropperImpl$DelayedDropActionImpl - HHH000477: Starting delayed evictData of schema as part of SessionFactory shut-down'
2022-09-14_14-33-06 [SpringApplicationShutdownHook] INFO  com.zaxxer.hikari.HikariDataSource - HikariPool-1 - Shutdown initiated...
2022-09-14_14-33-06 [SpringApplicationShutdownHook] INFO  com.zaxxer.hikari.HikariDataSource - HikariPool-1 - Shutdown completed.
2022-09-14_14-33-06 [SpringApplicationShutdownHook] INFO  o.s.o.j.LocalContainerEntityManagerFactoryBean - Closing JPA EntityManagerFactory for persistence unit 'default'
2022-09-14_14-33-06 [SpringApplicationShutdownHook] INFO  o.h.t.s.i.SchemaDropperImpl$DelayedDropActionImpl - HHH000477: Starting delayed evictData of schema as part of SessionFactory shut-down'
2022-09-14_14-33-06 [SpringApplicationShutdownHook] INFO  com.zaxxer.hikari.HikariDataSource - HikariPool-2 - Shutdown initiated...
2022-09-14_14-33-06 [SpringApplicationShutdownHook] INFO  com.zaxxer.hikari.HikariDataSource - HikariPool-2 - Shutdown completed.
2022-09-14_16-26-26 [main] INFO  o.s.b.t.c.SpringBootTestContextBootstrapper - Neither @ContextConfiguration nor @ContextHierarchy found for test class [com.mfpe.rfq.service.RfqServiceTest], using SpringBootContextLoader
2022-09-14_16-26-26 [main] INFO  o.s.t.c.s.AbstractContextLoader - Could not detect default resource locations for test class [com.mfpe.rfq.service.RfqServiceTest]: no resource found for suffixes {-context.xml, Context.groovy}.
2022-09-14_16-26-26 [main] INFO  o.s.t.c.s.AnnotationConfigContextLoaderUtils - Could not detect default configuration classes for test class [com.mfpe.rfq.service.RfqServiceTest]: RfqServiceTest does not declare any static, non-private, non-final, nested classes annotated with @Configuration.
2022-09-14_16-26-26 [main] INFO  o.s.b.t.c.SpringBootTestContextBootstrapper - Found @SpringBootConfiguration com.mfpe.rfq.RfqApplication for test class com.mfpe.rfq.service.RfqServiceTest
2022-09-14_16-26-26 [main] INFO  o.s.b.t.c.SpringBootTestContextBootstrapper - Loaded default TestExecutionListener class names from location [META-INF/spring.factories]: [org.springframework.boot.test.mock.mockito.MockitoTestExecutionListener, org.springframework.boot.test.mock.mockito.ResetMocksTestExecutionListener, org.springframework.boot.test.autoconfigure.restdocs.RestDocsTestExecutionListener, org.springframework.boot.test.autoconfigure.web.client.MockRestServiceServerResetTestExecutionListener, org.springframework.boot.test.autoconfigure.web.servlet.MockMvcPrintOnlyOnFailureTestExecutionListener, org.springframework.boot.test.autoconfigure.web.servlet.WebDriverTestExecutionListener, org.springframework.boot.test.autoconfigure.webservices.client.MockWebServiceServerTestExecutionListener, org.springframework.test.context.web.ServletTestExecutionListener, org.springframework.test.context.support.DirtiesContextBeforeModesTestExecutionListener, org.springframework.test.context.event.ApplicationEventsTestExecutionListener, org.springframework.test.context.support.DependencyInjectionTestExecutionListener, org.springframework.test.context.support.DirtiesContextTestExecutionListener, org.springframework.test.context.transaction.TransactionalTestExecutionListener, org.springframework.test.context.jdbc.SqlScriptsTestExecutionListener, org.springframework.test.context.event.EventPublishingTestExecutionListener]
2022-09-14_16-26-26 [main] INFO  o.s.b.t.c.SpringBootTestContextBootstrapper - Using TestExecutionListeners: [org.springframework.test.context.web.ServletTestExecutionListener@62f87c44, org.springframework.test.context.support.DirtiesContextBeforeModesTestExecutionListener@48f5bde6, org.springframework.test.context.event.ApplicationEventsTestExecutionListener@525d79f0, org.springframework.boot.test.mock.mockito.MockitoTestExecutionListener@5149f008, org.springframework.boot.test.autoconfigure.SpringBootDependencyInjectionTestExecutionListener@7072bc39, org.springframework.test.context.support.DirtiesContextTestExecutionListener@158d255c, org.springframework.test.context.transaction.TransactionalTestExecutionListener@2ca65ce4, org.springframework.test.context.jdbc.SqlScriptsTestExecutionListener@327120c8, org.springframework.test.context.event.EventPublishingTestExecutionListener@5707c1cb, org.springframework.boot.test.mock.mockito.ResetMocksTestExecutionListener@2b5cb9b2, org.springframework.boot.test.autoconfigure.restdocs.RestDocsTestExecutionListener@35038141, org.springframework.boot.test.autoconfigure.web.client.MockRestServiceServerResetTestExecutionListener@ecf9049, org.springframework.boot.test.autoconfigure.web.servlet.MockMvcPrintOnlyOnFailureTestExecutionListener@672f11c2, org.springframework.boot.test.autoconfigure.web.servlet.WebDriverTestExecutionListener@2970a5bc, org.springframework.boot.test.autoconfigure.webservices.client.MockWebServiceServerTestExecutionListener@50305a]
2022-09-14_16-26-27 [main] INFO  com.mfpe.rfq.service.RfqServiceTest - Starting RfqServiceTest using Java 11.0.15 on Shahbaz with PID 13828 (started by Shahbaz Khan in C:\Shahbaz\Fiverr\14 Sep 2022\testing mfpe\rfq)
2022-09-14_16-26-27 [main] INFO  com.mfpe.rfq.service.RfqServiceTest - No active profile set, falling back to default profiles: default
2022-09-14_16-26-27 [main] INFO  o.s.d.r.c.RepositoryConfigurationDelegate - Bootstrapping Spring Data JPA repositories in DEFAULT mode.
2022-09-14_16-26-27 [main] INFO  o.s.d.r.c.RepositoryConfigurationDelegate - Finished Spring Data repository scanning in 78 ms. Found 1 JPA repository interfaces.
2022-09-14_16-26-27 [main] INFO  o.s.cloud.context.scope.GenericScope - BeanFactory id=ef960460-7119-39ad-b344-5eaf025d75d6
2022-09-14_16-26-27 [main] INFO  com.zaxxer.hikari.HikariDataSource - HikariPool-1 - Starting...
2022-09-14_16-26-27 [main] INFO  com.zaxxer.hikari.HikariDataSource - HikariPool-1 - Start completed.
2022-09-14_16-26-27 [main] INFO  o.h.jpa.internal.util.LogHelper - HHH000204: Processing PersistenceUnitInfo [name: default]
2022-09-14_16-26-27 [main] INFO  org.hibernate.Version - HHH000412: Hibernate ORM core version 5.4.32.Final
2022-09-14_16-26-27 [main] INFO  o.h.annotations.common.Version - HCANN000001: Hibernate Commons Annotations {5.1.2.Final}
2022-09-14_16-26-27 [main] INFO  org.hibernate.dialect.Dialect - HHH000400: Using dialect: org.hibernate.dialect.H2Dialect
2022-09-14_16-26-27 [main] INFO  o.h.e.t.j.p.i.JtaPlatformInitiator - HHH000490: Using JtaPlatform implementation: [org.hibernate.engine.transaction.jta.platform.internal.NoJtaPlatform]
2022-09-14_16-26-27 [main] INFO  o.s.o.j.LocalContainerEntityManagerFactoryBean - Initialized JPA EntityManagerFactory for persistence unit 'default'
2022-09-14_16-26-27 [main] INFO  o.s.b.a.h.H2ConsoleAutoConfiguration - H2 console available at '/h2-console'. Database available at 'jdbc:h2:mem:testdb'
2022-09-14_16-26-27 [main] INFO  s.d.s.w.PropertySourcedRequestMappingHandlerMapping - Mapped URL path [/v2/api-docs] onto method [springfox.documentation.swagger2.web.Swagger2Controller#getDocumentation(String, HttpServletRequest)]
2022-09-14_16-26-27 [main] INFO  o.s.b.t.m.w.SpringBootMockServletContext - Initializing Spring TestDispatcherServlet ''
2022-09-14_16-26-27 [main] INFO  o.s.t.w.s.TestDispatcherServlet - Initializing Servlet ''
2022-09-14_16-26-27 [main] INFO  o.s.t.w.s.TestDispatcherServlet - Completed initialization in 1 ms
2022-09-14_16-26-27 [main] INFO  s.d.s.w.p.DocumentationPluginsBootstrapper - Context refreshed
2022-09-14_16-26-27 [main] INFO  s.d.s.w.p.DocumentationPluginsBootstrapper - Found 1 custom documentation plugin(s)
2022-09-14_16-26-27 [main] INFO  s.d.s.w.s.ApiListingReferenceScanner - Scanning for api listing references
2022-09-14_16-26-27 [main] INFO  com.mfpe.rfq.service.RfqServiceTest - Started RfqServiceTest in 6.893 seconds (JVM running for 8.637)
2022-09-14_16-26-27 [main] INFO  com.mfpe.rfq.service.RfqService - Inside PotentailVendorsOfRfq of RfqController
2022-09-14_16-26-27 [main] INFO  com.mfpe.rfq.service.RfqService - Inside PotentailVendorsOfRfq of RfqController
2022-09-14_16-26-27 [main] INFO  com.mfpe.rfq.service.RfqService - Inside PotentailVendorsOfRfq of RfqController
2022-09-14_16-26-27 [main] INFO  com.mfpe.rfq.service.RfqService - Inside GetRfqDeatilsoPlant of RfqService
2022-09-14_16-26-27 [main] INFO  com.mfpe.rfq.service.RfqService - Inside PotentailVendorsOfRfq of RfqController
2022-09-14_16-26-27 [main] INFO  com.mfpe.rfq.service.RfqService - [supplierlist:]
2022-09-14_16-26-27 [main] INFO  com.mfpe.rfq.service.RfqService - Inside GetRfqDeatilsoPlant of RfqService
2022-09-14_16-26-27 [main] INFO  com.mfpe.rfq.service.RfqService - [rfqDetail:]
2022-09-14_16-26-27 [SpringApplicationShutdownHook] INFO  o.s.o.j.LocalContainerEntityManagerFactoryBean - Closing JPA EntityManagerFactory for persistence unit 'default'
2022-09-14_16-26-27 [SpringApplicationShutdownHook] INFO  o.h.t.s.i.SchemaDropperImpl$DelayedDropActionImpl - HHH000477: Starting delayed evictData of schema as part of SessionFactory shut-down'
2022-09-14_16-26-27 [SpringApplicationShutdownHook] INFO  com.zaxxer.hikari.HikariDataSource - HikariPool-1 - Shutdown initiated...
2022-09-14_16-26-27 [SpringApplicationShutdownHook] INFO  com.zaxxer.hikari.HikariDataSource - HikariPool-1 - Shutdown completed.
2022-09-14_16-27-30 [main] INFO  o.s.b.t.c.SpringBootTestContextBootstrapper - Neither @ContextConfiguration nor @ContextHierarchy found for test class [com.mfpe.rfq.controller.RfqControllerTest], using SpringBootContextLoader
2022-09-14_16-27-30 [main] INFO  o.s.t.c.s.AbstractContextLoader - Could not detect default resource locations for test class [com.mfpe.rfq.controller.RfqControllerTest]: no resource found for suffixes {-context.xml, Context.groovy}.
2022-09-14_16-27-30 [main] INFO  o.s.t.c.s.AnnotationConfigContextLoaderUtils - Could not detect default configuration classes for test class [com.mfpe.rfq.controller.RfqControllerTest]: RfqControllerTest does not declare any static, non-private, non-final, nested classes annotated with @Configuration.
2022-09-14_16-27-30 [main] INFO  o.s.b.t.c.SpringBootTestContextBootstrapper - Found @SpringBootConfiguration com.mfpe.rfq.RfqApplication for test class com.mfpe.rfq.controller.RfqControllerTest
2022-09-14_16-27-30 [main] INFO  o.s.b.t.c.SpringBootTestContextBootstrapper - Loaded default TestExecutionListener class names from location [META-INF/spring.factories]: [org.springframework.boot.test.mock.mockito.MockitoTestExecutionListener, org.springframework.boot.test.mock.mockito.ResetMocksTestExecutionListener, org.springframework.boot.test.autoconfigure.restdocs.RestDocsTestExecutionListener, org.springframework.boot.test.autoconfigure.web.client.MockRestServiceServerResetTestExecutionListener, org.springframework.boot.test.autoconfigure.web.servlet.MockMvcPrintOnlyOnFailureTestExecutionListener, org.springframework.boot.test.autoconfigure.web.servlet.WebDriverTestExecutionListener, org.springframework.boot.test.autoconfigure.webservices.client.MockWebServiceServerTestExecutionListener, org.springframework.test.context.web.ServletTestExecutionListener, org.springframework.test.context.support.DirtiesContextBeforeModesTestExecutionListener, org.springframework.test.context.event.ApplicationEventsTestExecutionListener, org.springframework.test.context.support.DependencyInjectionTestExecutionListener, org.springframework.test.context.support.DirtiesContextTestExecutionListener, org.springframework.test.context.transaction.TransactionalTestExecutionListener, org.springframework.test.context.jdbc.SqlScriptsTestExecutionListener, org.springframework.test.context.event.EventPublishingTestExecutionListener]
2022-09-14_16-27-30 [main] INFO  o.s.b.t.c.SpringBootTestContextBootstrapper - Using TestExecutionListeners: [org.springframework.test.context.web.ServletTestExecutionListener@6d511b5f, org.springframework.test.context.support.DirtiesContextBeforeModesTestExecutionListener@41200e0c, org.springframework.test.context.event.ApplicationEventsTestExecutionListener@40f33492, org.springframework.boot.test.mock.mockito.MockitoTestExecutionListener@4fbdc0f0, org.springframework.boot.test.autoconfigure.SpringBootDependencyInjectionTestExecutionListener@2ad3a1bb, org.springframework.test.context.support.DirtiesContextTestExecutionListener@6bc28a83, org.springframework.test.context.transaction.TransactionalTestExecutionListener@324c64cd, org.springframework.test.context.jdbc.SqlScriptsTestExecutionListener@13579834, org.springframework.test.context.event.EventPublishingTestExecutionListener@24be2d9c, org.springframework.boot.test.mock.mockito.ResetMocksTestExecutionListener@5bd73d1a, org.springframework.boot.test.autoconfigure.restdocs.RestDocsTestExecutionListener@aec50a1, org.springframework.boot.test.autoconfigure.web.client.MockRestServiceServerResetTestExecutionListener@2555fff0, org.springframework.boot.test.autoconfigure.web.servlet.MockMvcPrintOnlyOnFailureTestExecutionListener@70d2e40b, org.springframework.boot.test.autoconfigure.web.servlet.WebDriverTestExecutionListener@120f38e6, org.springframework.boot.test.autoconfigure.webservices.client.MockWebServiceServerTestExecutionListener@7a0e1b5e]
2022-09-14_16-27-31 [main] INFO  c.m.rfq.controller.RfqControllerTest - Starting RfqControllerTest using Java 11.0.15 on Shahbaz with PID 16800 (started by Shahbaz Khan in C:\Shahbaz\Fiverr\14 Sep 2022\testing mfpe\rfq)
2022-09-14_16-27-31 [main] INFO  c.m.rfq.controller.RfqControllerTest - No active profile set, falling back to default profiles: default
2022-09-14_16-27-31 [main] INFO  o.s.d.r.c.RepositoryConfigurationDelegate - Bootstrapping Spring Data JPA repositories in DEFAULT mode.
2022-09-14_16-27-31 [main] INFO  o.s.d.r.c.RepositoryConfigurationDelegate - Finished Spring Data repository scanning in 54 ms. Found 1 JPA repository interfaces.
2022-09-14_16-27-31 [main] INFO  o.s.cloud.context.scope.GenericScope - BeanFactory id=ef960460-7119-39ad-b344-5eaf025d75d6
2022-09-14_16-27-31 [main] INFO  com.zaxxer.hikari.HikariDataSource - HikariPool-1 - Starting...
2022-09-14_16-27-31 [main] INFO  com.zaxxer.hikari.HikariDataSource - HikariPool-1 - Start completed.
2022-09-14_16-27-31 [main] INFO  o.h.jpa.internal.util.LogHelper - HHH000204: Processing PersistenceUnitInfo [name: default]
2022-09-14_16-27-31 [main] INFO  org.hibernate.Version - HHH000412: Hibernate ORM core version 5.4.32.Final
2022-09-14_16-27-31 [main] INFO  o.h.annotations.common.Version - HCANN000001: Hibernate Commons Annotations {5.1.2.Final}
2022-09-14_16-27-31 [main] INFO  org.hibernate.dialect.Dialect - HHH000400: Using dialect: org.hibernate.dialect.H2Dialect
2022-09-14_16-27-31 [main] INFO  o.h.e.t.j.p.i.JtaPlatformInitiator - HHH000490: Using JtaPlatform implementation: [org.hibernate.engine.transaction.jta.platform.internal.NoJtaPlatform]
2022-09-14_16-27-31 [main] INFO  o.s.o.j.LocalContainerEntityManagerFactoryBean - Initialized JPA EntityManagerFactory for persistence unit 'default'
2022-09-14_16-27-31 [main] INFO  o.s.b.a.h.H2ConsoleAutoConfiguration - H2 console available at '/h2-console'. Database available at 'jdbc:h2:mem:testdb'
2022-09-14_16-27-31 [main] INFO  s.d.s.w.PropertySourcedRequestMappingHandlerMapping - Mapped URL path [/v2/api-docs] onto method [springfox.documentation.swagger2.web.Swagger2Controller#getDocumentation(String, HttpServletRequest)]
2022-09-14_16-27-31 [main] INFO  o.s.b.t.m.w.SpringBootMockServletContext - Initializing Spring TestDispatcherServlet ''
2022-09-14_16-27-31 [main] INFO  o.s.t.w.s.TestDispatcherServlet - Initializing Servlet ''
2022-09-14_16-27-31 [main] INFO  o.s.t.w.s.TestDispatcherServlet - Completed initialization in 1 ms
2022-09-14_16-27-31 [main] INFO  s.d.s.w.p.DocumentationPluginsBootstrapper - Context refreshed
2022-09-14_16-27-31 [main] INFO  s.d.s.w.p.DocumentationPluginsBootstrapper - Found 1 custom documentation plugin(s)
2022-09-14_16-27-31 [main] INFO  s.d.s.w.s.ApiListingReferenceScanner - Scanning for api listing references
2022-09-14_16-27-31 [main] INFO  c.m.rfq.controller.RfqControllerTest - Started RfqControllerTest in 6.559 seconds (JVM running for 8.133)
2022-09-14_16-27-31 [main] INFO  o.s.mock.web.MockServletContext - Initializing Spring TestDispatcherServlet ''
2022-09-14_16-27-31 [main] INFO  o.s.t.w.s.TestDispatcherServlet - Initializing Servlet ''
2022-09-14_16-27-31 [main] INFO  o.s.t.w.s.TestDispatcherServlet - Completed initialization in 0 ms
2022-09-14_16-27-31 [main] INFO  c.mfpe.rfq.controller.RfqController - Inside PotentailVendorsOfRfq of RfqController
2022-09-14_16-27-31 [main] INFO  o.s.mock.web.MockServletContext - Initializing Spring TestDispatcherServlet ''
2022-09-14_16-27-31 [main] INFO  o.s.t.w.s.TestDispatcherServlet - Initializing Servlet ''
2022-09-14_16-27-31 [main] INFO  o.s.t.w.s.TestDispatcherServlet - Completed initialization in 0 ms
2022-09-14_16-27-31 [main] INFO  c.mfpe.rfq.controller.RfqController - Inside GetRfqDeatilOfPlant of RfqController
2022-09-14_16-27-31 [main] INFO  o.s.mock.web.MockServletContext - Initializing Spring TestDispatcherServlet ''
2022-09-14_16-27-31 [main] INFO  o.s.t.w.s.TestDispatcherServlet - Initializing Servlet ''
2022-09-14_16-27-31 [main] INFO  o.s.t.w.s.TestDispatcherServlet - Completed initialization in 0 ms
2022-09-14_16-27-31 [main] INFO  c.mfpe.rfq.controller.RfqController - Inside PotentailVendorsOfRfq of RfqController
2022-09-14_16-27-31 [SpringApplicationShutdownHook] INFO  o.s.o.j.LocalContainerEntityManagerFactoryBean - Closing JPA EntityManagerFactory for persistence unit 'default'
2022-09-14_16-27-31 [SpringApplicationShutdownHook] INFO  o.h.t.s.i.SchemaDropperImpl$DelayedDropActionImpl - HHH000477: Starting delayed evictData of schema as part of SessionFactory shut-down'
2022-09-14_16-27-31 [SpringApplicationShutdownHook] INFO  com.zaxxer.hikari.HikariDataSource - HikariPool-1 - Shutdown initiated...
2022-09-14_16-27-31 [SpringApplicationShutdownHook] INFO  com.zaxxer.hikari.HikariDataSource - HikariPool-1 - Shutdown completed.
2022-09-14_16-28-04 [main] INFO  o.s.b.t.c.SpringBootTestContextBootstrapper - Neither @ContextConfiguration nor @ContextHierarchy found for test class [com.mfpe.rfq.controller.RfqControllerTest], using SpringBootContextLoader
2022-09-14_16-28-04 [main] INFO  o.s.t.c.s.AbstractContextLoader - Could not detect default resource locations for test class [com.mfpe.rfq.controller.RfqControllerTest]: no resource found for suffixes {-context.xml, Context.groovy}.
2022-09-14_16-28-04 [main] INFO  o.s.t.c.s.AnnotationConfigContextLoaderUtils - Could not detect default configuration classes for test class [com.mfpe.rfq.controller.RfqControllerTest]: RfqControllerTest does not declare any static, non-private, non-final, nested classes annotated with @Configuration.
2022-09-14_16-28-04 [main] INFO  o.s.b.t.c.SpringBootTestContextBootstrapper - Found @SpringBootConfiguration com.mfpe.rfq.RfqApplication for test class com.mfpe.rfq.controller.RfqControllerTest
2022-09-14_16-28-04 [main] INFO  o.s.b.t.c.SpringBootTestContextBootstrapper - Loaded default TestExecutionListener class names from location [META-INF/spring.factories]: [org.springframework.boot.test.mock.mockito.MockitoTestExecutionListener, org.springframework.boot.test.mock.mockito.ResetMocksTestExecutionListener, org.springframework.boot.test.autoconfigure.restdocs.RestDocsTestExecutionListener, org.springframework.boot.test.autoconfigure.web.client.MockRestServiceServerResetTestExecutionListener, org.springframework.boot.test.autoconfigure.web.servlet.MockMvcPrintOnlyOnFailureTestExecutionListener, org.springframework.boot.test.autoconfigure.web.servlet.WebDriverTestExecutionListener, org.springframework.boot.test.autoconfigure.webservices.client.MockWebServiceServerTestExecutionListener, org.springframework.test.context.web.ServletTestExecutionListener, org.springframework.test.context.support.DirtiesContextBeforeModesTestExecutionListener, org.springframework.test.context.event.ApplicationEventsTestExecutionListener, org.springframework.test.context.support.DependencyInjectionTestExecutionListener, org.springframework.test.context.support.DirtiesContextTestExecutionListener, org.springframework.test.context.transaction.TransactionalTestExecutionListener, org.springframework.test.context.jdbc.SqlScriptsTestExecutionListener, org.springframework.test.context.event.EventPublishingTestExecutionListener]
2022-09-14_16-28-04 [main] INFO  o.s.b.t.c.SpringBootTestContextBootstrapper - Using TestExecutionListeners: [org.springframework.test.context.web.ServletTestExecutionListener@7c18432b, org.springframework.test.context.support.DirtiesContextBeforeModesTestExecutionListener@7646731d, org.springframework.test.context.event.ApplicationEventsTestExecutionListener@70e29e14, org.springframework.boot.test.mock.mockito.MockitoTestExecutionListener@3b1bb3ab, org.springframework.boot.test.autoconfigure.SpringBootDependencyInjectionTestExecutionListener@5a4bef8, org.springframework.test.context.support.DirtiesContextTestExecutionListener@40bffbca, org.springframework.test.context.transaction.TransactionalTestExecutionListener@2449cff7, org.springframework.test.context.jdbc.SqlScriptsTestExecutionListener@42a9a63e, org.springframework.test.context.event.EventPublishingTestExecutionListener@62da83ed, org.springframework.boot.test.mock.mockito.ResetMocksTestExecutionListener@5d8445d7, org.springframework.boot.test.autoconfigure.restdocs.RestDocsTestExecutionListener@37d80fe7, org.springframework.boot.test.autoconfigure.web.client.MockRestServiceServerResetTestExecutionListener@384fc774, org.springframework.boot.test.autoconfigure.web.servlet.MockMvcPrintOnlyOnFailureTestExecutionListener@e3cee7b, org.springframework.boot.test.autoconfigure.web.servlet.WebDriverTestExecutionListener@71e9a896, org.springframework.boot.test.autoconfigure.webservices.client.MockWebServiceServerTestExecutionListener@6b9267b]
2022-09-14_16-28-05 [main] INFO  c.m.rfq.controller.RfqControllerTest - Starting RfqControllerTest using Java 11.0.15 on Shahbaz with PID 12540 (started by Shahbaz Khan in C:\Shahbaz\Fiverr\14 Sep 2022\testing mfpe\rfq)
2022-09-14_16-28-05 [main] INFO  c.m.rfq.controller.RfqControllerTest - No active profile set, falling back to default profiles: default
2022-09-14_16-28-05 [main] INFO  o.s.d.r.c.RepositoryConfigurationDelegate - Bootstrapping Spring Data JPA repositories in DEFAULT mode.
2022-09-14_16-28-05 [main] INFO  o.s.d.r.c.RepositoryConfigurationDelegate - Finished Spring Data repository scanning in 42 ms. Found 1 JPA repository interfaces.
2022-09-14_16-28-05 [main] INFO  o.s.cloud.context.scope.GenericScope - BeanFactory id=ef960460-7119-39ad-b344-5eaf025d75d6
2022-09-14_16-28-05 [main] INFO  com.zaxxer.hikari.HikariDataSource - HikariPool-1 - Starting...
2022-09-14_16-28-05 [main] INFO  com.zaxxer.hikari.HikariDataSource - HikariPool-1 - Start completed.
2022-09-14_16-28-05 [main] INFO  o.h.jpa.internal.util.LogHelper - HHH000204: Processing PersistenceUnitInfo [name: default]
2022-09-14_16-28-05 [main] INFO  org.hibernate.Version - HHH000412: Hibernate ORM core version 5.4.32.Final
2022-09-14_16-28-05 [main] INFO  o.h.annotations.common.Version - HCANN000001: Hibernate Commons Annotations {5.1.2.Final}
2022-09-14_16-28-05 [main] INFO  org.hibernate.dialect.Dialect - HHH000400: Using dialect: org.hibernate.dialect.H2Dialect
2022-09-14_16-28-05 [main] INFO  o.h.e.t.j.p.i.JtaPlatformInitiator - HHH000490: Using JtaPlatform implementation: [org.hibernate.engine.transaction.jta.platform.internal.NoJtaPlatform]
2022-09-14_16-28-05 [main] INFO  o.s.o.j.LocalContainerEntityManagerFactoryBean - Initialized JPA EntityManagerFactory for persistence unit 'default'
2022-09-14_16-28-05 [main] INFO  o.s.b.a.h.H2ConsoleAutoConfiguration - H2 console available at '/h2-console'. Database available at 'jdbc:h2:mem:testdb'
2022-09-14_16-28-05 [main] INFO  s.d.s.w.PropertySourcedRequestMappingHandlerMapping - Mapped URL path [/v2/api-docs] onto method [springfox.documentation.swagger2.web.Swagger2Controller#getDocumentation(String, HttpServletRequest)]
2022-09-14_16-28-05 [main] INFO  o.s.b.t.m.w.SpringBootMockServletContext - Initializing Spring TestDispatcherServlet ''
2022-09-14_16-28-05 [main] INFO  o.s.t.w.s.TestDispatcherServlet - Initializing Servlet ''
2022-09-14_16-28-05 [main] INFO  o.s.t.w.s.TestDispatcherServlet - Completed initialization in 1 ms
2022-09-14_16-28-05 [main] INFO  s.d.s.w.p.DocumentationPluginsBootstrapper - Context refreshed
2022-09-14_16-28-05 [main] INFO  s.d.s.w.p.DocumentationPluginsBootstrapper - Found 1 custom documentation plugin(s)
2022-09-14_16-28-05 [main] INFO  s.d.s.w.s.ApiListingReferenceScanner - Scanning for api listing references
2022-09-14_16-28-05 [main] INFO  c.m.rfq.controller.RfqControllerTest - Started RfqControllerTest in 5.953 seconds (JVM running for 7.403)
2022-09-14_16-28-05 [main] INFO  o.s.mock.web.MockServletContext - Initializing Spring TestDispatcherServlet ''
2022-09-14_16-28-05 [main] INFO  o.s.t.w.s.TestDispatcherServlet - Initializing Servlet ''
2022-09-14_16-28-05 [main] INFO  o.s.t.w.s.TestDispatcherServlet - Completed initialization in 1 ms
2022-09-14_16-28-05 [main] INFO  c.mfpe.rfq.controller.RfqController - Inside PotentailVendorsOfRfq of RfqController
2022-09-14_16-28-05 [main] INFO  o.s.mock.web.MockServletContext - Initializing Spring TestDispatcherServlet ''
2022-09-14_16-28-05 [main] INFO  o.s.t.w.s.TestDispatcherServlet - Initializing Servlet ''
2022-09-14_16-28-05 [main] INFO  o.s.t.w.s.TestDispatcherServlet - Completed initialization in 0 ms
2022-09-14_16-28-05 [main] INFO  c.mfpe.rfq.controller.RfqController - Inside GetRfqDeatilOfPlant of RfqController
2022-09-14_16-28-05 [main] INFO  o.s.mock.web.MockServletContext - Initializing Spring TestDispatcherServlet ''
2022-09-14_16-28-05 [main] INFO  o.s.t.w.s.TestDispatcherServlet - Initializing Servlet ''
2022-09-14_16-28-05 [main] INFO  o.s.t.w.s.TestDispatcherServlet - Completed initialization in 0 ms
2022-09-14_16-28-05 [main] INFO  c.mfpe.rfq.controller.RfqController - Inside PotentailVendorsOfRfq of RfqController
2022-09-14_16-28-05 [SpringApplicationShutdownHook] INFO  o.s.o.j.LocalContainerEntityManagerFactoryBean - Closing JPA EntityManagerFactory for persistence unit 'default'
2022-09-14_16-28-05 [SpringApplicationShutdownHook] INFO  o.h.t.s.i.SchemaDropperImpl$DelayedDropActionImpl - HHH000477: Starting delayed evictData of schema as part of SessionFactory shut-down'
2022-09-14_16-28-05 [SpringApplicationShutdownHook] INFO  com.zaxxer.hikari.HikariDataSource - HikariPool-1 - Shutdown initiated...
2022-09-14_16-28-05 [SpringApplicationShutdownHook] INFO  com.zaxxer.hikari.HikariDataSource - HikariPool-1 - Shutdown completed.
