2022-09-16_11-37-48 [restartedMain] INFO  com.mfpe.rfq.RfqApplication - Starting RfqApplication using Java 18.0.1.1 on DESKTOP-VT00VGQ with PID 10508 (C:\Users\HP\OneDrive\Documents\.cognizant\MFPE\testing mfpe\rfq\target\classes started by HP in C:\Users\HP\OneDrive\Documents\.cognizant\MFPE\testing mfpe\rfq)
2022-09-16_11-37-48 [restartedMain] INFO  com.mfpe.rfq.RfqApplication - No active profile set, falling back to default profiles: default
2022-09-16_11-37-48 [restartedMain] INFO  o.s.b.d.e.DevToolsPropertyDefaultsPostProcessor - Devtools property defaults active! Set 'spring.devtools.add-properties' to 'false' to disable
2022-09-16_11-37-48 [restartedMain] INFO  o.s.b.d.e.DevToolsPropertyDefaultsPostProcessor - For additional web related logging consider setting the 'logging.level.web' property to 'DEBUG'
2022-09-16_11-37-48 [restartedMain] INFO  o.s.d.r.c.RepositoryConfigurationDelegate - Bootstrapping Spring Data JPA repositories in DEFAULT mode.
2022-09-16_11-37-48 [restartedMain] INFO  o.s.d.r.c.RepositoryConfigurationDelegate - Finished Spring Data repository scanning in 33 ms. Found 1 JPA repository interfaces.
2022-09-16_11-37-48 [restartedMain] INFO  o.s.cloud.context.scope.GenericScope - BeanFactory id=c6919823-0124-3f49-a13d-860d42143112
2022-09-16_11-37-48 [restartedMain] INFO  o.s.b.w.e.tomcat.TomcatWebServer - Tomcat initialized with port(s): 8084 (http)
2022-09-16_11-37-48 [restartedMain] INFO  o.a.coyote.http11.Http11NioProtocol - Initializing ProtocolHandler ["http-nio-8084"]
2022-09-16_11-37-48 [restartedMain] INFO  o.a.catalina.core.StandardService - Starting service [Tomcat]
2022-09-16_11-37-48 [restartedMain] INFO  o.a.catalina.core.StandardEngine - Starting Servlet engine: [Apache Tomcat/9.0.53]
2022-09-16_11-37-48 [restartedMain] INFO  o.a.c.c.C.[.[localhost].[/rfqapp] - Initializing Spring embedded WebApplicationContext
2022-09-16_11-37-48 [restartedMain] INFO  o.s.b.w.s.c.ServletWebServerApplicationContext - Root WebApplicationContext: initialization completed in 1846 ms
2022-09-16_11-37-48 [restartedMain] INFO  com.zaxxer.hikari.HikariDataSource - HikariPool-1 - Starting...
2022-09-16_11-37-48 [restartedMain] INFO  com.zaxxer.hikari.HikariDataSource - HikariPool-1 - Start completed.
2022-09-16_11-37-48 [restartedMain] INFO  o.s.b.a.h.H2ConsoleAutoConfiguration - H2 console available at '/h2-console'. Database available at 'jdbc:h2:mem:testdb'
2022-09-16_11-37-48 [restartedMain] INFO  o.h.jpa.internal.util.LogHelper - HHH000204: Processing PersistenceUnitInfo [name: default]
2022-09-16_11-37-48 [restartedMain] INFO  org.hibernate.Version - HHH000412: Hibernate ORM core version 5.4.32.Final
2022-09-16_11-37-48 [restartedMain] INFO  o.h.annotations.common.Version - HCANN000001: Hibernate Commons Annotations {5.1.2.Final}
2022-09-16_11-37-48 [restartedMain] INFO  org.hibernate.dialect.Dialect - HHH000400: Using dialect: org.hibernate.dialect.H2Dialect
2022-09-16_11-37-48 [restartedMain] INFO  o.h.e.t.j.p.i.JtaPlatformInitiator - HHH000490: Using JtaPlatform implementation: [org.hibernate.engine.transaction.jta.platform.internal.NoJtaPlatform]
2022-09-16_11-37-48 [restartedMain] INFO  o.s.o.j.LocalContainerEntityManagerFactoryBean - Initialized JPA EntityManagerFactory for persistence unit 'default'
2022-09-16_11-37-48 [restartedMain] INFO  s.d.s.w.PropertySourcedRequestMappingHandlerMapping - Mapped URL path [/v2/api-docs] onto method [springfox.documentation.swagger2.web.Swagger2Controller#getDocumentation(String, HttpServletRequest)]
2022-09-16_11-37-48 [restartedMain] INFO  o.a.coyote.http11.Http11NioProtocol - Starting ProtocolHandler ["http-nio-8084"]
2022-09-16_11-37-48 [restartedMain] INFO  o.s.b.w.e.tomcat.TomcatWebServer - Tomcat started on port(s): 8084 (http) with context path '/rfqapp'
2022-09-16_11-37-48 [restartedMain] INFO  s.d.s.w.p.DocumentationPluginsBootstrapper - Context refreshed
2022-09-16_11-37-48 [restartedMain] INFO  s.d.s.w.p.DocumentationPluginsBootstrapper - Found 1 custom documentation plugin(s)
2022-09-16_11-37-48 [restartedMain] INFO  s.d.s.w.s.ApiListingReferenceScanner - Scanning for api listing references
2022-09-16_11-37-48 [restartedMain] INFO  com.mfpe.rfq.RfqApplication - Started RfqApplication in 4.785 seconds (JVM running for 5.352)
2022-09-16_11-37-48 [http-nio-8084-exec-1] INFO  o.a.c.c.C.[.[localhost].[/rfqapp] - Initializing Spring DispatcherServlet 'dispatcherServlet'
2022-09-16_11-37-48 [http-nio-8084-exec-1] INFO  o.s.web.servlet.DispatcherServlet - Initializing Servlet 'dispatcherServlet'
2022-09-16_11-37-48 [http-nio-8084-exec-1] INFO  o.s.web.servlet.DispatcherServlet - Completed initialization in 2 ms
2022-09-16_11-37-48 [http-nio-8084-exec-4] INFO  c.mfpe.rfq.controller.RfqController - Inside GetRfqDeatilOfPlant of RfqController
2022-09-16_11-37-48 [http-nio-8084-exec-4] INFO  com.mfpe.rfq.service.RfqService - Inside GetRfqDeatilsoPlant of RfqService
2022-09-16_11-37-48 [http-nio-8084-exec-4] INFO  com.mfpe.rfq.service.RfqService - [rfqDetail:]
2022-09-16_11-37-48 [http-nio-8084-exec-1] INFO  c.mfpe.rfq.controller.RfqController - Inside PotentailVendorsOfRfq of RfqController
2022-09-16_11-37-48 [http-nio-8084-exec-1] INFO  com.mfpe.rfq.service.RfqService - Inside PotentailVendorsOfRfq of RfqController
2022-09-16_11-37-48 [http-nio-8084-exec-1] INFO  com.mfpe.rfq.service.RfqService - [supplierlist:]
2022-09-16_11-37-48 [http-nio-8084-exec-7] INFO  c.mfpe.rfq.controller.RfqController - Inside GetRfqDeatilOfPlant of RfqController
2022-09-16_11-37-48 [http-nio-8084-exec-7] INFO  com.mfpe.rfq.service.RfqService - Inside GetRfqDeatilsoPlant of RfqService
2022-09-16_11-37-48 [http-nio-8084-exec-7] INFO  com.mfpe.rfq.service.RfqService - [rfqDetail:]
2022-09-16_11-37-48 [http-nio-8084-exec-10] INFO  c.mfpe.rfq.controller.RfqController - Inside PotentailVendorsOfRfq of RfqController
2022-09-16_11-37-48 [http-nio-8084-exec-10] INFO  com.mfpe.rfq.service.RfqService - Inside PotentailVendorsOfRfq of RfqController
2022-09-16_11-37-48 [http-nio-8084-exec-10] INFO  com.mfpe.rfq.service.RfqService - [supplierlist:]
2022-09-16_11-53-02 [main] INFO  o.s.b.t.c.SpringBootTestContextBootstrapper - Neither @ContextConfiguration nor @ContextHierarchy found for test class [com.mfpe.rfq.controller.RfqControllerTest], using SpringBootContextLoader
2022-09-16_11-53-02 [main] INFO  o.s.t.c.s.AbstractContextLoader - Could not detect default resource locations for test class [com.mfpe.rfq.controller.RfqControllerTest]: no resource found for suffixes {-context.xml, Context.groovy}.
2022-09-16_11-53-02 [main] INFO  o.s.t.c.s.AnnotationConfigContextLoaderUtils - Could not detect default configuration classes for test class [com.mfpe.rfq.controller.RfqControllerTest]: RfqControllerTest does not declare any static, non-private, non-final, nested classes annotated with @Configuration.
2022-09-16_11-53-02 [main] INFO  o.s.b.t.c.SpringBootTestContextBootstrapper - Found @SpringBootConfiguration com.mfpe.rfq.RfqApplication for test class com.mfpe.rfq.controller.RfqControllerTest
2022-09-16_11-53-02 [main] INFO  o.s.b.t.c.SpringBootTestContextBootstrapper - Loaded default TestExecutionListener class names from location [META-INF/spring.factories]: [org.springframework.boot.test.mock.mockito.MockitoTestExecutionListener, org.springframework.boot.test.mock.mockito.ResetMocksTestExecutionListener, org.springframework.boot.test.autoconfigure.restdocs.RestDocsTestExecutionListener, org.springframework.boot.test.autoconfigure.web.client.MockRestServiceServerResetTestExecutionListener, org.springframework.boot.test.autoconfigure.web.servlet.MockMvcPrintOnlyOnFailureTestExecutionListener, org.springframework.boot.test.autoconfigure.web.servlet.WebDriverTestExecutionListener, org.springframework.boot.test.autoconfigure.webservices.client.MockWebServiceServerTestExecutionListener, org.springframework.test.context.web.ServletTestExecutionListener, org.springframework.test.context.support.DirtiesContextBeforeModesTestExecutionListener, org.springframework.test.context.event.ApplicationEventsTestExecutionListener, org.springframework.test.context.support.DependencyInjectionTestExecutionListener, org.springframework.test.context.support.DirtiesContextTestExecutionListener, org.springframework.test.context.transaction.TransactionalTestExecutionListener, org.springframework.test.context.jdbc.SqlScriptsTestExecutionListener, org.springframework.test.context.event.EventPublishingTestExecutionListener]
2022-09-16_11-53-02 [main] INFO  o.s.b.t.c.SpringBootTestContextBootstrapper - Using TestExecutionListeners: [org.springframework.test.context.web.ServletTestExecutionListener@41184371, org.springframework.test.context.support.DirtiesContextBeforeModesTestExecutionListener@34585ac9, org.springframework.test.context.event.ApplicationEventsTestExecutionListener@76a805b7, org.springframework.boot.test.mock.mockito.MockitoTestExecutionListener@15f35bc3, org.springframework.boot.test.autoconfigure.SpringBootDependencyInjectionTestExecutionListener@167381c7, org.springframework.test.context.support.DirtiesContextTestExecutionListener@608b1fd2, org.springframework.test.context.transaction.TransactionalTestExecutionListener@56382bc9, org.springframework.test.context.jdbc.SqlScriptsTestExecutionListener@591a4f8e, org.springframework.test.context.event.EventPublishingTestExecutionListener@53ed80d3, org.springframework.boot.test.mock.mockito.ResetMocksTestExecutionListener@6ba060f3, org.springframework.boot.test.autoconfigure.restdocs.RestDocsTestExecutionListener@7c51782d, org.springframework.boot.test.autoconfigure.web.client.MockRestServiceServerResetTestExecutionListener@77bc2e16, org.springframework.boot.test.autoconfigure.web.servlet.MockMvcPrintOnlyOnFailureTestExecutionListener@48e8c32a, org.springframework.boot.test.autoconfigure.web.servlet.WebDriverTestExecutionListener@20a7953c, org.springframework.boot.test.autoconfigure.webservices.client.MockWebServiceServerTestExecutionListener@57c00115]
2022-09-16_11-53-03 [main] INFO  c.m.rfq.controller.RfqControllerTest - Starting RfqControllerTest using Java 18.0.1.1 on DESKTOP-VT00VGQ with PID 6336 (started by HP in C:\Users\HP\OneDrive\Documents\.cognizant\MFPE\testing mfpe\rfq)
2022-09-16_11-53-03 [main] INFO  c.m.rfq.controller.RfqControllerTest - No active profile set, falling back to default profiles: default
2022-09-16_11-53-03 [main] INFO  o.s.d.r.c.RepositoryConfigurationDelegate - Bootstrapping Spring Data JPA repositories in DEFAULT mode.
2022-09-16_11-53-03 [main] INFO  o.s.d.r.c.RepositoryConfigurationDelegate - Finished Spring Data repository scanning in 71 ms. Found 1 JPA repository interfaces.
2022-09-16_11-53-03 [main] INFO  o.s.cloud.context.scope.GenericScope - BeanFactory id=ef960460-7119-39ad-b344-5eaf025d75d6
2022-09-16_11-53-03 [main] INFO  com.zaxxer.hikari.HikariDataSource - HikariPool-1 - Starting...
2022-09-16_11-53-03 [main] INFO  com.zaxxer.hikari.HikariDataSource - HikariPool-1 - Start completed.
2022-09-16_11-53-03 [main] INFO  o.h.jpa.internal.util.LogHelper - HHH000204: Processing PersistenceUnitInfo [name: default]
2022-09-16_11-53-03 [main] INFO  org.hibernate.Version - HHH000412: Hibernate ORM core version 5.4.32.Final
2022-09-16_11-53-03 [main] INFO  o.h.annotations.common.Version - HCANN000001: Hibernate Commons Annotations {5.1.2.Final}
2022-09-16_11-53-03 [main] INFO  org.hibernate.dialect.Dialect - HHH000400: Using dialect: org.hibernate.dialect.H2Dialect
2022-09-16_11-53-03 [main] INFO  o.h.e.t.j.p.i.JtaPlatformInitiator - HHH000490: Using JtaPlatform implementation: [org.hibernate.engine.transaction.jta.platform.internal.NoJtaPlatform]
2022-09-16_11-53-03 [main] INFO  o.s.o.j.LocalContainerEntityManagerFactoryBean - Initialized JPA EntityManagerFactory for persistence unit 'default'
2022-09-16_11-53-03 [main] INFO  o.s.b.a.h.H2ConsoleAutoConfiguration - H2 console available at '/h2-console'. Database available at 'jdbc:h2:mem:testdb'
2022-09-16_11-53-03 [main] INFO  s.d.s.w.PropertySourcedRequestMappingHandlerMapping - Mapped URL path [/v2/api-docs] onto method [springfox.documentation.swagger2.web.Swagger2Controller#getDocumentation(String, HttpServletRequest)]
2022-09-16_11-53-03 [main] INFO  o.s.b.t.m.w.SpringBootMockServletContext - Initializing Spring TestDispatcherServlet ''
2022-09-16_11-53-03 [main] INFO  o.s.t.w.s.TestDispatcherServlet - Initializing Servlet ''
2022-09-16_11-53-03 [main] INFO  o.s.t.w.s.TestDispatcherServlet - Completed initialization in 2 ms
2022-09-16_11-53-03 [main] INFO  s.d.s.w.p.DocumentationPluginsBootstrapper - Context refreshed
2022-09-16_11-53-03 [main] INFO  s.d.s.w.p.DocumentationPluginsBootstrapper - Found 1 custom documentation plugin(s)
2022-09-16_11-53-03 [main] INFO  s.d.s.w.s.ApiListingReferenceScanner - Scanning for api listing references
2022-09-16_11-53-03 [main] INFO  c.m.rfq.controller.RfqControllerTest - Started RfqControllerTest in 7.394 seconds (JVM running for 9.503)
2022-09-16_11-53-03 [main] INFO  o.s.mock.web.MockServletContext - Initializing Spring TestDispatcherServlet ''
2022-09-16_11-53-03 [main] INFO  o.s.t.w.s.TestDispatcherServlet - Initializing Servlet ''
2022-09-16_11-53-03 [main] INFO  o.s.t.w.s.TestDispatcherServlet - Completed initialization in 0 ms
2022-09-16_11-53-03 [main] INFO  c.mfpe.rfq.controller.RfqController - Inside PotentailVendorsOfRfq of RfqController
2022-09-16_11-53-03 [main] INFO  o.s.mock.web.MockServletContext - Initializing Spring TestDispatcherServlet ''
2022-09-16_11-53-03 [main] INFO  o.s.t.w.s.TestDispatcherServlet - Initializing Servlet ''
2022-09-16_11-53-03 [main] INFO  o.s.t.w.s.TestDispatcherServlet - Completed initialization in 0 ms
2022-09-16_11-53-03 [main] INFO  c.mfpe.rfq.controller.RfqController - Inside GetRfqDeatilOfPlant of RfqController
2022-09-16_11-53-03 [main] INFO  o.s.mock.web.MockServletContext - Initializing Spring TestDispatcherServlet ''
2022-09-16_11-53-03 [main] INFO  o.s.t.w.s.TestDispatcherServlet - Initializing Servlet ''
2022-09-16_11-53-03 [main] INFO  o.s.t.w.s.TestDispatcherServlet - Completed initialization in 0 ms
2022-09-16_11-53-03 [main] INFO  c.mfpe.rfq.controller.RfqController - Inside PotentailVendorsOfRfq of RfqController
2022-09-16_11-53-03 [SpringApplicationShutdownHook] INFO  o.s.o.j.LocalContainerEntityManagerFactoryBean - Closing JPA EntityManagerFactory for persistence unit 'default'
2022-09-16_11-53-03 [SpringApplicationShutdownHook] INFO  o.h.t.s.i.SchemaDropperImpl$DelayedDropActionImpl - HHH000477: Starting delayed evictData of schema as part of SessionFactory shut-down'
2022-09-16_11-53-03 [SpringApplicationShutdownHook] INFO  com.zaxxer.hikari.HikariDataSource - HikariPool-1 - Shutdown initiated...
2022-09-16_11-53-03 [SpringApplicationShutdownHook] INFO  com.zaxxer.hikari.HikariDataSource - HikariPool-1 - Shutdown completed.
2022-09-16_11-56-09 [main] INFO  o.s.b.t.c.SpringBootTestContextBootstrapper - Neither @ContextConfiguration nor @ContextHierarchy found for test class [com.mfpe.rfq.service.RfqServiceTest], using SpringBootContextLoader
2022-09-16_11-56-09 [main] INFO  o.s.t.c.s.AbstractContextLoader - Could not detect default resource locations for test class [com.mfpe.rfq.service.RfqServiceTest]: no resource found for suffixes {-context.xml, Context.groovy}.
2022-09-16_11-56-09 [main] INFO  o.s.t.c.s.AnnotationConfigContextLoaderUtils - Could not detect default configuration classes for test class [com.mfpe.rfq.service.RfqServiceTest]: RfqServiceTest does not declare any static, non-private, non-final, nested classes annotated with @Configuration.
2022-09-16_11-56-09 [main] INFO  o.s.b.t.c.SpringBootTestContextBootstrapper - Found @SpringBootConfiguration com.mfpe.rfq.RfqApplication for test class com.mfpe.rfq.service.RfqServiceTest
2022-09-16_11-56-09 [main] INFO  o.s.b.t.c.SpringBootTestContextBootstrapper - Loaded default TestExecutionListener class names from location [META-INF/spring.factories]: [org.springframework.boot.test.mock.mockito.MockitoTestExecutionListener, org.springframework.boot.test.mock.mockito.ResetMocksTestExecutionListener, org.springframework.boot.test.autoconfigure.restdocs.RestDocsTestExecutionListener, org.springframework.boot.test.autoconfigure.web.client.MockRestServiceServerResetTestExecutionListener, org.springframework.boot.test.autoconfigure.web.servlet.MockMvcPrintOnlyOnFailureTestExecutionListener, org.springframework.boot.test.autoconfigure.web.servlet.WebDriverTestExecutionListener, org.springframework.boot.test.autoconfigure.webservices.client.MockWebServiceServerTestExecutionListener, org.springframework.test.context.web.ServletTestExecutionListener, org.springframework.test.context.support.DirtiesContextBeforeModesTestExecutionListener, org.springframework.test.context.event.ApplicationEventsTestExecutionListener, org.springframework.test.context.support.DependencyInjectionTestExecutionListener, org.springframework.test.context.support.DirtiesContextTestExecutionListener, org.springframework.test.context.transaction.TransactionalTestExecutionListener, org.springframework.test.context.jdbc.SqlScriptsTestExecutionListener, org.springframework.test.context.event.EventPublishingTestExecutionListener]
2022-09-16_11-56-09 [main] INFO  o.s.b.t.c.SpringBootTestContextBootstrapper - Using TestExecutionListeners: [org.springframework.test.context.web.ServletTestExecutionListener@688a2c09, org.springframework.test.context.support.DirtiesContextBeforeModesTestExecutionListener@5de5e95, org.springframework.test.context.event.ApplicationEventsTestExecutionListener@365cdacf, org.springframework.boot.test.mock.mockito.MockitoTestExecutionListener@303c55fa, org.springframework.boot.test.autoconfigure.SpringBootDependencyInjectionTestExecutionListener@9efcd90, org.springframework.test.context.support.DirtiesContextTestExecutionListener@7eb200ce, org.springframework.test.context.transaction.TransactionalTestExecutionListener@2ee83775, org.springframework.test.context.jdbc.SqlScriptsTestExecutionListener@7c2924d7, org.springframework.test.context.event.EventPublishingTestExecutionListener@b5de58f, org.springframework.boot.test.mock.mockito.ResetMocksTestExecutionListener@6587305a, org.springframework.boot.test.autoconfigure.restdocs.RestDocsTestExecutionListener@abbe000, org.springframework.boot.test.autoconfigure.web.client.MockRestServiceServerResetTestExecutionListener@3f81621c, org.springframework.boot.test.autoconfigure.web.servlet.MockMvcPrintOnlyOnFailureTestExecutionListener@5b9499fe, org.springframework.boot.test.autoconfigure.web.servlet.WebDriverTestExecutionListener@74d6736, org.springframework.boot.test.autoconfigure.webservices.client.MockWebServiceServerTestExecutionListener@52a33c3f]
2022-09-16_11-56-10 [main] INFO  com.mfpe.rfq.service.RfqServiceTest - Starting RfqServiceTest using Java 18.0.1.1 on DESKTOP-VT00VGQ with PID 10876 (started by HP in C:\Users\HP\OneDrive\Documents\.cognizant\MFPE\testing mfpe\rfq)
2022-09-16_11-56-10 [main] INFO  com.mfpe.rfq.service.RfqServiceTest - No active profile set, falling back to default profiles: default
2022-09-16_11-56-10 [main] INFO  o.s.d.r.c.RepositoryConfigurationDelegate - Bootstrapping Spring Data JPA repositories in DEFAULT mode.
2022-09-16_11-56-10 [main] INFO  o.s.d.r.c.RepositoryConfigurationDelegate - Finished Spring Data repository scanning in 71 ms. Found 1 JPA repository interfaces.
2022-09-16_11-56-10 [main] INFO  o.s.cloud.context.scope.GenericScope - BeanFactory id=ef960460-7119-39ad-b344-5eaf025d75d6
2022-09-16_11-56-10 [main] INFO  com.zaxxer.hikari.HikariDataSource - HikariPool-1 - Starting...
2022-09-16_11-56-10 [main] INFO  com.zaxxer.hikari.HikariDataSource - HikariPool-1 - Start completed.
2022-09-16_11-56-10 [main] INFO  o.h.jpa.internal.util.LogHelper - HHH000204: Processing PersistenceUnitInfo [name: default]
2022-09-16_11-56-10 [main] INFO  org.hibernate.Version - HHH000412: Hibernate ORM core version 5.4.32.Final
2022-09-16_11-56-10 [main] INFO  o.h.annotations.common.Version - HCANN000001: Hibernate Commons Annotations {5.1.2.Final}
2022-09-16_11-56-10 [main] INFO  org.hibernate.dialect.Dialect - HHH000400: Using dialect: org.hibernate.dialect.H2Dialect
2022-09-16_11-56-10 [main] INFO  o.h.e.t.j.p.i.JtaPlatformInitiator - HHH000490: Using JtaPlatform implementation: [org.hibernate.engine.transaction.jta.platform.internal.NoJtaPlatform]
2022-09-16_11-56-10 [main] INFO  o.s.o.j.LocalContainerEntityManagerFactoryBean - Initialized JPA EntityManagerFactory for persistence unit 'default'
2022-09-16_11-56-10 [main] INFO  o.s.b.a.h.H2ConsoleAutoConfiguration - H2 console available at '/h2-console'. Database available at 'jdbc:h2:mem:testdb'
2022-09-16_11-56-10 [main] INFO  s.d.s.w.PropertySourcedRequestMappingHandlerMapping - Mapped URL path [/v2/api-docs] onto method [springfox.documentation.swagger2.web.Swagger2Controller#getDocumentation(String, HttpServletRequest)]
2022-09-16_11-56-10 [main] INFO  o.s.b.t.m.w.SpringBootMockServletContext - Initializing Spring TestDispatcherServlet ''
2022-09-16_11-56-10 [main] INFO  o.s.t.w.s.TestDispatcherServlet - Initializing Servlet ''
2022-09-16_11-56-10 [main] INFO  o.s.t.w.s.TestDispatcherServlet - Completed initialization in 2 ms
2022-09-16_11-56-10 [main] INFO  s.d.s.w.p.DocumentationPluginsBootstrapper - Context refreshed
2022-09-16_11-56-10 [main] INFO  s.d.s.w.p.DocumentationPluginsBootstrapper - Found 1 custom documentation plugin(s)
2022-09-16_11-56-10 [main] INFO  s.d.s.w.s.ApiListingReferenceScanner - Scanning for api listing references
2022-09-16_11-56-10 [main] INFO  com.mfpe.rfq.service.RfqServiceTest - Started RfqServiceTest in 7.527 seconds (JVM running for 9.665)
2022-09-16_11-56-10 [main] INFO  com.mfpe.rfq.service.RfqService - Inside PotentailVendorsOfRfq of RfqController
2022-09-16_11-56-10 [main] INFO  com.mfpe.rfq.service.RfqService - Inside PotentailVendorsOfRfq of RfqController
2022-09-16_11-56-10 [main] INFO  com.mfpe.rfq.service.RfqService - Inside PotentailVendorsOfRfq of RfqController
2022-09-16_11-56-10 [main] INFO  com.mfpe.rfq.service.RfqService - Inside GetRfqDeatilsoPlant of RfqService
2022-09-16_11-56-10 [main] INFO  com.mfpe.rfq.service.RfqService - Inside PotentailVendorsOfRfq of RfqController
2022-09-16_11-56-10 [main] INFO  com.mfpe.rfq.service.RfqService - [supplierlist:]
2022-09-16_11-56-10 [main] INFO  com.mfpe.rfq.service.RfqService - Inside GetRfqDeatilsoPlant of RfqService
2022-09-16_11-56-10 [main] INFO  com.mfpe.rfq.service.RfqService - [rfqDetail:]
2022-09-16_11-56-10 [main] INFO  o.s.b.t.c.SpringBootTestContextBootstrapper - Neither @ContextConfiguration nor @ContextHierarchy found for test class [com.mfpe.rfq.RfqApplicationTests], using SpringBootContextLoader
2022-09-16_11-56-10 [main] INFO  o.s.t.c.s.AbstractContextLoader - Could not detect default resource locations for test class [com.mfpe.rfq.RfqApplicationTests]: no resource found for suffixes {-context.xml, Context.groovy}.
2022-09-16_11-56-10 [main] INFO  o.s.t.c.s.AnnotationConfigContextLoaderUtils - Could not detect default configuration classes for test class [com.mfpe.rfq.RfqApplicationTests]: RfqApplicationTests does not declare any static, non-private, non-final, nested classes annotated with @Configuration.
2022-09-16_11-56-10 [main] INFO  o.s.b.t.c.SpringBootTestContextBootstrapper - Found @SpringBootConfiguration com.mfpe.rfq.RfqApplication for test class com.mfpe.rfq.RfqApplicationTests
2022-09-16_11-56-10 [main] INFO  o.s.b.t.c.SpringBootTestContextBootstrapper - Loaded default TestExecutionListener class names from location [META-INF/spring.factories]: [org.springframework.boot.test.mock.mockito.MockitoTestExecutionListener, org.springframework.boot.test.mock.mockito.ResetMocksTestExecutionListener, org.springframework.boot.test.autoconfigure.restdocs.RestDocsTestExecutionListener, org.springframework.boot.test.autoconfigure.web.client.MockRestServiceServerResetTestExecutionListener, org.springframework.boot.test.autoconfigure.web.servlet.MockMvcPrintOnlyOnFailureTestExecutionListener, org.springframework.boot.test.autoconfigure.web.servlet.WebDriverTestExecutionListener, org.springframework.boot.test.autoconfigure.webservices.client.MockWebServiceServerTestExecutionListener, org.springframework.test.context.web.ServletTestExecutionListener, org.springframework.test.context.support.DirtiesContextBeforeModesTestExecutionListener, org.springframework.test.context.event.ApplicationEventsTestExecutionListener, org.springframework.test.context.support.DependencyInjectionTestExecutionListener, org.springframework.test.context.support.DirtiesContextTestExecutionListener, org.springframework.test.context.transaction.TransactionalTestExecutionListener, org.springframework.test.context.jdbc.SqlScriptsTestExecutionListener, org.springframework.test.context.event.EventPublishingTestExecutionListener]
2022-09-16_11-56-10 [main] INFO  o.s.b.t.c.SpringBootTestContextBootstrapper - Using TestExecutionListeners: [org.springframework.test.context.web.ServletTestExecutionListener@60dbfb7f, org.springframework.test.context.support.DirtiesContextBeforeModesTestExecutionListener@220481f9, org.springframework.test.context.event.ApplicationEventsTestExecutionListener@68a62f4d, org.springframework.boot.test.mock.mockito.MockitoTestExecutionListener@f7f3777, org.springframework.boot.test.autoconfigure.SpringBootDependencyInjectionTestExecutionListener@304035e4, org.springframework.test.context.support.DirtiesContextTestExecutionListener@36cd715c, org.springframework.test.context.transaction.TransactionalTestExecutionListener@6fc8fc8f, org.springframework.test.context.jdbc.SqlScriptsTestExecutionListener@19faba8e, org.springframework.test.context.event.EventPublishingTestExecutionListener@28245340, org.springframework.boot.test.mock.mockito.ResetMocksTestExecutionListener@75be9089, org.springframework.boot.test.autoconfigure.restdocs.RestDocsTestExecutionListener@5dba3635, org.springframework.boot.test.autoconfigure.web.client.MockRestServiceServerResetTestExecutionListener@11d8d9c6, org.springframework.boot.test.autoconfigure.web.servlet.MockMvcPrintOnlyOnFailureTestExecutionListener@1bec36ee, org.springframework.boot.test.autoconfigure.web.servlet.WebDriverTestExecutionListener@1a57c7c2, org.springframework.boot.test.autoconfigure.webservices.client.MockWebServiceServerTestExecutionListener@16d05123]
2022-09-16_11-56-18 [main] INFO  com.mfpe.rfq.RfqApplicationTests - Starting RfqApplicationTests using Java 18.0.1.1 on DESKTOP-VT00VGQ with PID 10876 (started by HP in C:\Users\HP\OneDrive\Documents\.cognizant\MFPE\testing mfpe\rfq)
2022-09-16_11-56-18 [main] INFO  com.mfpe.rfq.RfqApplicationTests - No active profile set, falling back to default profiles: default
2022-09-16_11-56-18 [main] INFO  o.s.d.r.c.RepositoryConfigurationDelegate - Bootstrapping Spring Data JPA repositories in DEFAULT mode.
2022-09-16_11-56-18 [main] INFO  o.s.d.r.c.RepositoryConfigurationDelegate - Finished Spring Data repository scanning in 11 ms. Found 1 JPA repository interfaces.
2022-09-16_11-56-18 [main] INFO  o.s.cloud.context.scope.GenericScope - BeanFactory id=86931259-4810-3e9a-9ace-9c1fec7d3485
2022-09-16_11-56-18 [main] INFO  com.zaxxer.hikari.HikariDataSource - HikariPool-2 - Starting...
2022-09-16_11-56-18 [main] INFO  com.zaxxer.hikari.HikariDataSource - HikariPool-2 - Start completed.
2022-09-16_11-56-18 [main] INFO  o.h.jpa.internal.util.LogHelper - HHH000204: Processing PersistenceUnitInfo [name: default]
2022-09-16_11-56-18 [main] INFO  org.hibernate.dialect.Dialect - HHH000400: Using dialect: org.hibernate.dialect.H2Dialect
2022-09-16_11-56-18 [main] INFO  o.h.e.t.j.p.i.JtaPlatformInitiator - HHH000490: Using JtaPlatform implementation: [org.hibernate.engine.transaction.jta.platform.internal.NoJtaPlatform]
2022-09-16_11-56-18 [main] INFO  o.s.o.j.LocalContainerEntityManagerFactoryBean - Initialized JPA EntityManagerFactory for persistence unit 'default'
2022-09-16_11-56-18 [main] INFO  o.s.b.a.h.H2ConsoleAutoConfiguration - H2 console available at '/h2-console'. Database available at 'jdbc:h2:mem:testdb'
2022-09-16_11-56-18 [main] INFO  s.d.s.w.PropertySourcedRequestMappingHandlerMapping - Mapped URL path [/v2/api-docs] onto method [springfox.documentation.swagger2.web.Swagger2Controller#getDocumentation(String, HttpServletRequest)]
2022-09-16_11-56-18 [main] INFO  s.d.s.w.p.DocumentationPluginsBootstrapper - Context refreshed
2022-09-16_11-56-18 [main] INFO  s.d.s.w.p.DocumentationPluginsBootstrapper - Found 1 custom documentation plugin(s)
2022-09-16_11-56-18 [main] INFO  s.d.s.w.s.ApiListingReferenceScanner - Scanning for api listing references
2022-09-16_11-56-18 [main] INFO  com.mfpe.rfq.RfqApplicationTests - Started RfqApplicationTests in 1.641 seconds (JVM running for 11.859)
2022-09-16_11-56-18 [main] INFO  o.s.b.t.c.SpringBootTestContextBootstrapper - Neither @ContextConfiguration nor @ContextHierarchy found for test class [com.mfpe.rfq.controller.RfqControllerTest], using SpringBootContextLoader
2022-09-16_11-56-18 [main] INFO  o.s.t.c.s.AbstractContextLoader - Could not detect default resource locations for test class [com.mfpe.rfq.controller.RfqControllerTest]: no resource found for suffixes {-context.xml, Context.groovy}.
2022-09-16_11-56-18 [main] INFO  o.s.t.c.s.AnnotationConfigContextLoaderUtils - Could not detect default configuration classes for test class [com.mfpe.rfq.controller.RfqControllerTest]: RfqControllerTest does not declare any static, non-private, non-final, nested classes annotated with @Configuration.
2022-09-16_11-56-18 [main] INFO  o.s.b.t.c.SpringBootTestContextBootstrapper - Found @SpringBootConfiguration com.mfpe.rfq.RfqApplication for test class com.mfpe.rfq.controller.RfqControllerTest
2022-09-16_11-56-18 [main] INFO  o.s.b.t.c.SpringBootTestContextBootstrapper - Loaded default TestExecutionListener class names from location [META-INF/spring.factories]: [org.springframework.boot.test.mock.mockito.MockitoTestExecutionListener, org.springframework.boot.test.mock.mockito.ResetMocksTestExecutionListener, org.springframework.boot.test.autoconfigure.restdocs.RestDocsTestExecutionListener, org.springframework.boot.test.autoconfigure.web.client.MockRestServiceServerResetTestExecutionListener, org.springframework.boot.test.autoconfigure.web.servlet.MockMvcPrintOnlyOnFailureTestExecutionListener, org.springframework.boot.test.autoconfigure.web.servlet.WebDriverTestExecutionListener, org.springframework.boot.test.autoconfigure.webservices.client.MockWebServiceServerTestExecutionListener, org.springframework.test.context.web.ServletTestExecutionListener, org.springframework.test.context.support.DirtiesContextBeforeModesTestExecutionListener, org.springframework.test.context.event.ApplicationEventsTestExecutionListener, org.springframework.test.context.support.DependencyInjectionTestExecutionListener, org.springframework.test.context.support.DirtiesContextTestExecutionListener, org.springframework.test.context.transaction.TransactionalTestExecutionListener, org.springframework.test.context.jdbc.SqlScriptsTestExecutionListener, org.springframework.test.context.event.EventPublishingTestExecutionListener]
2022-09-16_11-56-18 [main] INFO  o.s.b.t.c.SpringBootTestContextBootstrapper - Using TestExecutionListeners: [org.springframework.test.context.web.ServletTestExecutionListener@6906142b, org.springframework.test.context.support.DirtiesContextBeforeModesTestExecutionListener@57c17c23, org.springframework.test.context.event.ApplicationEventsTestExecutionListener@5cc5c7ac, org.springframework.boot.test.mock.mockito.MockitoTestExecutionListener@7cd919a5, org.springframework.boot.test.autoconfigure.SpringBootDependencyInjectionTestExecutionListener@25a7ed59, org.springframework.test.context.support.DirtiesContextTestExecutionListener@79dbadaa, org.springframework.test.context.transaction.TransactionalTestExecutionListener@b51fd9a, org.springframework.test.context.jdbc.SqlScriptsTestExecutionListener@3f71d964, org.springframework.test.context.event.EventPublishingTestExecutionListener@25a636f6, org.springframework.boot.test.mock.mockito.ResetMocksTestExecutionListener@1b47915, org.springframework.boot.test.autoconfigure.restdocs.RestDocsTestExecutionListener@58df994, org.springframework.boot.test.autoconfigure.web.client.MockRestServiceServerResetTestExecutionListener@3486bab8, org.springframework.boot.test.autoconfigure.web.servlet.MockMvcPrintOnlyOnFailureTestExecutionListener@20833b58, org.springframework.boot.test.autoconfigure.web.servlet.WebDriverTestExecutionListener@2dd828c, org.springframework.boot.test.autoconfigure.webservices.client.MockWebServiceServerTestExecutionListener@68f68a1a]
2022-09-16_11-56-18 [main] INFO  o.s.mock.web.MockServletContext - Initializing Spring TestDispatcherServlet ''
2022-09-16_11-56-18 [main] INFO  o.s.t.w.s.TestDispatcherServlet - Initializing Servlet ''
2022-09-16_11-56-18 [main] INFO  o.s.t.w.s.TestDispatcherServlet - Completed initialization in 0 ms
2022-09-16_11-56-18 [main] INFO  c.mfpe.rfq.controller.RfqController - Inside PotentailVendorsOfRfq of RfqController
2022-09-16_11-56-18 [main] INFO  o.s.mock.web.MockServletContext - Initializing Spring TestDispatcherServlet ''
2022-09-16_11-56-18 [main] INFO  o.s.t.w.s.TestDispatcherServlet - Initializing Servlet ''
2022-09-16_11-56-18 [main] INFO  o.s.t.w.s.TestDispatcherServlet - Completed initialization in 0 ms
2022-09-16_11-56-18 [main] INFO  c.mfpe.rfq.controller.RfqController - Inside GetRfqDeatilOfPlant of RfqController
2022-09-16_11-56-18 [main] INFO  o.s.mock.web.MockServletContext - Initializing Spring TestDispatcherServlet ''
2022-09-16_11-56-18 [main] INFO  o.s.t.w.s.TestDispatcherServlet - Initializing Servlet ''
2022-09-16_11-56-18 [main] INFO  o.s.t.w.s.TestDispatcherServlet - Completed initialization in 0 ms
2022-09-16_11-56-18 [main] INFO  c.mfpe.rfq.controller.RfqController - Inside PotentailVendorsOfRfq of RfqController
2022-09-16_11-56-18 [SpringApplicationShutdownHook] INFO  o.s.o.j.LocalContainerEntityManagerFactoryBean - Closing JPA EntityManagerFactory for persistence unit 'default'
2022-09-16_11-56-18 [SpringApplicationShutdownHook] INFO  o.h.t.s.i.SchemaDropperImpl$DelayedDropActionImpl - HHH000477: Starting delayed evictData of schema as part of SessionFactory shut-down'
2022-09-16_11-56-18 [SpringApplicationShutdownHook] INFO  com.zaxxer.hikari.HikariDataSource - HikariPool-1 - Shutdown initiated...
2022-09-16_11-56-18 [SpringApplicationShutdownHook] INFO  com.zaxxer.hikari.HikariDataSource - HikariPool-1 - Shutdown completed.
2022-09-16_11-56-18 [SpringApplicationShutdownHook] INFO  o.s.o.j.LocalContainerEntityManagerFactoryBean - Closing JPA EntityManagerFactory for persistence unit 'default'
2022-09-16_11-56-18 [SpringApplicationShutdownHook] INFO  o.h.t.s.i.SchemaDropperImpl$DelayedDropActionImpl - HHH000477: Starting delayed evictData of schema as part of SessionFactory shut-down'
2022-09-16_11-56-18 [SpringApplicationShutdownHook] INFO  com.zaxxer.hikari.HikariDataSource - HikariPool-2 - Shutdown initiated...
2022-09-16_11-56-18 [SpringApplicationShutdownHook] INFO  com.zaxxer.hikari.HikariDataSource - HikariPool-2 - Shutdown completed.
2022-09-16_12-44-36 [main] INFO  o.s.b.t.c.SpringBootTestContextBootstrapper - Neither @ContextConfiguration nor @ContextHierarchy found for test class [com.mfpe.rfq.service.RfqServiceTest], using SpringBootContextLoader
2022-09-16_12-44-36 [main] INFO  o.s.t.c.s.AbstractContextLoader - Could not detect default resource locations for test class [com.mfpe.rfq.service.RfqServiceTest]: no resource found for suffixes {-context.xml, Context.groovy}.
2022-09-16_12-44-36 [main] INFO  o.s.t.c.s.AnnotationConfigContextLoaderUtils - Could not detect default configuration classes for test class [com.mfpe.rfq.service.RfqServiceTest]: RfqServiceTest does not declare any static, non-private, non-final, nested classes annotated with @Configuration.
2022-09-16_12-44-36 [main] INFO  o.s.b.t.c.SpringBootTestContextBootstrapper - Found @SpringBootConfiguration com.mfpe.rfq.RfqApplication for test class com.mfpe.rfq.service.RfqServiceTest
2022-09-16_12-44-36 [main] INFO  o.s.b.t.c.SpringBootTestContextBootstrapper - Loaded default TestExecutionListener class names from location [META-INF/spring.factories]: [org.springframework.boot.test.mock.mockito.MockitoTestExecutionListener, org.springframework.boot.test.mock.mockito.ResetMocksTestExecutionListener, org.springframework.boot.test.autoconfigure.restdocs.RestDocsTestExecutionListener, org.springframework.boot.test.autoconfigure.web.client.MockRestServiceServerResetTestExecutionListener, org.springframework.boot.test.autoconfigure.web.servlet.MockMvcPrintOnlyOnFailureTestExecutionListener, org.springframework.boot.test.autoconfigure.web.servlet.WebDriverTestExecutionListener, org.springframework.boot.test.autoconfigure.webservices.client.MockWebServiceServerTestExecutionListener, org.springframework.test.context.web.ServletTestExecutionListener, org.springframework.test.context.support.DirtiesContextBeforeModesTestExecutionListener, org.springframework.test.context.event.ApplicationEventsTestExecutionListener, org.springframework.test.context.support.DependencyInjectionTestExecutionListener, org.springframework.test.context.support.DirtiesContextTestExecutionListener, org.springframework.test.context.transaction.TransactionalTestExecutionListener, org.springframework.test.context.jdbc.SqlScriptsTestExecutionListener, org.springframework.test.context.event.EventPublishingTestExecutionListener]
2022-09-16_12-44-36 [main] INFO  o.s.b.t.c.SpringBootTestContextBootstrapper - Using TestExecutionListeners: [org.springframework.test.context.web.ServletTestExecutionListener@688a2c09, org.springframework.test.context.support.DirtiesContextBeforeModesTestExecutionListener@5de5e95, org.springframework.test.context.event.ApplicationEventsTestExecutionListener@365cdacf, org.springframework.boot.test.mock.mockito.MockitoTestExecutionListener@303c55fa, org.springframework.boot.test.autoconfigure.SpringBootDependencyInjectionTestExecutionListener@9efcd90, org.springframework.test.context.support.DirtiesContextTestExecutionListener@7eb200ce, org.springframework.test.context.transaction.TransactionalTestExecutionListener@2ee83775, org.springframework.test.context.jdbc.SqlScriptsTestExecutionListener@7c2924d7, org.springframework.test.context.event.EventPublishingTestExecutionListener@b5de58f, org.springframework.boot.test.mock.mockito.ResetMocksTestExecutionListener@6587305a, org.springframework.boot.test.autoconfigure.restdocs.RestDocsTestExecutionListener@abbe000, org.springframework.boot.test.autoconfigure.web.client.MockRestServiceServerResetTestExecutionListener@3f81621c, org.springframework.boot.test.autoconfigure.web.servlet.MockMvcPrintOnlyOnFailureTestExecutionListener@5b9499fe, org.springframework.boot.test.autoconfigure.web.servlet.WebDriverTestExecutionListener@74d6736, org.springframework.boot.test.autoconfigure.webservices.client.MockWebServiceServerTestExecutionListener@52a33c3f]
2022-09-16_12-44-37 [main] INFO  com.mfpe.rfq.service.RfqServiceTest - Starting RfqServiceTest using Java 18.0.1.1 on DESKTOP-VT00VGQ with PID 1784 (started by HP in C:\Users\HP\OneDrive\Documents\.cognizant\MFPE\testing mfpe\rfq)
2022-09-16_12-44-37 [main] INFO  com.mfpe.rfq.service.RfqServiceTest - No active profile set, falling back to default profiles: default
2022-09-16_12-44-37 [main] INFO  o.s.d.r.c.RepositoryConfigurationDelegate - Bootstrapping Spring Data JPA repositories in DEFAULT mode.
2022-09-16_12-44-37 [main] INFO  o.s.d.r.c.RepositoryConfigurationDelegate - Finished Spring Data repository scanning in 57 ms. Found 1 JPA repository interfaces.
2022-09-16_12-44-37 [main] INFO  o.s.cloud.context.scope.GenericScope - BeanFactory id=ef960460-7119-39ad-b344-5eaf025d75d6
2022-09-16_12-44-37 [main] INFO  com.zaxxer.hikari.HikariDataSource - HikariPool-1 - Starting...
2022-09-16_12-44-37 [main] INFO  com.zaxxer.hikari.HikariDataSource - HikariPool-1 - Start completed.
2022-09-16_12-44-37 [main] INFO  o.h.jpa.internal.util.LogHelper - HHH000204: Processing PersistenceUnitInfo [name: default]
2022-09-16_12-44-37 [main] INFO  org.hibernate.Version - HHH000412: Hibernate ORM core version 5.4.32.Final
2022-09-16_12-44-37 [main] INFO  o.h.annotations.common.Version - HCANN000001: Hibernate Commons Annotations {5.1.2.Final}
2022-09-16_12-44-37 [main] INFO  org.hibernate.dialect.Dialect - HHH000400: Using dialect: org.hibernate.dialect.H2Dialect
2022-09-16_12-44-37 [main] INFO  o.h.e.t.j.p.i.JtaPlatformInitiator - HHH000490: Using JtaPlatform implementation: [org.hibernate.engine.transaction.jta.platform.internal.NoJtaPlatform]
2022-09-16_12-44-37 [main] INFO  o.s.o.j.LocalContainerEntityManagerFactoryBean - Initialized JPA EntityManagerFactory for persistence unit 'default'
2022-09-16_12-44-37 [main] INFO  o.s.b.a.h.H2ConsoleAutoConfiguration - H2 console available at '/h2-console'. Database available at 'jdbc:h2:mem:testdb'
2022-09-16_12-44-37 [main] INFO  s.d.s.w.PropertySourcedRequestMappingHandlerMapping - Mapped URL path [/v2/api-docs] onto method [springfox.documentation.swagger2.web.Swagger2Controller#getDocumentation(String, HttpServletRequest)]
2022-09-16_12-44-37 [main] INFO  o.s.b.t.m.w.SpringBootMockServletContext - Initializing Spring TestDispatcherServlet ''
2022-09-16_12-44-37 [main] INFO  o.s.t.w.s.TestDispatcherServlet - Initializing Servlet ''
2022-09-16_12-44-37 [main] INFO  o.s.t.w.s.TestDispatcherServlet - Completed initialization in 2 ms
2022-09-16_12-44-37 [main] INFO  s.d.s.w.p.DocumentationPluginsBootstrapper - Context refreshed
2022-09-16_12-44-37 [main] INFO  s.d.s.w.p.DocumentationPluginsBootstrapper - Found 1 custom documentation plugin(s)
2022-09-16_12-44-37 [main] INFO  s.d.s.w.s.ApiListingReferenceScanner - Scanning for api listing references
2022-09-16_12-44-37 [main] INFO  com.mfpe.rfq.service.RfqServiceTest - Started RfqServiceTest in 7.189 seconds (JVM running for 9.343)
2022-09-16_12-44-37 [main] INFO  com.mfpe.rfq.service.RfqService - Inside PotentailVendorsOfRfq of RfqController
2022-09-16_12-44-37 [main] INFO  com.mfpe.rfq.service.RfqService - Inside PotentailVendorsOfRfq of RfqController
2022-09-16_12-44-37 [main] INFO  com.mfpe.rfq.service.RfqService - Inside PotentailVendorsOfRfq of RfqController
2022-09-16_12-44-37 [main] INFO  com.mfpe.rfq.service.RfqService - Inside GetRfqDeatilsoPlant of RfqService
2022-09-16_12-44-37 [main] INFO  com.mfpe.rfq.service.RfqService - Inside PotentailVendorsOfRfq of RfqController
2022-09-16_12-44-37 [main] INFO  com.mfpe.rfq.service.RfqService - [supplierlist:]
2022-09-16_12-44-37 [main] INFO  com.mfpe.rfq.service.RfqService - Inside GetRfqDeatilsoPlant of RfqService
2022-09-16_12-44-37 [main] INFO  com.mfpe.rfq.service.RfqService - [rfqDetail:]
2022-09-16_12-44-37 [main] INFO  o.s.b.t.c.SpringBootTestContextBootstrapper - Neither @ContextConfiguration nor @ContextHierarchy found for test class [com.mfpe.rfq.RfqApplicationTests], using SpringBootContextLoader
2022-09-16_12-44-37 [main] INFO  o.s.t.c.s.AbstractContextLoader - Could not detect default resource locations for test class [com.mfpe.rfq.RfqApplicationTests]: no resource found for suffixes {-context.xml, Context.groovy}.
2022-09-16_12-44-37 [main] INFO  o.s.t.c.s.AnnotationConfigContextLoaderUtils - Could not detect default configuration classes for test class [com.mfpe.rfq.RfqApplicationTests]: RfqApplicationTests does not declare any static, non-private, non-final, nested classes annotated with @Configuration.
2022-09-16_12-44-37 [main] INFO  o.s.b.t.c.SpringBootTestContextBootstrapper - Found @SpringBootConfiguration com.mfpe.rfq.RfqApplication for test class com.mfpe.rfq.RfqApplicationTests
2022-09-16_12-44-37 [main] INFO  o.s.b.t.c.SpringBootTestContextBootstrapper - Loaded default TestExecutionListener class names from location [META-INF/spring.factories]: [org.springframework.boot.test.mock.mockito.MockitoTestExecutionListener, org.springframework.boot.test.mock.mockito.ResetMocksTestExecutionListener, org.springframework.boot.test.autoconfigure.restdocs.RestDocsTestExecutionListener, org.springframework.boot.test.autoconfigure.web.client.MockRestServiceServerResetTestExecutionListener, org.springframework.boot.test.autoconfigure.web.servlet.MockMvcPrintOnlyOnFailureTestExecutionListener, org.springframework.boot.test.autoconfigure.web.servlet.WebDriverTestExecutionListener, org.springframework.boot.test.autoconfigure.webservices.client.MockWebServiceServerTestExecutionListener, org.springframework.test.context.web.ServletTestExecutionListener, org.springframework.test.context.support.DirtiesContextBeforeModesTestExecutionListener, org.springframework.test.context.event.ApplicationEventsTestExecutionListener, org.springframework.test.context.support.DependencyInjectionTestExecutionListener, org.springframework.test.context.support.DirtiesContextTestExecutionListener, org.springframework.test.context.transaction.TransactionalTestExecutionListener, org.springframework.test.context.jdbc.SqlScriptsTestExecutionListener, org.springframework.test.context.event.EventPublishingTestExecutionListener]
2022-09-16_12-44-37 [main] INFO  o.s.b.t.c.SpringBootTestContextBootstrapper - Using TestExecutionListeners: [org.springframework.test.context.web.ServletTestExecutionListener@1a57c7c2, org.springframework.test.context.support.DirtiesContextBeforeModesTestExecutionListener@16d05123, org.springframework.test.context.event.ApplicationEventsTestExecutionListener@4111bcd6, org.springframework.boot.test.mock.mockito.MockitoTestExecutionListener@3bb0a95c, org.springframework.boot.test.autoconfigure.SpringBootDependencyInjectionTestExecutionListener@1f7d003f, org.springframework.test.context.support.DirtiesContextTestExecutionListener@b3013ba, org.springframework.test.context.transaction.TransactionalTestExecutionListener@470be906, org.springframework.test.context.jdbc.SqlScriptsTestExecutionListener@79cf42f2, org.springframework.test.context.event.EventPublishingTestExecutionListener@e44d90c, org.springframework.boot.test.mock.mockito.ResetMocksTestExecutionListener@562b6bd, org.springframework.boot.test.autoconfigure.restdocs.RestDocsTestExecutionListener@1db93cce, org.springframework.boot.test.autoconfigure.web.client.MockRestServiceServerResetTestExecutionListener@1ee23559, org.springframework.boot.test.autoconfigure.web.servlet.MockMvcPrintOnlyOnFailureTestExecutionListener@36461330, org.springframework.boot.test.autoconfigure.web.servlet.WebDriverTestExecutionListener@26018c1b, org.springframework.boot.test.autoconfigure.webservices.client.MockWebServiceServerTestExecutionListener@728a9b59]
2022-09-16_12-44-45 [main] INFO  com.mfpe.rfq.RfqApplicationTests - Starting RfqApplicationTests using Java 18.0.1.1 on DESKTOP-VT00VGQ with PID 1784 (started by HP in C:\Users\HP\OneDrive\Documents\.cognizant\MFPE\testing mfpe\rfq)
2022-09-16_12-44-45 [main] INFO  com.mfpe.rfq.RfqApplicationTests - No active profile set, falling back to default profiles: default
2022-09-16_12-44-45 [main] INFO  o.s.d.r.c.RepositoryConfigurationDelegate - Bootstrapping Spring Data JPA repositories in DEFAULT mode.
2022-09-16_12-44-45 [main] INFO  o.s.d.r.c.RepositoryConfigurationDelegate - Finished Spring Data repository scanning in 10 ms. Found 1 JPA repository interfaces.
2022-09-16_12-44-45 [main] INFO  o.s.cloud.context.scope.GenericScope - BeanFactory id=86931259-4810-3e9a-9ace-9c1fec7d3485
2022-09-16_12-44-45 [main] INFO  com.zaxxer.hikari.HikariDataSource - HikariPool-2 - Starting...
2022-09-16_12-44-45 [main] INFO  com.zaxxer.hikari.HikariDataSource - HikariPool-2 - Start completed.
2022-09-16_12-44-45 [main] INFO  o.h.jpa.internal.util.LogHelper - HHH000204: Processing PersistenceUnitInfo [name: default]
2022-09-16_12-44-45 [main] INFO  org.hibernate.dialect.Dialect - HHH000400: Using dialect: org.hibernate.dialect.H2Dialect
2022-09-16_12-44-45 [main] INFO  o.h.e.t.j.p.i.JtaPlatformInitiator - HHH000490: Using JtaPlatform implementation: [org.hibernate.engine.transaction.jta.platform.internal.NoJtaPlatform]
2022-09-16_12-44-45 [main] INFO  o.s.o.j.LocalContainerEntityManagerFactoryBean - Initialized JPA EntityManagerFactory for persistence unit 'default'
2022-09-16_12-44-45 [main] INFO  o.s.b.a.h.H2ConsoleAutoConfiguration - H2 console available at '/h2-console'. Database available at 'jdbc:h2:mem:testdb'
2022-09-16_12-44-45 [main] INFO  s.d.s.w.PropertySourcedRequestMappingHandlerMapping - Mapped URL path [/v2/api-docs] onto method [springfox.documentation.swagger2.web.Swagger2Controller#getDocumentation(String, HttpServletRequest)]
2022-09-16_12-44-45 [main] INFO  s.d.s.w.p.DocumentationPluginsBootstrapper - Context refreshed
2022-09-16_12-44-45 [main] INFO  s.d.s.w.p.DocumentationPluginsBootstrapper - Found 1 custom documentation plugin(s)
2022-09-16_12-44-45 [main] INFO  s.d.s.w.s.ApiListingReferenceScanner - Scanning for api listing references
2022-09-16_12-44-45 [main] INFO  com.mfpe.rfq.RfqApplicationTests - Started RfqApplicationTests in 1.635 seconds (JVM running for 11.563)
2022-09-16_12-44-45 [main] INFO  o.s.b.t.c.SpringBootTestContextBootstrapper - Neither @ContextConfiguration nor @ContextHierarchy found for test class [com.mfpe.rfq.controller.RfqControllerTest], using SpringBootContextLoader
2022-09-16_12-44-45 [main] INFO  o.s.t.c.s.AbstractContextLoader - Could not detect default resource locations for test class [com.mfpe.rfq.controller.RfqControllerTest]: no resource found for suffixes {-context.xml, Context.groovy}.
2022-09-16_12-44-45 [main] INFO  o.s.t.c.s.AnnotationConfigContextLoaderUtils - Could not detect default configuration classes for test class [com.mfpe.rfq.controller.RfqControllerTest]: RfqControllerTest does not declare any static, non-private, non-final, nested classes annotated with @Configuration.
2022-09-16_12-44-45 [main] INFO  o.s.b.t.c.SpringBootTestContextBootstrapper - Found @SpringBootConfiguration com.mfpe.rfq.RfqApplication for test class com.mfpe.rfq.controller.RfqControllerTest
2022-09-16_12-44-45 [main] INFO  o.s.b.t.c.SpringBootTestContextBootstrapper - Loaded default TestExecutionListener class names from location [META-INF/spring.factories]: [org.springframework.boot.test.mock.mockito.MockitoTestExecutionListener, org.springframework.boot.test.mock.mockito.ResetMocksTestExecutionListener, org.springframework.boot.test.autoconfigure.restdocs.RestDocsTestExecutionListener, org.springframework.boot.test.autoconfigure.web.client.MockRestServiceServerResetTestExecutionListener, org.springframework.boot.test.autoconfigure.web.servlet.MockMvcPrintOnlyOnFailureTestExecutionListener, org.springframework.boot.test.autoconfigure.web.servlet.WebDriverTestExecutionListener, org.springframework.boot.test.autoconfigure.webservices.client.MockWebServiceServerTestExecutionListener, org.springframework.test.context.web.ServletTestExecutionListener, org.springframework.test.context.support.DirtiesContextBeforeModesTestExecutionListener, org.springframework.test.context.event.ApplicationEventsTestExecutionListener, org.springframework.test.context.support.DependencyInjectionTestExecutionListener, org.springframework.test.context.support.DirtiesContextTestExecutionListener, org.springframework.test.context.transaction.TransactionalTestExecutionListener, org.springframework.test.context.jdbc.SqlScriptsTestExecutionListener, org.springframework.test.context.event.EventPublishingTestExecutionListener]
2022-09-16_12-44-45 [main] INFO  o.s.b.t.c.SpringBootTestContextBootstrapper - Using TestExecutionListeners: [org.springframework.test.context.web.ServletTestExecutionListener@68f68a1a, org.springframework.test.context.support.DirtiesContextBeforeModesTestExecutionListener@6924bec6, org.springframework.test.context.event.ApplicationEventsTestExecutionListener@50c41141, org.springframework.boot.test.mock.mockito.MockitoTestExecutionListener@3e632037, org.springframework.boot.test.autoconfigure.SpringBootDependencyInjectionTestExecutionListener@6299cbbb, org.springframework.test.context.support.DirtiesContextTestExecutionListener@2e078ba0, org.springframework.test.context.transaction.TransactionalTestExecutionListener@5eb9c938, org.springframework.test.context.jdbc.SqlScriptsTestExecutionListener@797c3840, org.springframework.test.context.event.EventPublishingTestExecutionListener@5594f0c7, org.springframework.boot.test.mock.mockito.ResetMocksTestExecutionListener@475c3b5e, org.springframework.boot.test.autoconfigure.restdocs.RestDocsTestExecutionListener@573cca84, org.springframework.boot.test.autoconfigure.web.client.MockRestServiceServerResetTestExecutionListener@4f9a561b, org.springframework.boot.test.autoconfigure.web.servlet.MockMvcPrintOnlyOnFailureTestExecutionListener@3dfa95e7, org.springframework.boot.test.autoconfigure.web.servlet.WebDriverTestExecutionListener@1bdacfcd, org.springframework.boot.test.autoconfigure.webservices.client.MockWebServiceServerTestExecutionListener@2a834ed8]
2022-09-16_12-44-45 [main] INFO  o.s.mock.web.MockServletContext - Initializing Spring TestDispatcherServlet ''
2022-09-16_12-44-45 [main] INFO  o.s.t.w.s.TestDispatcherServlet - Initializing Servlet ''
2022-09-16_12-44-45 [main] INFO  o.s.t.w.s.TestDispatcherServlet - Completed initialization in 1 ms
2022-09-16_12-44-45 [main] INFO  c.mfpe.rfq.controller.RfqController - Inside PotentailVendorsOfRfq of RfqController
2022-09-16_12-44-45 [main] INFO  o.s.mock.web.MockServletContext - Initializing Spring TestDispatcherServlet ''
2022-09-16_12-44-45 [main] INFO  o.s.t.w.s.TestDispatcherServlet - Initializing Servlet ''
2022-09-16_12-44-45 [main] INFO  o.s.t.w.s.TestDispatcherServlet - Completed initialization in 1 ms
2022-09-16_12-44-45 [main] INFO  c.mfpe.rfq.controller.RfqController - Inside GetRfqDeatilOfPlant of RfqController
2022-09-16_12-44-45 [main] INFO  o.s.mock.web.MockServletContext - Initializing Spring TestDispatcherServlet ''
2022-09-16_12-44-45 [main] INFO  o.s.t.w.s.TestDispatcherServlet - Initializing Servlet ''
2022-09-16_12-44-45 [main] INFO  o.s.t.w.s.TestDispatcherServlet - Completed initialization in 0 ms
2022-09-16_12-44-45 [main] INFO  c.mfpe.rfq.controller.RfqController - Inside PotentailVendorsOfRfq of RfqController
2022-09-16_12-44-45 [SpringApplicationShutdownHook] INFO  o.s.o.j.LocalContainerEntityManagerFactoryBean - Closing JPA EntityManagerFactory for persistence unit 'default'
2022-09-16_12-44-45 [SpringApplicationShutdownHook] INFO  o.h.t.s.i.SchemaDropperImpl$DelayedDropActionImpl - HHH000477: Starting delayed evictData of schema as part of SessionFactory shut-down'
2022-09-16_12-44-45 [SpringApplicationShutdownHook] INFO  com.zaxxer.hikari.HikariDataSource - HikariPool-1 - Shutdown initiated...
2022-09-16_12-44-45 [SpringApplicationShutdownHook] INFO  com.zaxxer.hikari.HikariDataSource - HikariPool-1 - Shutdown completed.
2022-09-16_12-44-45 [SpringApplicationShutdownHook] INFO  o.s.o.j.LocalContainerEntityManagerFactoryBean - Closing JPA EntityManagerFactory for persistence unit 'default'
2022-09-16_12-44-45 [SpringApplicationShutdownHook] INFO  o.h.t.s.i.SchemaDropperImpl$DelayedDropActionImpl - HHH000477: Starting delayed evictData of schema as part of SessionFactory shut-down'
2022-09-16_12-44-45 [SpringApplicationShutdownHook] INFO  com.zaxxer.hikari.HikariDataSource - HikariPool-2 - Shutdown initiated...
2022-09-16_12-44-45 [SpringApplicationShutdownHook] INFO  com.zaxxer.hikari.HikariDataSource - HikariPool-2 - Shutdown completed.
2022-09-16_11-37-48 [http-nio-8084-exec-5] INFO  c.mfpe.rfq.controller.RfqController - Inside GetRfqDeatilOfPlant of RfqController
2022-09-16_11-37-48 [http-nio-8084-exec-5] INFO  com.mfpe.rfq.service.RfqService - Inside GetRfqDeatilsoPlant of RfqService
2022-09-16_11-37-48 [http-nio-8084-exec-5] INFO  com.mfpe.rfq.service.RfqService - [rfqDetail:]
2022-09-16_11-37-48 [http-nio-8084-exec-1] INFO  c.mfpe.rfq.controller.RfqController - Inside PotentailVendorsOfRfq of RfqController
2022-09-16_11-37-48 [http-nio-8084-exec-1] INFO  com.mfpe.rfq.service.RfqService - Inside PotentailVendorsOfRfq of RfqController
2022-09-16_11-37-48 [http-nio-8084-exec-1] INFO  com.mfpe.rfq.service.RfqService - [supplierlist:]
2022-09-16_21-12-00 [restartedMain] INFO  com.mfpe.rfq.RfqApplication - Starting RfqApplication using Java 18.0.1.1 on DESKTOP-VT00VGQ with PID 9844 (C:\Users\HP\OneDrive\Documents\.cognizant\MFPE\testing mfpe\rfq\target\classes started by HP in C:\Users\HP\OneDrive\Documents\.cognizant\MFPE\testing mfpe\rfq)
2022-09-16_21-12-00 [restartedMain] INFO  com.mfpe.rfq.RfqApplication - No active profile set, falling back to default profiles: default
2022-09-16_21-12-00 [restartedMain] INFO  o.s.b.d.e.DevToolsPropertyDefaultsPostProcessor - Devtools property defaults active! Set 'spring.devtools.add-properties' to 'false' to disable
2022-09-16_21-12-00 [restartedMain] INFO  o.s.b.d.e.DevToolsPropertyDefaultsPostProcessor - For additional web related logging consider setting the 'logging.level.web' property to 'DEBUG'
2022-09-16_21-12-00 [restartedMain] INFO  o.s.d.r.c.RepositoryConfigurationDelegate - Bootstrapping Spring Data JPA repositories in DEFAULT mode.
2022-09-16_21-12-00 [restartedMain] INFO  o.s.d.r.c.RepositoryConfigurationDelegate - Finished Spring Data repository scanning in 38 ms. Found 1 JPA repository interfaces.
2022-09-16_21-12-00 [restartedMain] INFO  o.s.cloud.context.scope.GenericScope - BeanFactory id=c6919823-0124-3f49-a13d-860d42143112
2022-09-16_21-12-00 [restartedMain] INFO  o.s.b.w.e.tomcat.TomcatWebServer - Tomcat initialized with port(s): 8084 (http)
2022-09-16_21-12-00 [restartedMain] INFO  o.a.coyote.http11.Http11NioProtocol - Initializing ProtocolHandler ["http-nio-8084"]
2022-09-16_21-12-00 [restartedMain] INFO  o.a.catalina.core.StandardService - Starting service [Tomcat]
2022-09-16_21-12-00 [restartedMain] INFO  o.a.catalina.core.StandardEngine - Starting Servlet engine: [Apache Tomcat/9.0.53]
2022-09-16_21-12-00 [restartedMain] INFO  o.a.c.c.C.[.[localhost].[/rfqapp] - Initializing Spring embedded WebApplicationContext
2022-09-16_21-12-00 [restartedMain] INFO  o.s.b.w.s.c.ServletWebServerApplicationContext - Root WebApplicationContext: initialization completed in 2131 ms
2022-09-16_21-12-00 [restartedMain] INFO  com.zaxxer.hikari.HikariDataSource - HikariPool-1 - Starting...
2022-09-16_21-12-00 [restartedMain] INFO  com.zaxxer.hikari.HikariDataSource - HikariPool-1 - Start completed.
2022-09-16_21-12-00 [restartedMain] INFO  o.s.b.a.h.H2ConsoleAutoConfiguration - H2 console available at '/h2-console'. Database available at 'jdbc:h2:mem:testdb'
2022-09-16_21-12-00 [restartedMain] INFO  o.h.jpa.internal.util.LogHelper - HHH000204: Processing PersistenceUnitInfo [name: default]
2022-09-16_21-12-00 [restartedMain] INFO  org.hibernate.Version - HHH000412: Hibernate ORM core version 5.4.32.Final
2022-09-16_21-12-00 [restartedMain] INFO  o.h.annotations.common.Version - HCANN000001: Hibernate Commons Annotations {5.1.2.Final}
2022-09-16_21-12-00 [restartedMain] INFO  org.hibernate.dialect.Dialect - HHH000400: Using dialect: org.hibernate.dialect.H2Dialect
2022-09-16_21-12-00 [restartedMain] INFO  o.h.e.t.j.p.i.JtaPlatformInitiator - HHH000490: Using JtaPlatform implementation: [org.hibernate.engine.transaction.jta.platform.internal.NoJtaPlatform]
2022-09-16_21-12-00 [restartedMain] INFO  o.s.o.j.LocalContainerEntityManagerFactoryBean - Initialized JPA EntityManagerFactory for persistence unit 'default'
2022-09-16_21-12-00 [restartedMain] INFO  s.d.s.w.PropertySourcedRequestMappingHandlerMapping - Mapped URL path [/v2/api-docs] onto method [springfox.documentation.swagger2.web.Swagger2Controller#getDocumentation(String, HttpServletRequest)]
2022-09-16_21-12-00 [restartedMain] INFO  o.a.coyote.http11.Http11NioProtocol - Starting ProtocolHandler ["http-nio-8084"]
2022-09-16_21-12-00 [restartedMain] INFO  o.s.b.w.e.tomcat.TomcatWebServer - Tomcat started on port(s): 8084 (http) with context path '/rfqapp'
2022-09-16_21-12-00 [restartedMain] INFO  s.d.s.w.p.DocumentationPluginsBootstrapper - Context refreshed
2022-09-16_21-12-00 [restartedMain] INFO  s.d.s.w.p.DocumentationPluginsBootstrapper - Found 1 custom documentation plugin(s)
2022-09-16_21-12-00 [restartedMain] INFO  s.d.s.w.s.ApiListingReferenceScanner - Scanning for api listing references
2022-09-16_21-12-00 [restartedMain] INFO  com.mfpe.rfq.RfqApplication - Started RfqApplication in 5.683 seconds (JVM running for 6.34)
