2022-09-16_11-37-14 [restartedMain] INFO  com.project.Supplier.Application - Starting Application using Java 18.0.1.1 on DESKTOP-VT00VGQ with PID 7596 (C:\Users\HP\OneDrive\Documents\.cognizant\MFPE\testing mfpe\Supplier\target\classes started by HP in C:\Users\HP\OneDrive\Documents\.cognizant\MFPE\testing mfpe\Supplier)
2022-09-16_11-37-14 [restartedMain] INFO  com.project.Supplier.Application - No active profile set, falling back to 1 default profile: "default"
2022-09-16_11-37-14 [restartedMain] INFO  o.s.b.d.e.DevToolsPropertyDefaultsPostProcessor - Devtools property defaults active! Set 'spring.devtools.add-properties' to 'false' to disable
2022-09-16_11-37-14 [restartedMain] INFO  o.s.b.d.e.DevToolsPropertyDefaultsPostProcessor - For additional web related logging consider setting the 'logging.level.web' property to 'DEBUG'
2022-09-16_11-37-14 [restartedMain] INFO  o.s.d.r.c.RepositoryConfigurationDelegate - Bootstrapping Spring Data JPA repositories in DEFAULT mode.
2022-09-16_11-37-14 [restartedMain] INFO  o.s.d.r.c.RepositoryConfigurationDelegate - Finished Spring Data repository scanning in 49 ms. Found 2 JPA repository interfaces.
2022-09-16_11-37-14 [restartedMain] INFO  o.s.cloud.context.scope.GenericScope - BeanFactory id=2084a472-4de7-35bd-a2fb-6541df752803
2022-09-16_11-37-14 [restartedMain] INFO  o.s.b.w.e.tomcat.TomcatWebServer - Tomcat initialized with port(s): 8083 (http)
2022-09-16_11-37-14 [restartedMain] INFO  o.a.coyote.http11.Http11NioProtocol - Initializing ProtocolHandler ["http-nio-8083"]
2022-09-16_11-37-14 [restartedMain] INFO  o.a.catalina.core.StandardService - Starting service [Tomcat]
2022-09-16_11-37-14 [restartedMain] INFO  o.a.catalina.core.StandardEngine - Starting Servlet engine: [Apache Tomcat/9.0.65]
2022-09-16_11-37-14 [restartedMain] INFO  o.a.c.c.C.[.[.[/supplierapp] - Initializing Spring embedded WebApplicationContext
2022-09-16_11-37-14 [restartedMain] INFO  o.s.b.w.s.c.ServletWebServerApplicationContext - Root WebApplicationContext: initialization completed in 1989 ms
2022-09-16_11-37-14 [restartedMain] INFO  com.zaxxer.hikari.HikariDataSource - HikariPool-1 - Starting...
2022-09-16_11-37-14 [restartedMain] INFO  com.zaxxer.hikari.HikariDataSource - HikariPool-1 - Start completed.
2022-09-16_11-37-14 [restartedMain] INFO  o.s.b.a.h.H2ConsoleAutoConfiguration - H2 console available at '/h2-console'. Database available at 'jdbc:h2:mem:testdb'
2022-09-16_11-37-14 [restartedMain] INFO  o.h.jpa.internal.util.LogHelper - HHH000204: Processing PersistenceUnitInfo [name: default]
2022-09-16_11-37-14 [restartedMain] INFO  org.hibernate.Version - HHH000412: Hibernate ORM core version 5.6.10.Final
2022-09-16_11-37-14 [restartedMain] INFO  o.h.annotations.common.Version - HCANN000001: Hibernate Commons Annotations {5.1.2.Final}
2022-09-16_11-37-14 [restartedMain] INFO  org.hibernate.dialect.Dialect - HHH000400: Using dialect: org.hibernate.dialect.H2Dialect
2022-09-16_11-37-14 [restartedMain] INFO  o.h.e.t.j.p.i.JtaPlatformInitiator - HHH000490: Using JtaPlatform implementation: [org.hibernate.engine.transaction.jta.platform.internal.NoJtaPlatform]
2022-09-16_11-37-14 [restartedMain] INFO  o.s.o.j.LocalContainerEntityManagerFactoryBean - Initialized JPA EntityManagerFactory for persistence unit 'default'
2022-09-16_11-37-14 [restartedMain] INFO  o.a.coyote.http11.Http11NioProtocol - Starting ProtocolHandler ["http-nio-8083"]
2022-09-16_11-37-14 [restartedMain] INFO  o.s.b.w.e.tomcat.TomcatWebServer - Tomcat started on port(s): 8083 (http) with context path '/supplierapp'
2022-09-16_11-37-14 [restartedMain] INFO  com.project.Supplier.Application - Started Application in 5.173 seconds (JVM running for 5.719)
2022-09-16_11-37-14 [http-nio-8083-exec-1] INFO  o.a.c.c.C.[.[.[/supplierapp] - Initializing Spring DispatcherServlet 'dispatcherServlet'
2022-09-16_11-37-14 [http-nio-8083-exec-1] INFO  o.s.web.servlet.DispatcherServlet - Initializing Servlet 'dispatcherServlet'
2022-09-16_11-37-14 [http-nio-8083-exec-1] INFO  o.s.web.servlet.DispatcherServlet - Completed initialization in 0 ms
2022-09-16_11-37-14 [http-nio-8083-exec-4] INFO  c.p.S.controller.SupplierController - Inside addSupplier of SupplierController
2022-09-16_11-37-14 [http-nio-8083-exec-4] INFO  c.p.Supplier.service.SupplierService - Inside FindSupplierByPartId of Supplier Service
2022-09-16_11-37-14 [http-nio-8083-exec-4] INFO  c.p.Supplier.service.SupplierService - [Supplier Part details:]
2022-09-16_11-37-14 [http-nio-8083-exec-3] INFO  c.p.S.controller.SupplierController - Inside addSupplier of SupplierController
2022-09-16_11-37-14 [http-nio-8083-exec-3] INFO  c.p.Supplier.service.SupplierService - Inside FindSupplierByPartId of Supplier Service
2022-09-16_11-37-14 [http-nio-8083-exec-3] INFO  c.p.Supplier.service.SupplierService - [Supplier Part details:]
2022-09-16_11-37-14 [http-nio-8083-exec-6] INFO  c.p.S.controller.SupplierController - Inside getSupplier of SupplierController
2022-09-16_11-37-14 [http-nio-8083-exec-6] INFO  c.p.Supplier.service.SupplierService - getSupplier of Supplier Service
2022-09-16_11-37-14 [http-nio-8083-exec-6] INFO  c.p.Supplier.service.SupplierService - [Supplier details:]
2022-09-16_11-37-14 [http-nio-8083-exec-7] INFO  c.p.S.controller.SupplierController - Inside getSupplier of SupplierController
2022-09-16_11-37-14 [http-nio-8083-exec-7] INFO  c.p.Supplier.service.SupplierService - getSupplier of Supplier Service
2022-09-16_11-37-14 [http-nio-8083-exec-7] INFO  c.p.Supplier.service.SupplierService - [Supplier details:]
2022-09-16_11-56-53 [main] INFO  o.s.b.t.c.SpringBootTestContextBootstrapper - Neither @ContextConfiguration nor @ContextHierarchy found for test class [com.project.activity.ApplicationTests], using SpringBootContextLoader
2022-09-16_11-56-53 [main] INFO  o.s.t.c.s.AbstractContextLoader - Could not detect default resource locations for test class [com.project.activity.ApplicationTests]: no resource found for suffixes {-context.xml, Context.groovy}.
2022-09-16_11-56-53 [main] INFO  o.s.t.c.s.AnnotationConfigContextLoaderUtils - Could not detect default configuration classes for test class [com.project.activity.ApplicationTests]: ApplicationTests does not declare any static, non-private, non-final, nested classes annotated with @Configuration.
2022-09-16_11-56-53 [main] INFO  o.s.b.t.c.SpringBootTestContextBootstrapper - Neither @ContextConfiguration nor @ContextHierarchy found for test class [com.project.Supplier.service.SupplierServiceTest], using SpringBootContextLoader
2022-09-16_11-56-53 [main] INFO  o.s.t.c.s.AbstractContextLoader - Could not detect default resource locations for test class [com.project.Supplier.service.SupplierServiceTest]: no resource found for suffixes {-context.xml, Context.groovy}.
2022-09-16_11-56-53 [main] INFO  o.s.t.c.s.AnnotationConfigContextLoaderUtils - Could not detect default configuration classes for test class [com.project.Supplier.service.SupplierServiceTest]: SupplierServiceTest does not declare any static, non-private, non-final, nested classes annotated with @Configuration.
2022-09-16_11-56-53 [main] INFO  o.s.b.t.c.SpringBootTestContextBootstrapper - Found @SpringBootConfiguration com.project.Supplier.Application for test class com.project.Supplier.service.SupplierServiceTest
2022-09-16_11-56-53 [main] INFO  o.s.b.t.c.SpringBootTestContextBootstrapper - Loaded default TestExecutionListener class names from location [META-INF/spring.factories]: [org.springframework.boot.test.mock.mockito.MockitoTestExecutionListener, org.springframework.boot.test.mock.mockito.ResetMocksTestExecutionListener, org.springframework.boot.test.autoconfigure.restdocs.RestDocsTestExecutionListener, org.springframework.boot.test.autoconfigure.web.client.MockRestServiceServerResetTestExecutionListener, org.springframework.boot.test.autoconfigure.web.servlet.MockMvcPrintOnlyOnFailureTestExecutionListener, org.springframework.boot.test.autoconfigure.web.servlet.WebDriverTestExecutionListener, org.springframework.boot.test.autoconfigure.webservices.client.MockWebServiceServerTestExecutionListener, org.springframework.test.context.web.ServletTestExecutionListener, org.springframework.test.context.support.DirtiesContextBeforeModesTestExecutionListener, org.springframework.test.context.event.ApplicationEventsTestExecutionListener, org.springframework.test.context.support.DependencyInjectionTestExecutionListener, org.springframework.test.context.support.DirtiesContextTestExecutionListener, org.springframework.test.context.transaction.TransactionalTestExecutionListener, org.springframework.test.context.jdbc.SqlScriptsTestExecutionListener, org.springframework.test.context.event.EventPublishingTestExecutionListener]
2022-09-16_11-56-53 [main] INFO  o.s.b.t.c.SpringBootTestContextBootstrapper - Using TestExecutionListeners: [org.springframework.test.context.web.ServletTestExecutionListener@1756f7cc, org.springframework.test.context.support.DirtiesContextBeforeModesTestExecutionListener@3138953b, org.springframework.test.context.event.ApplicationEventsTestExecutionListener@27df95e, org.springframework.boot.test.mock.mockito.MockitoTestExecutionListener@b46e103, org.springframework.boot.test.autoconfigure.SpringBootDependencyInjectionTestExecutionListener@2b0e9f30, org.springframework.test.context.support.DirtiesContextTestExecutionListener@5eea5627, org.springframework.test.context.transaction.TransactionalTestExecutionListener@3330f3ad, org.springframework.test.context.jdbc.SqlScriptsTestExecutionListener@f425231, org.springframework.test.context.event.EventPublishingTestExecutionListener@506aabf6, org.springframework.boot.test.mock.mockito.ResetMocksTestExecutionListener@5cbd94b2, org.springframework.boot.test.autoconfigure.restdocs.RestDocsTestExecutionListener@6824b913, org.springframework.boot.test.autoconfigure.web.client.MockRestServiceServerResetTestExecutionListener@756aadfc, org.springframework.boot.test.autoconfigure.web.servlet.MockMvcPrintOnlyOnFailureTestExecutionListener@705a8dbc, org.springframework.boot.test.autoconfigure.web.servlet.WebDriverTestExecutionListener@40729f01, org.springframework.boot.test.autoconfigure.webservices.client.MockWebServiceServerTestExecutionListener@d535a3d]
2022-09-16_11-56-54 [main] INFO  c.p.S.service.SupplierServiceTest - Starting SupplierServiceTest using Java 18.0.1.1 on DESKTOP-VT00VGQ with PID 8752 (started by HP in C:\Users\HP\OneDrive\Documents\.cognizant\MFPE\testing mfpe\Supplier)
2022-09-16_11-56-54 [main] INFO  c.p.S.service.SupplierServiceTest - No active profile set, falling back to 1 default profile: "default"
2022-09-16_11-56-54 [main] INFO  o.s.d.r.c.RepositoryConfigurationDelegate - Bootstrapping Spring Data JPA repositories in DEFAULT mode.
2022-09-16_11-56-54 [main] INFO  o.s.d.r.c.RepositoryConfigurationDelegate - Finished Spring Data repository scanning in 50 ms. Found 2 JPA repository interfaces.
2022-09-16_11-56-54 [main] INFO  o.s.cloud.context.scope.GenericScope - BeanFactory id=4d5aedde-c215-3611-b701-dd0badcab82f
2022-09-16_11-56-54 [main] INFO  com.zaxxer.hikari.HikariDataSource - HikariPool-1 - Starting...
2022-09-16_11-56-54 [main] INFO  com.zaxxer.hikari.HikariDataSource - HikariPool-1 - Start completed.
2022-09-16_11-56-54 [main] INFO  o.h.jpa.internal.util.LogHelper - HHH000204: Processing PersistenceUnitInfo [name: default]
2022-09-16_11-56-54 [main] INFO  org.hibernate.Version - HHH000412: Hibernate ORM core version 5.6.10.Final
2022-09-16_11-56-54 [main] INFO  o.h.annotations.common.Version - HCANN000001: Hibernate Commons Annotations {5.1.2.Final}
2022-09-16_11-56-54 [main] INFO  org.hibernate.dialect.Dialect - HHH000400: Using dialect: org.hibernate.dialect.H2Dialect
2022-09-16_11-56-54 [main] INFO  o.h.e.t.j.p.i.JtaPlatformInitiator - HHH000490: Using JtaPlatform implementation: [org.hibernate.engine.transaction.jta.platform.internal.NoJtaPlatform]
2022-09-16_11-56-54 [main] INFO  o.s.o.j.LocalContainerEntityManagerFactoryBean - Initialized JPA EntityManagerFactory for persistence unit 'default'
2022-09-16_11-56-54 [main] INFO  o.s.b.a.h.H2ConsoleAutoConfiguration - H2 console available at '/h2-console'. Database available at 'jdbc:h2:mem:testdb'
2022-09-16_11-56-54 [main] INFO  o.s.b.t.m.w.SpringBootMockServletContext - Initializing Spring TestDispatcherServlet ''
2022-09-16_11-56-54 [main] INFO  o.s.t.w.s.TestDispatcherServlet - Initializing Servlet ''
2022-09-16_11-56-54 [main] INFO  o.s.t.w.s.TestDispatcherServlet - Completed initialization in 3 ms
2022-09-16_11-56-54 [main] INFO  c.p.S.service.SupplierServiceTest - Started SupplierServiceTest in 7.509 seconds (JVM running for 9.639)
2022-09-16_11-56-54 [main] INFO  c.p.Supplier.service.SupplierService - Inside FindSupplierByPartId of SupplierServive
2022-09-16_11-56-54 [main] INFO  c.p.Supplier.service.SupplierService - [Supplier details:]
2022-09-16_11-56-54 [main] INFO  c.p.Supplier.service.SupplierService - Inside FindSupplierByPartId of SupplierServive
2022-09-16_11-56-54 [main] INFO  c.p.Supplier.service.SupplierService - [Supplier details:]
2022-09-16_11-56-54 [main] INFO  c.p.Supplier.service.SupplierService - Inside updateFeedback of Supplier Service
2022-09-16_11-56-54 [main] INFO  c.p.Supplier.service.SupplierService - Inside updateFeedback of Supplier Service
2022-09-16_11-56-54 [main] INFO  c.p.Supplier.service.SupplierService - getSupplier of Supplier Service
2022-09-16_11-56-54 [main] INFO  c.p.Supplier.service.SupplierService - [Supplier details:]
2022-09-16_11-56-54 [main] INFO  c.p.Supplier.service.SupplierService - Inside FindSupplierByPartId of Supplier Service
2022-09-16_11-56-54 [main] INFO  c.p.Supplier.service.SupplierService - [Supplier Part details:]
2022-09-16_11-56-54 [main] INFO  c.p.Supplier.service.SupplierService - getSupplier of Supplier Service
2022-09-16_11-56-54 [main] INFO  c.p.Supplier.service.SupplierService - [Supplier details:]
2022-09-16_11-56-54 [main] INFO  o.s.t.c.s.DefaultTestContextBootstrapper - Loaded default TestExecutionListener class names from location [META-INF/spring.factories]: [org.springframework.boot.test.mock.mockito.MockitoTestExecutionListener, org.springframework.boot.test.mock.mockito.ResetMocksTestExecutionListener, org.springframework.boot.test.autoconfigure.restdocs.RestDocsTestExecutionListener, org.springframework.boot.test.autoconfigure.web.client.MockRestServiceServerResetTestExecutionListener, org.springframework.boot.test.autoconfigure.web.servlet.MockMvcPrintOnlyOnFailureTestExecutionListener, org.springframework.boot.test.autoconfigure.web.servlet.WebDriverTestExecutionListener, org.springframework.boot.test.autoconfigure.webservices.client.MockWebServiceServerTestExecutionListener, org.springframework.test.context.web.ServletTestExecutionListener, org.springframework.test.context.support.DirtiesContextBeforeModesTestExecutionListener, org.springframework.test.context.event.ApplicationEventsTestExecutionListener, org.springframework.test.context.support.DependencyInjectionTestExecutionListener, org.springframework.test.context.support.DirtiesContextTestExecutionListener, org.springframework.test.context.transaction.TransactionalTestExecutionListener, org.springframework.test.context.jdbc.SqlScriptsTestExecutionListener, org.springframework.test.context.event.EventPublishingTestExecutionListener]
2022-09-16_11-56-54 [main] INFO  o.s.t.c.s.DefaultTestContextBootstrapper - Using TestExecutionListeners: [org.springframework.test.context.web.ServletTestExecutionListener@3de9d4ab, org.springframework.test.context.support.DirtiesContextBeforeModesTestExecutionListener@3f1e1a83, org.springframework.test.context.event.ApplicationEventsTestExecutionListener@5e4a40d8, org.springframework.boot.test.mock.mockito.MockitoTestExecutionListener@3d927175, org.springframework.test.context.support.DependencyInjectionTestExecutionListener@4e2da6e0, org.springframework.test.context.support.DirtiesContextTestExecutionListener@1a867a4, org.springframework.test.context.transaction.TransactionalTestExecutionListener@de8abc9, org.springframework.test.context.jdbc.SqlScriptsTestExecutionListener@23df6ad8, org.springframework.test.context.event.EventPublishingTestExecutionListener@e6d2e5, org.springframework.boot.test.mock.mockito.ResetMocksTestExecutionListener@4231001a, org.springframework.boot.test.autoconfigure.restdocs.RestDocsTestExecutionListener@acf5d76, org.springframework.boot.test.autoconfigure.web.client.MockRestServiceServerResetTestExecutionListener@529e7f5d, org.springframework.boot.test.autoconfigure.web.servlet.MockMvcPrintOnlyOnFailureTestExecutionListener@64d9ee11, org.springframework.boot.test.autoconfigure.web.servlet.WebDriverTestExecutionListener@2e221340, org.springframework.boot.test.autoconfigure.webservices.client.MockWebServiceServerTestExecutionListener@5e76df1f]
2022-09-16_11-56-54 [main] INFO  o.s.mock.web.MockServletContext - Initializing Spring TestDispatcherServlet ''
2022-09-16_11-56-54 [main] INFO  o.s.t.w.s.TestDispatcherServlet - Initializing Servlet ''
2022-09-16_11-56-54 [main] INFO  o.s.t.w.s.TestDispatcherServlet - Completed initialization in 0 ms
2022-09-16_11-56-54 [main] INFO  c.p.S.controller.SupplierController - Inside viewSupplierOfpart of SupplierController
2022-09-16_11-56-54 [main] INFO  o.s.mock.web.MockServletContext - Initializing Spring TestDispatcherServlet ''
2022-09-16_11-56-54 [main] INFO  o.s.t.w.s.TestDispatcherServlet - Initializing Servlet ''
2022-09-16_11-56-54 [main] INFO  o.s.t.w.s.TestDispatcherServlet - Completed initialization in 0 ms
2022-09-16_11-56-54 [main] INFO  c.p.S.controller.SupplierController - Inside updateFeedback of SupplierController
2022-09-16_11-56-54 [main] INFO  o.s.mock.web.MockServletContext - Initializing Spring TestDispatcherServlet ''
2022-09-16_11-56-54 [main] INFO  o.s.t.w.s.TestDispatcherServlet - Initializing Servlet ''
2022-09-16_11-56-54 [main] INFO  o.s.t.w.s.TestDispatcherServlet - Completed initialization in 1 ms
2022-09-16_11-56-54 [main] INFO  c.p.S.controller.SupplierController - Inside addSupplier of SupplierController
2022-09-16_11-56-54 [main] INFO  o.s.mock.web.MockServletContext - Initializing Spring TestDispatcherServlet ''
2022-09-16_11-56-54 [main] INFO  o.s.t.w.s.TestDispatcherServlet - Initializing Servlet ''
2022-09-16_11-56-54 [main] INFO  o.s.t.w.s.TestDispatcherServlet - Completed initialization in 1 ms
2022-09-16_11-56-54 [main] INFO  c.p.S.controller.SupplierController - Inside getSupplier of SupplierController
2022-09-16_11-56-54 [main] INFO  o.s.mock.web.MockServletContext - Initializing Spring TestDispatcherServlet ''
2022-09-16_11-56-54 [main] INFO  o.s.t.w.s.TestDispatcherServlet - Initializing Servlet ''
2022-09-16_11-56-54 [main] INFO  o.s.t.w.s.TestDispatcherServlet - Completed initialization in 0 ms
2022-09-16_11-56-54 [main] INFO  c.p.S.controller.SupplierController - Inside getSupplier of SupplierController
2022-09-16_11-56-54 [main] INFO  o.s.mock.web.MockServletContext - Initializing Spring TestDispatcherServlet ''
2022-09-16_11-56-54 [main] INFO  o.s.t.w.s.TestDispatcherServlet - Initializing Servlet ''
2022-09-16_11-56-54 [main] INFO  o.s.t.w.s.TestDispatcherServlet - Completed initialization in 0 ms
2022-09-16_11-56-54 [main] INFO  c.p.S.controller.SupplierController - Inside editSupplier of SupplierController
2022-09-16_11-56-54 [SpringApplicationShutdownHook] INFO  o.s.o.j.LocalContainerEntityManagerFactoryBean - Closing JPA EntityManagerFactory for persistence unit 'default'
2022-09-16_11-56-54 [SpringApplicationShutdownHook] INFO  o.h.t.s.i.SchemaDropperImpl$DelayedDropActionImpl - HHH000477: Starting delayed evictData of schema as part of SessionFactory shut-down'
2022-09-16_11-56-54 [SpringApplicationShutdownHook] INFO  com.zaxxer.hikari.HikariDataSource - HikariPool-1 - Shutdown initiated...
2022-09-16_11-56-54 [SpringApplicationShutdownHook] INFO  com.zaxxer.hikari.HikariDataSource - HikariPool-1 - Shutdown completed.
2022-09-16_12-33-20 [main] INFO  o.s.b.t.c.SpringBootTestContextBootstrapper - Neither @ContextConfiguration nor @ContextHierarchy found for test class [com.project.activity.ApplicationTests], using SpringBootContextLoader
2022-09-16_12-33-20 [main] INFO  o.s.t.c.s.AbstractContextLoader - Could not detect default resource locations for test class [com.project.activity.ApplicationTests]: no resource found for suffixes {-context.xml, Context.groovy}.
2022-09-16_12-33-20 [main] INFO  o.s.t.c.s.AnnotationConfigContextLoaderUtils - Could not detect default configuration classes for test class [com.project.activity.ApplicationTests]: ApplicationTests does not declare any static, non-private, non-final, nested classes annotated with @Configuration.
2022-09-16_12-33-20 [main] INFO  o.s.b.t.c.SpringBootTestContextBootstrapper - Neither @ContextConfiguration nor @ContextHierarchy found for test class [com.project.Supplier.service.SupplierServiceTest], using SpringBootContextLoader
2022-09-16_12-33-20 [main] INFO  o.s.t.c.s.AbstractContextLoader - Could not detect default resource locations for test class [com.project.Supplier.service.SupplierServiceTest]: no resource found for suffixes {-context.xml, Context.groovy}.
2022-09-16_12-33-20 [main] INFO  o.s.t.c.s.AnnotationConfigContextLoaderUtils - Could not detect default configuration classes for test class [com.project.Supplier.service.SupplierServiceTest]: SupplierServiceTest does not declare any static, non-private, non-final, nested classes annotated with @Configuration.
2022-09-16_12-33-20 [main] INFO  o.s.b.t.c.SpringBootTestContextBootstrapper - Found @SpringBootConfiguration com.project.Supplier.Application for test class com.project.Supplier.service.SupplierServiceTest
2022-09-16_12-33-20 [main] INFO  o.s.b.t.c.SpringBootTestContextBootstrapper - Loaded default TestExecutionListener class names from location [META-INF/spring.factories]: [org.springframework.boot.test.mock.mockito.MockitoTestExecutionListener, org.springframework.boot.test.mock.mockito.ResetMocksTestExecutionListener, org.springframework.boot.test.autoconfigure.restdocs.RestDocsTestExecutionListener, org.springframework.boot.test.autoconfigure.web.client.MockRestServiceServerResetTestExecutionListener, org.springframework.boot.test.autoconfigure.web.servlet.MockMvcPrintOnlyOnFailureTestExecutionListener, org.springframework.boot.test.autoconfigure.web.servlet.WebDriverTestExecutionListener, org.springframework.boot.test.autoconfigure.webservices.client.MockWebServiceServerTestExecutionListener, org.springframework.test.context.web.ServletTestExecutionListener, org.springframework.test.context.support.DirtiesContextBeforeModesTestExecutionListener, org.springframework.test.context.event.ApplicationEventsTestExecutionListener, org.springframework.test.context.support.DependencyInjectionTestExecutionListener, org.springframework.test.context.support.DirtiesContextTestExecutionListener, org.springframework.test.context.transaction.TransactionalTestExecutionListener, org.springframework.test.context.jdbc.SqlScriptsTestExecutionListener, org.springframework.test.context.event.EventPublishingTestExecutionListener]
2022-09-16_12-33-20 [main] INFO  o.s.b.t.c.SpringBootTestContextBootstrapper - Using TestExecutionListeners: [org.springframework.test.context.web.ServletTestExecutionListener@1756f7cc, org.springframework.test.context.support.DirtiesContextBeforeModesTestExecutionListener@3138953b, org.springframework.test.context.event.ApplicationEventsTestExecutionListener@27df95e, org.springframework.boot.test.mock.mockito.MockitoTestExecutionListener@b46e103, org.springframework.boot.test.autoconfigure.SpringBootDependencyInjectionTestExecutionListener@2b0e9f30, org.springframework.test.context.support.DirtiesContextTestExecutionListener@5eea5627, org.springframework.test.context.transaction.TransactionalTestExecutionListener@3330f3ad, org.springframework.test.context.jdbc.SqlScriptsTestExecutionListener@f425231, org.springframework.test.context.event.EventPublishingTestExecutionListener@506aabf6, org.springframework.boot.test.mock.mockito.ResetMocksTestExecutionListener@5cbd94b2, org.springframework.boot.test.autoconfigure.restdocs.RestDocsTestExecutionListener@6824b913, org.springframework.boot.test.autoconfigure.web.client.MockRestServiceServerResetTestExecutionListener@756aadfc, org.springframework.boot.test.autoconfigure.web.servlet.MockMvcPrintOnlyOnFailureTestExecutionListener@705a8dbc, org.springframework.boot.test.autoconfigure.web.servlet.WebDriverTestExecutionListener@40729f01, org.springframework.boot.test.autoconfigure.webservices.client.MockWebServiceServerTestExecutionListener@d535a3d]
2022-09-16_12-33-22 [main] INFO  c.p.S.service.SupplierServiceTest - Starting SupplierServiceTest using Java 18.0.1.1 on DESKTOP-VT00VGQ with PID 9432 (started by HP in C:\Users\HP\OneDrive\Documents\.cognizant\MFPE\testing mfpe\Supplier)
2022-09-16_12-33-22 [main] INFO  c.p.S.service.SupplierServiceTest - No active profile set, falling back to 1 default profile: "default"
2022-09-16_12-33-22 [main] INFO  o.s.d.r.c.RepositoryConfigurationDelegate - Bootstrapping Spring Data JPA repositories in DEFAULT mode.
2022-09-16_12-33-22 [main] INFO  o.s.d.r.c.RepositoryConfigurationDelegate - Finished Spring Data repository scanning in 64 ms. Found 2 JPA repository interfaces.
2022-09-16_12-33-22 [main] INFO  o.s.cloud.context.scope.GenericScope - BeanFactory id=4d5aedde-c215-3611-b701-dd0badcab82f
2022-09-16_12-33-22 [main] INFO  com.zaxxer.hikari.HikariDataSource - HikariPool-1 - Starting...
2022-09-16_12-33-22 [main] INFO  com.zaxxer.hikari.HikariDataSource - HikariPool-1 - Start completed.
2022-09-16_12-33-22 [main] INFO  o.h.jpa.internal.util.LogHelper - HHH000204: Processing PersistenceUnitInfo [name: default]
2022-09-16_12-33-22 [main] INFO  org.hibernate.Version - HHH000412: Hibernate ORM core version 5.6.10.Final
2022-09-16_12-33-22 [main] INFO  o.h.annotations.common.Version - HCANN000001: Hibernate Commons Annotations {5.1.2.Final}
2022-09-16_12-33-22 [main] INFO  org.hibernate.dialect.Dialect - HHH000400: Using dialect: org.hibernate.dialect.H2Dialect
2022-09-16_12-33-22 [main] INFO  o.h.e.t.j.p.i.JtaPlatformInitiator - HHH000490: Using JtaPlatform implementation: [org.hibernate.engine.transaction.jta.platform.internal.NoJtaPlatform]
2022-09-16_12-33-22 [main] INFO  o.s.o.j.LocalContainerEntityManagerFactoryBean - Initialized JPA EntityManagerFactory for persistence unit 'default'
2022-09-16_12-33-22 [main] INFO  o.s.b.a.h.H2ConsoleAutoConfiguration - H2 console available at '/h2-console'. Database available at 'jdbc:h2:mem:testdb'
2022-09-16_12-33-22 [main] INFO  o.s.b.t.m.w.SpringBootMockServletContext - Initializing Spring TestDispatcherServlet ''
2022-09-16_12-33-22 [main] INFO  o.s.t.w.s.TestDispatcherServlet - Initializing Servlet ''
2022-09-16_12-33-22 [main] INFO  o.s.t.w.s.TestDispatcherServlet - Completed initialization in 2 ms
2022-09-16_12-33-22 [main] INFO  c.p.S.service.SupplierServiceTest - Started SupplierServiceTest in 8.174 seconds (JVM running for 10.425)
2022-09-16_12-33-22 [main] INFO  c.p.Supplier.service.SupplierService - Inside FindSupplierByPartId of SupplierServive
2022-09-16_12-33-22 [main] INFO  c.p.Supplier.service.SupplierService - [Supplier details:]
2022-09-16_12-33-22 [main] INFO  c.p.Supplier.service.SupplierService - Inside FindSupplierByPartId of SupplierServive
2022-09-16_12-33-22 [main] INFO  c.p.Supplier.service.SupplierService - [Supplier details:]
2022-09-16_12-33-22 [main] INFO  c.p.Supplier.service.SupplierService - Inside updateFeedback of Supplier Service
2022-09-16_12-33-22 [main] INFO  c.p.Supplier.service.SupplierService - Inside updateFeedback of Supplier Service
2022-09-16_12-33-22 [main] INFO  c.p.Supplier.service.SupplierService - getSupplier of Supplier Service
2022-09-16_12-33-22 [main] INFO  c.p.Supplier.service.SupplierService - [Supplier details:]
2022-09-16_12-33-22 [main] INFO  c.p.Supplier.service.SupplierService - Inside FindSupplierByPartId of Supplier Service
2022-09-16_12-33-22 [main] INFO  c.p.Supplier.service.SupplierService - [Supplier Part details:]
2022-09-16_12-33-22 [main] INFO  c.p.Supplier.service.SupplierService - getSupplier of Supplier Service
2022-09-16_12-33-22 [main] INFO  c.p.Supplier.service.SupplierService - [Supplier details:]
2022-09-16_12-33-22 [main] INFO  o.s.t.c.s.DefaultTestContextBootstrapper - Loaded default TestExecutionListener class names from location [META-INF/spring.factories]: [org.springframework.boot.test.mock.mockito.MockitoTestExecutionListener, org.springframework.boot.test.mock.mockito.ResetMocksTestExecutionListener, org.springframework.boot.test.autoconfigure.restdocs.RestDocsTestExecutionListener, org.springframework.boot.test.autoconfigure.web.client.MockRestServiceServerResetTestExecutionListener, org.springframework.boot.test.autoconfigure.web.servlet.MockMvcPrintOnlyOnFailureTestExecutionListener, org.springframework.boot.test.autoconfigure.web.servlet.WebDriverTestExecutionListener, org.springframework.boot.test.autoconfigure.webservices.client.MockWebServiceServerTestExecutionListener, org.springframework.test.context.web.ServletTestExecutionListener, org.springframework.test.context.support.DirtiesContextBeforeModesTestExecutionListener, org.springframework.test.context.event.ApplicationEventsTestExecutionListener, org.springframework.test.context.support.DependencyInjectionTestExecutionListener, org.springframework.test.context.support.DirtiesContextTestExecutionListener, org.springframework.test.context.transaction.TransactionalTestExecutionListener, org.springframework.test.context.jdbc.SqlScriptsTestExecutionListener, org.springframework.test.context.event.EventPublishingTestExecutionListener]
2022-09-16_12-33-22 [main] INFO  o.s.t.c.s.DefaultTestContextBootstrapper - Using TestExecutionListeners: [org.springframework.test.context.web.ServletTestExecutionListener@1a867a4, org.springframework.test.context.support.DirtiesContextBeforeModesTestExecutionListener@de8abc9, org.springframework.test.context.event.ApplicationEventsTestExecutionListener@23df6ad8, org.springframework.boot.test.mock.mockito.MockitoTestExecutionListener@e6d2e5, org.springframework.test.context.support.DependencyInjectionTestExecutionListener@4231001a, org.springframework.test.context.support.DirtiesContextTestExecutionListener@acf5d76, org.springframework.test.context.transaction.TransactionalTestExecutionListener@529e7f5d, org.springframework.test.context.jdbc.SqlScriptsTestExecutionListener@64d9ee11, org.springframework.test.context.event.EventPublishingTestExecutionListener@2e221340, org.springframework.boot.test.mock.mockito.ResetMocksTestExecutionListener@5e76df1f, org.springframework.boot.test.autoconfigure.restdocs.RestDocsTestExecutionListener@7f33271b, org.springframework.boot.test.autoconfigure.web.client.MockRestServiceServerResetTestExecutionListener@54b1e78a, org.springframework.boot.test.autoconfigure.web.servlet.MockMvcPrintOnlyOnFailureTestExecutionListener@6a37464f, org.springframework.boot.test.autoconfigure.web.servlet.WebDriverTestExecutionListener@251e231, org.springframework.boot.test.autoconfigure.webservices.client.MockWebServiceServerTestExecutionListener@64bc069f]
2022-09-16_12-33-22 [main] INFO  o.s.mock.web.MockServletContext - Initializing Spring TestDispatcherServlet ''
2022-09-16_12-33-22 [main] INFO  o.s.t.w.s.TestDispatcherServlet - Initializing Servlet ''
2022-09-16_12-33-22 [main] INFO  o.s.t.w.s.TestDispatcherServlet - Completed initialization in 0 ms
2022-09-16_12-33-22 [main] INFO  c.p.S.controller.SupplierController - Inside viewSupplierOfpart of SupplierController
2022-09-16_12-33-22 [main] INFO  o.s.mock.web.MockServletContext - Initializing Spring TestDispatcherServlet ''
2022-09-16_12-33-22 [main] INFO  o.s.t.w.s.TestDispatcherServlet - Initializing Servlet ''
2022-09-16_12-33-22 [main] INFO  o.s.t.w.s.TestDispatcherServlet - Completed initialization in 0 ms
2022-09-16_12-33-22 [main] INFO  c.p.S.controller.SupplierController - Inside updateFeedback of SupplierController
2022-09-16_12-33-22 [main] INFO  o.s.mock.web.MockServletContext - Initializing Spring TestDispatcherServlet ''
2022-09-16_12-33-22 [main] INFO  o.s.t.w.s.TestDispatcherServlet - Initializing Servlet ''
2022-09-16_12-33-22 [main] INFO  o.s.t.w.s.TestDispatcherServlet - Completed initialization in 0 ms
2022-09-16_12-33-22 [main] INFO  c.p.S.controller.SupplierController - Inside addSupplier of SupplierController
2022-09-16_12-33-22 [main] INFO  o.s.mock.web.MockServletContext - Initializing Spring TestDispatcherServlet ''
2022-09-16_12-33-22 [main] INFO  o.s.t.w.s.TestDispatcherServlet - Initializing Servlet ''
2022-09-16_12-33-22 [main] INFO  o.s.t.w.s.TestDispatcherServlet - Completed initialization in 1 ms
2022-09-16_12-33-22 [main] INFO  c.p.S.controller.SupplierController - Inside getSupplier of SupplierController
2022-09-16_12-33-22 [main] INFO  o.s.mock.web.MockServletContext - Initializing Spring TestDispatcherServlet ''
2022-09-16_12-33-22 [main] INFO  o.s.t.w.s.TestDispatcherServlet - Initializing Servlet ''
2022-09-16_12-33-22 [main] INFO  o.s.t.w.s.TestDispatcherServlet - Completed initialization in 0 ms
2022-09-16_12-33-22 [main] INFO  c.p.S.controller.SupplierController - Inside getSupplier of SupplierController
2022-09-16_12-33-22 [main] INFO  o.s.mock.web.MockServletContext - Initializing Spring TestDispatcherServlet ''
2022-09-16_12-33-22 [main] INFO  o.s.t.w.s.TestDispatcherServlet - Initializing Servlet ''
2022-09-16_12-33-22 [main] INFO  o.s.t.w.s.TestDispatcherServlet - Completed initialization in 0 ms
2022-09-16_12-33-22 [main] INFO  c.p.S.controller.SupplierController - Inside editSupplier of SupplierController
2022-09-16_12-33-22 [SpringApplicationShutdownHook] INFO  o.s.o.j.LocalContainerEntityManagerFactoryBean - Closing JPA EntityManagerFactory for persistence unit 'default'
2022-09-16_12-33-22 [SpringApplicationShutdownHook] INFO  o.h.t.s.i.SchemaDropperImpl$DelayedDropActionImpl - HHH000477: Starting delayed evictData of schema as part of SessionFactory shut-down'
2022-09-16_12-33-22 [SpringApplicationShutdownHook] INFO  com.zaxxer.hikari.HikariDataSource - HikariPool-1 - Shutdown initiated...
2022-09-16_12-33-22 [SpringApplicationShutdownHook] INFO  com.zaxxer.hikari.HikariDataSource - HikariPool-1 - Shutdown completed.
2022-09-16_11-37-14 [http-nio-8083-exec-4] INFO  c.p.S.controller.SupplierController - Inside addSupplier of SupplierController
2022-09-16_11-37-14 [http-nio-8083-exec-4] INFO  c.p.Supplier.service.SupplierService - Inside FindSupplierByPartId of Supplier Service
2022-09-16_11-37-14 [http-nio-8083-exec-4] INFO  c.p.Supplier.service.SupplierService - [Supplier Part details:]
2022-09-16_11-37-14 [http-nio-8083-exec-2] INFO  c.p.S.controller.SupplierController - Inside getSupplier of SupplierController
2022-09-16_11-37-14 [http-nio-8083-exec-2] INFO  c.p.Supplier.service.SupplierService - getSupplier of Supplier Service
2022-09-16_11-37-14 [http-nio-8083-exec-2] INFO  c.p.Supplier.service.SupplierService - [Supplier details:]
2022-09-16_21-11-21 [restartedMain] INFO  com.project.Supplier.Application - Starting Application using Java 18.0.1.1 on DESKTOP-VT00VGQ with PID 9584 (C:\Users\HP\OneDrive\Documents\.cognizant\MFPE\testing mfpe\Supplier\target\classes started by HP in C:\Users\HP\OneDrive\Documents\.cognizant\MFPE\testing mfpe\Supplier)
2022-09-16_21-11-21 [restartedMain] INFO  com.project.Supplier.Application - No active profile set, falling back to 1 default profile: "default"
2022-09-16_21-11-21 [restartedMain] INFO  o.s.b.d.e.DevToolsPropertyDefaultsPostProcessor - Devtools property defaults active! Set 'spring.devtools.add-properties' to 'false' to disable
2022-09-16_21-11-21 [restartedMain] INFO  o.s.b.d.e.DevToolsPropertyDefaultsPostProcessor - For additional web related logging consider setting the 'logging.level.web' property to 'DEBUG'
2022-09-16_21-11-21 [restartedMain] INFO  o.s.d.r.c.RepositoryConfigurationDelegate - Bootstrapping Spring Data JPA repositories in DEFAULT mode.
2022-09-16_21-11-21 [restartedMain] INFO  o.s.d.r.c.RepositoryConfigurationDelegate - Finished Spring Data repository scanning in 42 ms. Found 2 JPA repository interfaces.
2022-09-16_21-11-21 [restartedMain] INFO  o.s.cloud.context.scope.GenericScope - BeanFactory id=2084a472-4de7-35bd-a2fb-6541df752803
2022-09-16_21-11-21 [restartedMain] INFO  o.s.b.w.e.tomcat.TomcatWebServer - Tomcat initialized with port(s): 8083 (http)
2022-09-16_21-11-21 [restartedMain] INFO  o.a.coyote.http11.Http11NioProtocol - Initializing ProtocolHandler ["http-nio-8083"]
2022-09-16_21-11-21 [restartedMain] INFO  o.a.catalina.core.StandardService - Starting service [Tomcat]
2022-09-16_21-11-21 [restartedMain] INFO  o.a.catalina.core.StandardEngine - Starting Servlet engine: [Apache Tomcat/9.0.65]
2022-09-16_21-11-21 [restartedMain] INFO  o.a.c.c.C.[.[.[/supplierapp] - Initializing Spring embedded WebApplicationContext
2022-09-16_21-11-21 [restartedMain] INFO  o.s.b.w.s.c.ServletWebServerApplicationContext - Root WebApplicationContext: initialization completed in 2111 ms
2022-09-16_21-11-21 [restartedMain] INFO  com.zaxxer.hikari.HikariDataSource - HikariPool-1 - Starting...
2022-09-16_21-11-21 [restartedMain] INFO  com.zaxxer.hikari.HikariDataSource - HikariPool-1 - Start completed.
2022-09-16_21-11-21 [restartedMain] INFO  o.s.b.a.h.H2ConsoleAutoConfiguration - H2 console available at '/h2-console'. Database available at 'jdbc:h2:mem:testdb'
2022-09-16_21-11-21 [restartedMain] INFO  o.h.jpa.internal.util.LogHelper - HHH000204: Processing PersistenceUnitInfo [name: default]
2022-09-16_21-11-21 [restartedMain] INFO  org.hibernate.Version - HHH000412: Hibernate ORM core version 5.6.10.Final
2022-09-16_21-11-21 [restartedMain] INFO  o.h.annotations.common.Version - HCANN000001: Hibernate Commons Annotations {5.1.2.Final}
2022-09-16_21-11-21 [restartedMain] INFO  org.hibernate.dialect.Dialect - HHH000400: Using dialect: org.hibernate.dialect.H2Dialect
2022-09-16_21-11-21 [restartedMain] INFO  o.h.e.t.j.p.i.JtaPlatformInitiator - HHH000490: Using JtaPlatform implementation: [org.hibernate.engine.transaction.jta.platform.internal.NoJtaPlatform]
2022-09-16_21-11-21 [restartedMain] INFO  o.s.o.j.LocalContainerEntityManagerFactoryBean - Initialized JPA EntityManagerFactory for persistence unit 'default'
2022-09-16_21-11-21 [restartedMain] INFO  o.a.coyote.http11.Http11NioProtocol - Starting ProtocolHandler ["http-nio-8083"]
2022-09-16_21-11-21 [restartedMain] INFO  o.s.b.w.e.tomcat.TomcatWebServer - Tomcat started on port(s): 8083 (http) with context path '/supplierapp'
2022-09-16_21-11-21 [restartedMain] INFO  com.project.Supplier.Application - Started Application in 5.638 seconds (JVM running for 6.276)
