2022-09-18_15-09-05 [restartedMain] INFO  com.project.Supplier.Application - Starting Application using Java 18.0.1.1 on DESKTOP-VT00VGQ with PID 9064 (C:\Users\HP\OneDrive\Documents\.cognizant\MFPE\testing mfpe\Supplier\target\classes started by HP in C:\Users\HP\OneDrive\Documents\.cognizant\MFPE\testing mfpe\Supplier)
2022-09-18_15-09-05 [restartedMain] INFO  com.project.Supplier.Application - No active profile set, falling back to 1 default profile: "default"
2022-09-18_15-09-05 [restartedMain] INFO  o.s.b.d.e.DevToolsPropertyDefaultsPostProcessor - Devtools property defaults active! Set 'spring.devtools.add-properties' to 'false' to disable
2022-09-18_15-09-05 [restartedMain] INFO  o.s.b.d.e.DevToolsPropertyDefaultsPostProcessor - For additional web related logging consider setting the 'logging.level.web' property to 'DEBUG'
2022-09-18_15-09-05 [restartedMain] INFO  o.s.d.r.c.RepositoryConfigurationDelegate - Bootstrapping Spring Data JPA repositories in DEFAULT mode.
2022-09-18_15-09-05 [restartedMain] INFO  o.s.d.r.c.RepositoryConfigurationDelegate - Finished Spring Data repository scanning in 85 ms. Found 2 JPA repository interfaces.
2022-09-18_15-09-05 [restartedMain] INFO  o.s.cloud.context.scope.GenericScope - BeanFactory id=2084a472-4de7-35bd-a2fb-6541df752803
2022-09-18_15-09-05 [restartedMain] INFO  o.s.b.w.e.tomcat.TomcatWebServer - Tomcat initialized with port(s): 8083 (http)
2022-09-18_15-09-05 [restartedMain] INFO  o.a.coyote.http11.Http11NioProtocol - Initializing ProtocolHandler ["http-nio-8083"]
2022-09-18_15-09-05 [restartedMain] INFO  o.a.catalina.core.StandardService - Starting service [Tomcat]
2022-09-18_15-09-05 [restartedMain] INFO  o.a.catalina.core.StandardEngine - Starting Servlet engine: [Apache Tomcat/9.0.65]
2022-09-18_15-09-05 [restartedMain] INFO  o.a.c.c.C.[.[.[/supplierapp] - Initializing Spring embedded WebApplicationContext
2022-09-18_15-09-05 [restartedMain] INFO  o.s.b.w.s.c.ServletWebServerApplicationContext - Root WebApplicationContext: initialization completed in 2758 ms
2022-09-18_15-09-05 [restartedMain] INFO  com.zaxxer.hikari.HikariDataSource - HikariPool-1 - Starting...
2022-09-18_15-09-05 [restartedMain] INFO  com.zaxxer.hikari.HikariDataSource - HikariPool-1 - Start completed.
2022-09-18_15-09-05 [restartedMain] INFO  o.s.b.a.h.H2ConsoleAutoConfiguration - H2 console available at '/h2-console'. Database available at 'jdbc:h2:mem:testdb'
2022-09-18_15-09-05 [restartedMain] INFO  o.h.jpa.internal.util.LogHelper - HHH000204: Processing PersistenceUnitInfo [name: default]
2022-09-18_15-09-05 [restartedMain] INFO  org.hibernate.Version - HHH000412: Hibernate ORM core version 5.6.10.Final
2022-09-18_15-09-05 [restartedMain] INFO  o.h.annotations.common.Version - HCANN000001: Hibernate Commons Annotations {5.1.2.Final}
2022-09-18_15-09-05 [restartedMain] INFO  org.hibernate.dialect.Dialect - HHH000400: Using dialect: org.hibernate.dialect.H2Dialect
2022-09-18_15-09-05 [restartedMain] INFO  o.h.e.t.j.p.i.JtaPlatformInitiator - HHH000490: Using JtaPlatform implementation: [org.hibernate.engine.transaction.jta.platform.internal.NoJtaPlatform]
2022-09-18_15-09-05 [restartedMain] INFO  o.s.o.j.LocalContainerEntityManagerFactoryBean - Initialized JPA EntityManagerFactory for persistence unit 'default'
2022-09-18_15-09-05 [restartedMain] INFO  o.a.coyote.http11.Http11NioProtocol - Starting ProtocolHandler ["http-nio-8083"]
2022-09-18_15-09-05 [restartedMain] INFO  o.s.b.w.e.tomcat.TomcatWebServer - Tomcat started on port(s): 8083 (http) with context path '/supplierapp'
2022-09-18_15-09-05 [restartedMain] INFO  com.project.Supplier.Application - Started Application in 7.317 seconds (JVM running for 8.15)
2022-09-18_15-09-05 [http-nio-8083-exec-1] INFO  o.a.c.c.C.[.[.[/supplierapp] - Initializing Spring DispatcherServlet 'dispatcherServlet'
2022-09-18_15-09-05 [http-nio-8083-exec-1] INFO  o.s.web.servlet.DispatcherServlet - Initializing Servlet 'dispatcherServlet'
2022-09-18_15-09-05 [http-nio-8083-exec-1] INFO  o.s.web.servlet.DispatcherServlet - Completed initialization in 4 ms
2022-09-18_15-09-05 [http-nio-8083-exec-5] INFO  c.p.S.controller.SupplierController - Inside addSupplier of SupplierController
2022-09-18_15-09-05 [http-nio-8083-exec-5] INFO  c.p.Supplier.service.SupplierService - Inside FindSupplierByPartId of Supplier Service
2022-09-18_15-09-05 [http-nio-8083-exec-5] INFO  c.p.Supplier.service.SupplierService - [Supplier Part details:]
2022-09-18_15-09-05 [http-nio-8083-exec-8] INFO  c.p.S.controller.SupplierController - Inside getSupplier of SupplierController
2022-09-18_15-09-05 [http-nio-8083-exec-8] INFO  c.p.Supplier.service.SupplierService - getSupplier of Supplier Service
2022-09-18_15-09-05 [http-nio-8083-exec-8] INFO  c.p.Supplier.service.SupplierService - [Supplier details:]
2022-09-18_15-09-05 [http-nio-8083-exec-10] INFO  c.p.S.controller.SupplierController - Inside getSupplier of SupplierController
2022-09-18_15-09-05 [http-nio-8083-exec-10] INFO  c.p.Supplier.service.SupplierService - getSupplier of Supplier Service
2022-09-18_15-09-05 [http-nio-8083-exec-10] INFO  c.p.Supplier.service.SupplierService - [Supplier details:]
2022-09-18_15-09-05 [http-nio-8083-exec-1] INFO  c.p.S.controller.SupplierController - Inside getSupplier of SupplierController
2022-09-18_15-09-05 [http-nio-8083-exec-1] INFO  c.p.Supplier.service.SupplierService - getSupplier of Supplier Service
2022-09-18_15-09-05 [http-nio-8083-exec-1] INFO  c.p.Supplier.service.SupplierService - [Supplier details:]
2022-09-18_15-09-05 [http-nio-8083-exec-2] INFO  c.p.S.controller.SupplierController - Inside getSupplier of SupplierController
2022-09-18_15-09-05 [http-nio-8083-exec-2] INFO  c.p.Supplier.service.SupplierService - getSupplier of Supplier Service
2022-09-18_15-09-05 [http-nio-8083-exec-2] INFO  c.p.Supplier.service.SupplierService - [Supplier details:]
2022-09-18_20-16-16 [restartedMain] INFO  com.project.Supplier.Application - Starting Application using Java 18.0.1.1 on DESKTOP-VT00VGQ with PID 4676 (C:\Users\HP\OneDrive\Documents\.cognizant\MFPE\testing mfpe\Supplier\target\classes started by HP in C:\Users\HP\OneDrive\Documents\.cognizant\MFPE\testing mfpe\Supplier)
2022-09-18_20-16-16 [restartedMain] INFO  com.project.Supplier.Application - No active profile set, falling back to 1 default profile: "default"
2022-09-18_20-16-16 [restartedMain] INFO  o.s.b.d.e.DevToolsPropertyDefaultsPostProcessor - Devtools property defaults active! Set 'spring.devtools.add-properties' to 'false' to disable
2022-09-18_20-16-16 [restartedMain] INFO  o.s.b.d.e.DevToolsPropertyDefaultsPostProcessor - For additional web related logging consider setting the 'logging.level.web' property to 'DEBUG'
2022-09-18_20-16-16 [restartedMain] INFO  o.s.d.r.c.RepositoryConfigurationDelegate - Bootstrapping Spring Data JPA repositories in DEFAULT mode.
2022-09-18_20-16-16 [restartedMain] INFO  o.s.d.r.c.RepositoryConfigurationDelegate - Finished Spring Data repository scanning in 72 ms. Found 2 JPA repository interfaces.
2022-09-18_20-16-16 [restartedMain] INFO  o.s.cloud.context.scope.GenericScope - BeanFactory id=2084a472-4de7-35bd-a2fb-6541df752803
2022-09-18_20-16-16 [restartedMain] INFO  o.s.b.w.e.tomcat.TomcatWebServer - Tomcat initialized with port(s): 8083 (http)
2022-09-18_20-16-16 [restartedMain] INFO  o.a.coyote.http11.Http11NioProtocol - Initializing ProtocolHandler ["http-nio-8083"]
2022-09-18_20-16-16 [restartedMain] INFO  o.a.catalina.core.StandardService - Starting service [Tomcat]
2022-09-18_20-16-16 [restartedMain] INFO  o.a.catalina.core.StandardEngine - Starting Servlet engine: [Apache Tomcat/9.0.65]
2022-09-18_20-16-16 [restartedMain] INFO  o.a.c.c.C.[.[.[/supplierapp] - Initializing Spring embedded WebApplicationContext
2022-09-18_20-16-16 [restartedMain] INFO  o.s.b.w.s.c.ServletWebServerApplicationContext - Root WebApplicationContext: initialization completed in 2619 ms
2022-09-18_20-16-16 [restartedMain] INFO  com.zaxxer.hikari.HikariDataSource - HikariPool-1 - Starting...
2022-09-18_20-16-16 [restartedMain] INFO  com.zaxxer.hikari.HikariDataSource - HikariPool-1 - Start completed.
2022-09-18_20-16-16 [restartedMain] INFO  o.s.b.a.h.H2ConsoleAutoConfiguration - H2 console available at '/h2-console'. Database available at 'jdbc:h2:mem:testdb'
2022-09-18_20-16-16 [restartedMain] INFO  o.h.jpa.internal.util.LogHelper - HHH000204: Processing PersistenceUnitInfo [name: default]
2022-09-18_20-16-16 [restartedMain] INFO  org.hibernate.Version - HHH000412: Hibernate ORM core version 5.6.10.Final
2022-09-18_20-16-16 [restartedMain] INFO  o.h.annotations.common.Version - HCANN000001: Hibernate Commons Annotations {5.1.2.Final}
2022-09-18_20-16-16 [restartedMain] INFO  org.hibernate.dialect.Dialect - HHH000400: Using dialect: org.hibernate.dialect.H2Dialect
2022-09-18_20-16-16 [restartedMain] INFO  o.h.e.t.j.p.i.JtaPlatformInitiator - HHH000490: Using JtaPlatform implementation: [org.hibernate.engine.transaction.jta.platform.internal.NoJtaPlatform]
2022-09-18_20-16-16 [restartedMain] INFO  o.s.o.j.LocalContainerEntityManagerFactoryBean - Initialized JPA EntityManagerFactory for persistence unit 'default'
2022-09-18_20-16-16 [restartedMain] INFO  o.a.coyote.http11.Http11NioProtocol - Starting ProtocolHandler ["http-nio-8083"]
2022-09-18_20-16-16 [restartedMain] INFO  o.s.b.w.e.tomcat.TomcatWebServer - Tomcat started on port(s): 8083 (http) with context path '/supplierapp'
2022-09-18_20-16-16 [restartedMain] INFO  com.project.Supplier.Application - Started Application in 7.302 seconds (JVM running for 8.055)
2022-09-18_20-16-16 [http-nio-8083-exec-1] INFO  o.a.c.c.C.[.[.[/supplierapp] - Initializing Spring DispatcherServlet 'dispatcherServlet'
2022-09-18_20-16-16 [http-nio-8083-exec-1] INFO  o.s.web.servlet.DispatcherServlet - Initializing Servlet 'dispatcherServlet'
2022-09-18_20-16-16 [http-nio-8083-exec-1] INFO  o.s.web.servlet.DispatcherServlet - Completed initialization in 3 ms
